[2025-08-02T20:55:41.146+0000] {processor.py:161} INFO - Started process (PID=5303) to work on /opt/airflow/dags/dit_uq_stage2.py
[2025-08-02T20:55:41.146+0000] {processor.py:830} INFO - Processing file /opt/airflow/dags/dit_uq_stage2.py for tasks to queue
[2025-08-02T20:55:41.147+0000] {logging_mixin.py:188} INFO - [2025-08-02T20:55:41.147+0000] {dagbag.py:538} INFO - Filling up the DagBag from /opt/airflow/dags/dit_uq_stage2.py
[2025-08-02T20:55:41.300+0000] {processor.py:840} INFO - DAG(s) 'dit_uq_stage2' retrieved from /opt/airflow/dags/dit_uq_stage2.py
[2025-08-02T20:55:41.328+0000] {logging_mixin.py:188} INFO - [2025-08-02T20:55:41.327+0000] {override.py:1769} INFO - Created Permission View: can edit on DAG:dit_uq_stage2
[2025-08-02T20:55:41.330+0000] {logging_mixin.py:188} INFO - [2025-08-02T20:55:41.330+0000] {override.py:1769} INFO - Created Permission View: can read on DAG:dit_uq_stage2
[2025-08-02T20:55:41.332+0000] {logging_mixin.py:188} INFO - [2025-08-02T20:55:41.332+0000] {override.py:1769} INFO - Created Permission View: can delete on DAG:dit_uq_stage2
[2025-08-02T20:55:41.332+0000] {logging_mixin.py:188} INFO - [2025-08-02T20:55:41.332+0000] {dag.py:3036} INFO - Sync 1 DAGs
[2025-08-02T20:55:41.335+0000] {logging_mixin.py:188} INFO - [2025-08-02T20:55:41.335+0000] {dag.py:3058} INFO - Creating ORM DAG for dit_uq_stage2
[2025-08-02T20:55:41.336+0000] {logging_mixin.py:188} INFO - [2025-08-02T20:55:41.335+0000] {dag.py:3823} INFO - Setting next_dagrun for dit_uq_stage2 to None, run_after=None
[2025-08-02T20:55:41.341+0000] {processor.py:183} INFO - Processing /opt/airflow/dags/dit_uq_stage2.py took 0.197 seconds
[2025-08-02T20:56:11.897+0000] {processor.py:161} INFO - Started process (PID=5365) to work on /opt/airflow/dags/dit_uq_stage2.py
[2025-08-02T20:56:11.898+0000] {processor.py:830} INFO - Processing file /opt/airflow/dags/dit_uq_stage2.py for tasks to queue
[2025-08-02T20:56:11.900+0000] {logging_mixin.py:188} INFO - [2025-08-02T20:56:11.899+0000] {dagbag.py:538} INFO - Filling up the DagBag from /opt/airflow/dags/dit_uq_stage2.py
[2025-08-02T20:56:12.028+0000] {processor.py:840} INFO - DAG(s) 'dit_uq_stage2' retrieved from /opt/airflow/dags/dit_uq_stage2.py
[2025-08-02T20:56:12.032+0000] {logging_mixin.py:188} INFO - [2025-08-02T20:56:12.031+0000] {dag.py:3036} INFO - Sync 1 DAGs
[2025-08-02T20:56:12.037+0000] {logging_mixin.py:188} INFO - [2025-08-02T20:56:12.037+0000] {dag.py:3823} INFO - Setting next_dagrun for dit_uq_stage2 to None, run_after=None
[2025-08-02T20:56:12.045+0000] {processor.py:183} INFO - Processing /opt/airflow/dags/dit_uq_stage2.py took 0.153 seconds
[2025-08-02T20:56:42.542+0000] {processor.py:161} INFO - Started process (PID=5427) to work on /opt/airflow/dags/dit_uq_stage2.py
[2025-08-02T20:56:42.544+0000] {processor.py:830} INFO - Processing file /opt/airflow/dags/dit_uq_stage2.py for tasks to queue
[2025-08-02T20:56:42.546+0000] {logging_mixin.py:188} INFO - [2025-08-02T20:56:42.546+0000] {dagbag.py:538} INFO - Filling up the DagBag from /opt/airflow/dags/dit_uq_stage2.py
[2025-08-02T20:56:42.658+0000] {processor.py:840} INFO - DAG(s) 'dit_uq_stage2' retrieved from /opt/airflow/dags/dit_uq_stage2.py
[2025-08-02T20:56:42.662+0000] {logging_mixin.py:188} INFO - [2025-08-02T20:56:42.661+0000] {dag.py:3036} INFO - Sync 1 DAGs
[2025-08-02T20:56:42.666+0000] {logging_mixin.py:188} INFO - [2025-08-02T20:56:42.666+0000] {dag.py:3823} INFO - Setting next_dagrun for dit_uq_stage2 to None, run_after=None
[2025-08-02T20:56:42.673+0000] {processor.py:183} INFO - Processing /opt/airflow/dags/dit_uq_stage2.py took 0.135 seconds
[2025-08-02T20:57:13.193+0000] {processor.py:161} INFO - Started process (PID=5489) to work on /opt/airflow/dags/dit_uq_stage2.py
[2025-08-02T20:57:13.194+0000] {processor.py:830} INFO - Processing file /opt/airflow/dags/dit_uq_stage2.py for tasks to queue
[2025-08-02T20:57:13.196+0000] {logging_mixin.py:188} INFO - [2025-08-02T20:57:13.196+0000] {dagbag.py:538} INFO - Filling up the DagBag from /opt/airflow/dags/dit_uq_stage2.py
[2025-08-02T20:57:13.299+0000] {processor.py:840} INFO - DAG(s) 'dit_uq_stage2' retrieved from /opt/airflow/dags/dit_uq_stage2.py
[2025-08-02T20:57:13.303+0000] {logging_mixin.py:188} INFO - [2025-08-02T20:57:13.302+0000] {dag.py:3036} INFO - Sync 1 DAGs
[2025-08-02T20:57:13.306+0000] {logging_mixin.py:188} INFO - [2025-08-02T20:57:13.306+0000] {dag.py:3823} INFO - Setting next_dagrun for dit_uq_stage2 to None, run_after=None
[2025-08-02T20:57:13.311+0000] {processor.py:183} INFO - Processing /opt/airflow/dags/dit_uq_stage2.py took 0.121 seconds
[2025-08-02T20:57:43.460+0000] {processor.py:161} INFO - Started process (PID=5551) to work on /opt/airflow/dags/dit_uq_stage2.py
[2025-08-02T20:57:43.461+0000] {processor.py:830} INFO - Processing file /opt/airflow/dags/dit_uq_stage2.py for tasks to queue
[2025-08-02T20:57:43.462+0000] {logging_mixin.py:188} INFO - [2025-08-02T20:57:43.461+0000] {dagbag.py:538} INFO - Filling up the DagBag from /opt/airflow/dags/dit_uq_stage2.py
[2025-08-02T20:57:43.564+0000] {processor.py:840} INFO - DAG(s) 'dit_uq_stage2' retrieved from /opt/airflow/dags/dit_uq_stage2.py
[2025-08-02T20:57:43.567+0000] {logging_mixin.py:188} INFO - [2025-08-02T20:57:43.567+0000] {dag.py:3036} INFO - Sync 1 DAGs
[2025-08-02T20:57:43.572+0000] {logging_mixin.py:188} INFO - [2025-08-02T20:57:43.572+0000] {dag.py:3823} INFO - Setting next_dagrun for dit_uq_stage2 to None, run_after=None
[2025-08-02T20:57:43.578+0000] {processor.py:183} INFO - Processing /opt/airflow/dags/dit_uq_stage2.py took 0.121 seconds
[2025-08-02T20:58:14.352+0000] {processor.py:161} INFO - Started process (PID=5613) to work on /opt/airflow/dags/dit_uq_stage2.py
[2025-08-02T20:58:14.354+0000] {processor.py:830} INFO - Processing file /opt/airflow/dags/dit_uq_stage2.py for tasks to queue
[2025-08-02T20:58:14.356+0000] {logging_mixin.py:188} INFO - [2025-08-02T20:58:14.355+0000] {dagbag.py:538} INFO - Filling up the DagBag from /opt/airflow/dags/dit_uq_stage2.py
[2025-08-02T20:58:14.470+0000] {processor.py:840} INFO - DAG(s) 'dit_uq_stage2' retrieved from /opt/airflow/dags/dit_uq_stage2.py
[2025-08-02T20:58:14.474+0000] {logging_mixin.py:188} INFO - [2025-08-02T20:58:14.473+0000] {dag.py:3036} INFO - Sync 1 DAGs
[2025-08-02T20:58:14.478+0000] {logging_mixin.py:188} INFO - [2025-08-02T20:58:14.478+0000] {dag.py:3823} INFO - Setting next_dagrun for dit_uq_stage2 to None, run_after=None
[2025-08-02T20:58:14.484+0000] {processor.py:183} INFO - Processing /opt/airflow/dags/dit_uq_stage2.py took 0.136 seconds
[2025-08-02T20:58:45.144+0000] {processor.py:161} INFO - Started process (PID=5675) to work on /opt/airflow/dags/dit_uq_stage2.py
[2025-08-02T20:58:45.145+0000] {processor.py:830} INFO - Processing file /opt/airflow/dags/dit_uq_stage2.py for tasks to queue
[2025-08-02T20:58:45.147+0000] {logging_mixin.py:188} INFO - [2025-08-02T20:58:45.147+0000] {dagbag.py:538} INFO - Filling up the DagBag from /opt/airflow/dags/dit_uq_stage2.py
[2025-08-02T20:58:45.263+0000] {processor.py:840} INFO - DAG(s) 'dit_uq_stage2' retrieved from /opt/airflow/dags/dit_uq_stage2.py
[2025-08-02T20:58:45.266+0000] {logging_mixin.py:188} INFO - [2025-08-02T20:58:45.266+0000] {dag.py:3036} INFO - Sync 1 DAGs
[2025-08-02T20:58:45.271+0000] {logging_mixin.py:188} INFO - [2025-08-02T20:58:45.270+0000] {dag.py:3823} INFO - Setting next_dagrun for dit_uq_stage2 to None, run_after=None
[2025-08-02T20:58:45.276+0000] {processor.py:183} INFO - Processing /opt/airflow/dags/dit_uq_stage2.py took 0.137 seconds
[2025-08-02T20:59:15.958+0000] {processor.py:161} INFO - Started process (PID=5737) to work on /opt/airflow/dags/dit_uq_stage2.py
[2025-08-02T20:59:15.959+0000] {processor.py:830} INFO - Processing file /opt/airflow/dags/dit_uq_stage2.py for tasks to queue
[2025-08-02T20:59:15.962+0000] {logging_mixin.py:188} INFO - [2025-08-02T20:59:15.962+0000] {dagbag.py:538} INFO - Filling up the DagBag from /opt/airflow/dags/dit_uq_stage2.py
[2025-08-02T20:59:16.089+0000] {processor.py:840} INFO - DAG(s) 'dit_uq_stage2' retrieved from /opt/airflow/dags/dit_uq_stage2.py
[2025-08-02T20:59:16.094+0000] {logging_mixin.py:188} INFO - [2025-08-02T20:59:16.094+0000] {dag.py:3036} INFO - Sync 1 DAGs
[2025-08-02T20:59:16.098+0000] {logging_mixin.py:188} INFO - [2025-08-02T20:59:16.098+0000] {dag.py:3823} INFO - Setting next_dagrun for dit_uq_stage2 to None, run_after=None
[2025-08-02T20:59:16.104+0000] {processor.py:183} INFO - Processing /opt/airflow/dags/dit_uq_stage2.py took 0.153 seconds
[2025-08-02T20:59:46.559+0000] {processor.py:161} INFO - Started process (PID=5799) to work on /opt/airflow/dags/dit_uq_stage2.py
[2025-08-02T20:59:46.560+0000] {processor.py:830} INFO - Processing file /opt/airflow/dags/dit_uq_stage2.py for tasks to queue
[2025-08-02T20:59:46.562+0000] {logging_mixin.py:188} INFO - [2025-08-02T20:59:46.562+0000] {dagbag.py:538} INFO - Filling up the DagBag from /opt/airflow/dags/dit_uq_stage2.py
[2025-08-02T20:59:46.674+0000] {processor.py:840} INFO - DAG(s) 'dit_uq_stage2' retrieved from /opt/airflow/dags/dit_uq_stage2.py
[2025-08-02T20:59:46.678+0000] {logging_mixin.py:188} INFO - [2025-08-02T20:59:46.677+0000] {dag.py:3036} INFO - Sync 1 DAGs
[2025-08-02T20:59:46.682+0000] {logging_mixin.py:188} INFO - [2025-08-02T20:59:46.681+0000] {dag.py:3823} INFO - Setting next_dagrun for dit_uq_stage2 to None, run_after=None
[2025-08-02T20:59:46.687+0000] {processor.py:183} INFO - Processing /opt/airflow/dags/dit_uq_stage2.py took 0.132 seconds
[2025-08-02T21:00:17.357+0000] {processor.py:161} INFO - Started process (PID=5861) to work on /opt/airflow/dags/dit_uq_stage2.py
[2025-08-02T21:00:17.359+0000] {processor.py:830} INFO - Processing file /opt/airflow/dags/dit_uq_stage2.py for tasks to queue
[2025-08-02T21:00:17.361+0000] {logging_mixin.py:188} INFO - [2025-08-02T21:00:17.360+0000] {dagbag.py:538} INFO - Filling up the DagBag from /opt/airflow/dags/dit_uq_stage2.py
[2025-08-02T21:00:17.490+0000] {processor.py:840} INFO - DAG(s) 'dit_uq_stage2' retrieved from /opt/airflow/dags/dit_uq_stage2.py
[2025-08-02T21:00:17.495+0000] {logging_mixin.py:188} INFO - [2025-08-02T21:00:17.495+0000] {dag.py:3036} INFO - Sync 1 DAGs
[2025-08-02T21:00:17.499+0000] {logging_mixin.py:188} INFO - [2025-08-02T21:00:17.499+0000] {dag.py:3823} INFO - Setting next_dagrun for dit_uq_stage2 to None, run_after=None
[2025-08-02T21:00:17.506+0000] {processor.py:183} INFO - Processing /opt/airflow/dags/dit_uq_stage2.py took 0.152 seconds
[2025-08-02T21:00:47.894+0000] {processor.py:161} INFO - Started process (PID=5923) to work on /opt/airflow/dags/dit_uq_stage2.py
[2025-08-02T21:00:47.895+0000] {processor.py:830} INFO - Processing file /opt/airflow/dags/dit_uq_stage2.py for tasks to queue
[2025-08-02T21:00:47.897+0000] {logging_mixin.py:188} INFO - [2025-08-02T21:00:47.896+0000] {dagbag.py:538} INFO - Filling up the DagBag from /opt/airflow/dags/dit_uq_stage2.py
[2025-08-02T21:00:48.000+0000] {processor.py:840} INFO - DAG(s) 'dit_uq_stage2' retrieved from /opt/airflow/dags/dit_uq_stage2.py
[2025-08-02T21:00:48.003+0000] {logging_mixin.py:188} INFO - [2025-08-02T21:00:48.003+0000] {dag.py:3036} INFO - Sync 1 DAGs
[2025-08-02T21:00:48.007+0000] {logging_mixin.py:188} INFO - [2025-08-02T21:00:48.007+0000] {dag.py:3823} INFO - Setting next_dagrun for dit_uq_stage2 to None, run_after=None
[2025-08-02T21:00:48.014+0000] {processor.py:183} INFO - Processing /opt/airflow/dags/dit_uq_stage2.py took 0.123 seconds
[2025-08-02T21:01:18.574+0000] {processor.py:161} INFO - Started process (PID=5985) to work on /opt/airflow/dags/dit_uq_stage2.py
[2025-08-02T21:01:18.575+0000] {processor.py:830} INFO - Processing file /opt/airflow/dags/dit_uq_stage2.py for tasks to queue
[2025-08-02T21:01:18.576+0000] {logging_mixin.py:188} INFO - [2025-08-02T21:01:18.576+0000] {dagbag.py:538} INFO - Filling up the DagBag from /opt/airflow/dags/dit_uq_stage2.py
[2025-08-02T21:01:18.689+0000] {processor.py:840} INFO - DAG(s) 'dit_uq_stage2' retrieved from /opt/airflow/dags/dit_uq_stage2.py
[2025-08-02T21:01:18.693+0000] {logging_mixin.py:188} INFO - [2025-08-02T21:01:18.693+0000] {dag.py:3036} INFO - Sync 1 DAGs
[2025-08-02T21:01:18.698+0000] {logging_mixin.py:188} INFO - [2025-08-02T21:01:18.698+0000] {dag.py:3823} INFO - Setting next_dagrun for dit_uq_stage2 to None, run_after=None
[2025-08-02T21:01:18.706+0000] {processor.py:183} INFO - Processing /opt/airflow/dags/dit_uq_stage2.py took 0.134 seconds
[2025-08-02T21:06:14.432+0000] {processor.py:161} INFO - Started process (PID=6053) to work on /opt/airflow/dags/dit_uq_stage2.py
[2025-08-02T21:06:14.433+0000] {processor.py:830} INFO - Processing file /opt/airflow/dags/dit_uq_stage2.py for tasks to queue
[2025-08-02T21:06:14.437+0000] {logging_mixin.py:188} INFO - [2025-08-02T21:06:14.436+0000] {dagbag.py:538} INFO - Filling up the DagBag from /opt/airflow/dags/dit_uq_stage2.py
[2025-08-02T21:06:14.784+0000] {processor.py:840} INFO - DAG(s) 'dit_uq_stage2' retrieved from /opt/airflow/dags/dit_uq_stage2.py
[2025-08-02T21:06:14.815+0000] {logging_mixin.py:188} INFO - [2025-08-02T21:06:14.813+0000] {dag.py:3036} INFO - Sync 1 DAGs
[2025-08-02T21:06:14.838+0000] {logging_mixin.py:188} INFO - [2025-08-02T21:06:14.838+0000] {dag.py:3823} INFO - Setting next_dagrun for dit_uq_stage2 to None, run_after=None
[2025-08-02T21:06:14.866+0000] {processor.py:183} INFO - Processing /opt/airflow/dags/dit_uq_stage2.py took 0.441 seconds
[2025-08-02T21:06:45.736+0000] {processor.py:161} INFO - Started process (PID=6115) to work on /opt/airflow/dags/dit_uq_stage2.py
[2025-08-02T21:06:45.737+0000] {processor.py:830} INFO - Processing file /opt/airflow/dags/dit_uq_stage2.py for tasks to queue
[2025-08-02T21:06:45.739+0000] {logging_mixin.py:188} INFO - [2025-08-02T21:06:45.739+0000] {dagbag.py:538} INFO - Filling up the DagBag from /opt/airflow/dags/dit_uq_stage2.py
[2025-08-02T21:06:45.916+0000] {processor.py:840} INFO - DAG(s) 'dit_uq_stage2' retrieved from /opt/airflow/dags/dit_uq_stage2.py
[2025-08-02T21:06:45.924+0000] {logging_mixin.py:188} INFO - [2025-08-02T21:06:45.923+0000] {dag.py:3036} INFO - Sync 1 DAGs
[2025-08-02T21:06:45.929+0000] {logging_mixin.py:188} INFO - [2025-08-02T21:06:45.929+0000] {dag.py:3823} INFO - Setting next_dagrun for dit_uq_stage2 to None, run_after=None
[2025-08-02T21:06:45.938+0000] {processor.py:183} INFO - Processing /opt/airflow/dags/dit_uq_stage2.py took 0.208 seconds
[2025-08-02T21:07:41.498+0000] {processor.py:161} INFO - Started process (PID=6177) to work on /opt/airflow/dags/dit_uq_stage2.py
[2025-08-02T21:07:41.500+0000] {processor.py:830} INFO - Processing file /opt/airflow/dags/dit_uq_stage2.py for tasks to queue
[2025-08-02T21:07:41.504+0000] {logging_mixin.py:188} INFO - [2025-08-02T21:07:41.503+0000] {dagbag.py:538} INFO - Filling up the DagBag from /opt/airflow/dags/dit_uq_stage2.py
[2025-08-02T21:07:41.642+0000] {processor.py:840} INFO - DAG(s) 'dit_uq_stage2' retrieved from /opt/airflow/dags/dit_uq_stage2.py
[2025-08-02T21:07:41.647+0000] {logging_mixin.py:188} INFO - [2025-08-02T21:07:41.647+0000] {dag.py:3036} INFO - Sync 1 DAGs
[2025-08-02T21:07:41.654+0000] {logging_mixin.py:188} INFO - [2025-08-02T21:07:41.654+0000] {dag.py:3823} INFO - Setting next_dagrun for dit_uq_stage2 to None, run_after=None
[2025-08-02T21:07:41.663+0000] {processor.py:183} INFO - Processing /opt/airflow/dags/dit_uq_stage2.py took 0.170 seconds
[2025-08-02T21:09:44.498+0000] {processor.py:161} INFO - Started process (PID=6239) to work on /opt/airflow/dags/dit_uq_stage2.py
[2025-08-02T21:09:44.499+0000] {processor.py:830} INFO - Processing file /opt/airflow/dags/dit_uq_stage2.py for tasks to queue
[2025-08-02T21:09:44.501+0000] {logging_mixin.py:188} INFO - [2025-08-02T21:09:44.501+0000] {dagbag.py:538} INFO - Filling up the DagBag from /opt/airflow/dags/dit_uq_stage2.py
[2025-08-02T21:09:44.652+0000] {processor.py:840} INFO - DAG(s) 'dit_uq_stage2' retrieved from /opt/airflow/dags/dit_uq_stage2.py
[2025-08-02T21:09:44.660+0000] {logging_mixin.py:188} INFO - [2025-08-02T21:09:44.660+0000] {dag.py:3036} INFO - Sync 1 DAGs
[2025-08-02T21:09:44.670+0000] {logging_mixin.py:188} INFO - [2025-08-02T21:09:44.670+0000] {dag.py:3823} INFO - Setting next_dagrun for dit_uq_stage2 to None, run_after=None
[2025-08-02T21:09:44.680+0000] {processor.py:183} INFO - Processing /opt/airflow/dags/dit_uq_stage2.py took 0.186 seconds
[2025-08-02T21:10:31.892+0000] {processor.py:161} INFO - Started process (PID=6301) to work on /opt/airflow/dags/dit_uq_stage2.py
[2025-08-02T21:10:31.893+0000] {processor.py:830} INFO - Processing file /opt/airflow/dags/dit_uq_stage2.py for tasks to queue
[2025-08-02T21:10:31.896+0000] {logging_mixin.py:188} INFO - [2025-08-02T21:10:31.895+0000] {dagbag.py:538} INFO - Filling up the DagBag from /opt/airflow/dags/dit_uq_stage2.py
[2025-08-02T21:10:32.071+0000] {processor.py:840} INFO - DAG(s) 'dit_uq_stage2' retrieved from /opt/airflow/dags/dit_uq_stage2.py
[2025-08-02T21:10:32.080+0000] {logging_mixin.py:188} INFO - [2025-08-02T21:10:32.079+0000] {dag.py:3036} INFO - Sync 1 DAGs
[2025-08-02T21:10:32.088+0000] {logging_mixin.py:188} INFO - [2025-08-02T21:10:32.088+0000] {dag.py:3823} INFO - Setting next_dagrun for dit_uq_stage2 to None, run_after=None
[2025-08-02T21:10:32.102+0000] {processor.py:183} INFO - Processing /opt/airflow/dags/dit_uq_stage2.py took 0.213 seconds
[2025-08-02T21:11:47.285+0000] {processor.py:161} INFO - Started process (PID=6361) to work on /opt/airflow/dags/dit_uq_stage2.py
[2025-08-02T21:11:47.285+0000] {processor.py:830} INFO - Processing file /opt/airflow/dags/dit_uq_stage2.py for tasks to queue
[2025-08-02T21:11:47.287+0000] {logging_mixin.py:188} INFO - [2025-08-02T21:11:47.287+0000] {dagbag.py:538} INFO - Filling up the DagBag from /opt/airflow/dags/dit_uq_stage2.py
[2025-08-02T21:11:47.408+0000] {processor.py:840} INFO - DAG(s) 'dit_uq_stage2' retrieved from /opt/airflow/dags/dit_uq_stage2.py
[2025-08-02T21:11:47.414+0000] {logging_mixin.py:188} INFO - [2025-08-02T21:11:47.413+0000] {dag.py:3036} INFO - Sync 1 DAGs
[2025-08-02T21:11:47.420+0000] {logging_mixin.py:188} INFO - [2025-08-02T21:11:47.419+0000] {dag.py:3823} INFO - Setting next_dagrun for dit_uq_stage2 to None, run_after=None
[2025-08-02T21:11:47.429+0000] {processor.py:183} INFO - Processing /opt/airflow/dags/dit_uq_stage2.py took 0.149 seconds
[2025-08-02T21:16:43.936+0000] {processor.py:161} INFO - Started process (PID=6419) to work on /opt/airflow/dags/dit_uq_stage2.py
[2025-08-02T21:16:43.942+0000] {processor.py:830} INFO - Processing file /opt/airflow/dags/dit_uq_stage2.py for tasks to queue
[2025-08-02T21:16:43.957+0000] {logging_mixin.py:188} INFO - [2025-08-02T21:16:43.956+0000] {dagbag.py:538} INFO - Filling up the DagBag from /opt/airflow/dags/dit_uq_stage2.py
[2025-08-02T21:16:44.333+0000] {processor.py:840} INFO - DAG(s) 'dit_uq_stage2' retrieved from /opt/airflow/dags/dit_uq_stage2.py
[2025-08-02T21:16:44.352+0000] {logging_mixin.py:188} INFO - [2025-08-02T21:16:44.351+0000] {dag.py:3036} INFO - Sync 1 DAGs
[2025-08-02T21:16:44.366+0000] {logging_mixin.py:188} INFO - [2025-08-02T21:16:44.366+0000] {dag.py:3823} INFO - Setting next_dagrun for dit_uq_stage2 to None, run_after=None
[2025-08-02T21:16:44.388+0000] {processor.py:183} INFO - Processing /opt/airflow/dags/dit_uq_stage2.py took 0.473 seconds
[2025-08-02T21:17:15.208+0000] {processor.py:161} INFO - Started process (PID=6487) to work on /opt/airflow/dags/dit_uq_stage2.py
[2025-08-02T21:17:15.210+0000] {processor.py:830} INFO - Processing file /opt/airflow/dags/dit_uq_stage2.py for tasks to queue
[2025-08-02T21:17:15.215+0000] {logging_mixin.py:188} INFO - [2025-08-02T21:17:15.215+0000] {dagbag.py:538} INFO - Filling up the DagBag from /opt/airflow/dags/dit_uq_stage2.py
[2025-08-02T21:17:15.420+0000] {processor.py:840} INFO - DAG(s) 'dit_uq_stage2' retrieved from /opt/airflow/dags/dit_uq_stage2.py
[2025-08-02T21:17:15.429+0000] {logging_mixin.py:188} INFO - [2025-08-02T21:17:15.429+0000] {dag.py:3036} INFO - Sync 1 DAGs
[2025-08-02T21:17:15.440+0000] {logging_mixin.py:188} INFO - [2025-08-02T21:17:15.439+0000] {dag.py:3823} INFO - Setting next_dagrun for dit_uq_stage2 to None, run_after=None
[2025-08-02T21:17:15.450+0000] {processor.py:183} INFO - Processing /opt/airflow/dags/dit_uq_stage2.py took 0.247 seconds
[2025-08-02T21:17:46.067+0000] {processor.py:161} INFO - Started process (PID=6549) to work on /opt/airflow/dags/dit_uq_stage2.py
[2025-08-02T21:17:46.069+0000] {processor.py:830} INFO - Processing file /opt/airflow/dags/dit_uq_stage2.py for tasks to queue
[2025-08-02T21:17:46.072+0000] {logging_mixin.py:188} INFO - [2025-08-02T21:17:46.072+0000] {dagbag.py:538} INFO - Filling up the DagBag from /opt/airflow/dags/dit_uq_stage2.py
[2025-08-02T21:17:46.182+0000] {processor.py:840} INFO - DAG(s) 'dit_uq_stage2' retrieved from /opt/airflow/dags/dit_uq_stage2.py
[2025-08-02T21:17:46.187+0000] {logging_mixin.py:188} INFO - [2025-08-02T21:17:46.187+0000] {dag.py:3036} INFO - Sync 1 DAGs
[2025-08-02T21:17:46.194+0000] {logging_mixin.py:188} INFO - [2025-08-02T21:17:46.194+0000] {dag.py:3823} INFO - Setting next_dagrun for dit_uq_stage2 to None, run_after=None
[2025-08-02T21:17:46.202+0000] {processor.py:183} INFO - Processing /opt/airflow/dags/dit_uq_stage2.py took 0.139 seconds
[2025-08-02T21:18:16.570+0000] {processor.py:161} INFO - Started process (PID=6611) to work on /opt/airflow/dags/dit_uq_stage2.py
[2025-08-02T21:18:16.572+0000] {processor.py:830} INFO - Processing file /opt/airflow/dags/dit_uq_stage2.py for tasks to queue
[2025-08-02T21:18:16.575+0000] {logging_mixin.py:188} INFO - [2025-08-02T21:18:16.574+0000] {dagbag.py:538} INFO - Filling up the DagBag from /opt/airflow/dags/dit_uq_stage2.py
[2025-08-02T21:18:16.687+0000] {processor.py:840} INFO - DAG(s) 'dit_uq_stage2' retrieved from /opt/airflow/dags/dit_uq_stage2.py
[2025-08-02T21:18:16.692+0000] {logging_mixin.py:188} INFO - [2025-08-02T21:18:16.692+0000] {dag.py:3036} INFO - Sync 1 DAGs
[2025-08-02T21:18:16.696+0000] {logging_mixin.py:188} INFO - [2025-08-02T21:18:16.696+0000] {dag.py:3823} INFO - Setting next_dagrun for dit_uq_stage2 to None, run_after=None
[2025-08-02T21:18:16.704+0000] {processor.py:183} INFO - Processing /opt/airflow/dags/dit_uq_stage2.py took 0.138 seconds
[2025-08-02T21:18:47.134+0000] {processor.py:161} INFO - Started process (PID=6673) to work on /opt/airflow/dags/dit_uq_stage2.py
[2025-08-02T21:18:47.136+0000] {processor.py:830} INFO - Processing file /opt/airflow/dags/dit_uq_stage2.py for tasks to queue
[2025-08-02T21:18:47.140+0000] {logging_mixin.py:188} INFO - [2025-08-02T21:18:47.139+0000] {dagbag.py:538} INFO - Filling up the DagBag from /opt/airflow/dags/dit_uq_stage2.py
[2025-08-02T21:18:47.320+0000] {processor.py:840} INFO - DAG(s) 'dit_uq_stage2' retrieved from /opt/airflow/dags/dit_uq_stage2.py
[2025-08-02T21:18:47.327+0000] {logging_mixin.py:188} INFO - [2025-08-02T21:18:47.327+0000] {dag.py:3036} INFO - Sync 1 DAGs
[2025-08-02T21:18:47.333+0000] {logging_mixin.py:188} INFO - [2025-08-02T21:18:47.333+0000] {dag.py:3823} INFO - Setting next_dagrun for dit_uq_stage2 to None, run_after=None
[2025-08-02T21:18:47.344+0000] {processor.py:183} INFO - Processing /opt/airflow/dags/dit_uq_stage2.py took 0.226 seconds
[2025-08-02T21:19:17.837+0000] {processor.py:161} INFO - Started process (PID=6735) to work on /opt/airflow/dags/dit_uq_stage2.py
[2025-08-02T21:19:17.839+0000] {processor.py:830} INFO - Processing file /opt/airflow/dags/dit_uq_stage2.py for tasks to queue
[2025-08-02T21:19:17.841+0000] {logging_mixin.py:188} INFO - [2025-08-02T21:19:17.841+0000] {dagbag.py:538} INFO - Filling up the DagBag from /opt/airflow/dags/dit_uq_stage2.py
[2025-08-02T21:19:17.958+0000] {processor.py:840} INFO - DAG(s) 'dit_uq_stage2' retrieved from /opt/airflow/dags/dit_uq_stage2.py
[2025-08-02T21:19:17.962+0000] {logging_mixin.py:188} INFO - [2025-08-02T21:19:17.962+0000] {dag.py:3036} INFO - Sync 1 DAGs
[2025-08-02T21:19:17.967+0000] {logging_mixin.py:188} INFO - [2025-08-02T21:19:17.967+0000] {dag.py:3823} INFO - Setting next_dagrun for dit_uq_stage2 to None, run_after=None
[2025-08-02T21:19:17.977+0000] {processor.py:183} INFO - Processing /opt/airflow/dags/dit_uq_stage2.py took 0.144 seconds
[2025-08-02T21:19:48.492+0000] {processor.py:161} INFO - Started process (PID=6797) to work on /opt/airflow/dags/dit_uq_stage2.py
[2025-08-02T21:19:48.494+0000] {processor.py:830} INFO - Processing file /opt/airflow/dags/dit_uq_stage2.py for tasks to queue
[2025-08-02T21:19:48.497+0000] {logging_mixin.py:188} INFO - [2025-08-02T21:19:48.497+0000] {dagbag.py:538} INFO - Filling up the DagBag from /opt/airflow/dags/dit_uq_stage2.py
[2025-08-02T21:19:48.617+0000] {processor.py:840} INFO - DAG(s) 'dit_uq_stage2' retrieved from /opt/airflow/dags/dit_uq_stage2.py
[2025-08-02T21:19:48.623+0000] {logging_mixin.py:188} INFO - [2025-08-02T21:19:48.622+0000] {dag.py:3036} INFO - Sync 1 DAGs
[2025-08-02T21:19:48.629+0000] {logging_mixin.py:188} INFO - [2025-08-02T21:19:48.628+0000] {dag.py:3823} INFO - Setting next_dagrun for dit_uq_stage2 to None, run_after=None
[2025-08-02T21:19:48.636+0000] {processor.py:183} INFO - Processing /opt/airflow/dags/dit_uq_stage2.py took 0.147 seconds
[2025-08-02T21:20:19.078+0000] {processor.py:161} INFO - Started process (PID=6859) to work on /opt/airflow/dags/dit_uq_stage2.py
[2025-08-02T21:20:19.080+0000] {processor.py:830} INFO - Processing file /opt/airflow/dags/dit_uq_stage2.py for tasks to queue
[2025-08-02T21:20:19.083+0000] {logging_mixin.py:188} INFO - [2025-08-02T21:20:19.082+0000] {dagbag.py:538} INFO - Filling up the DagBag from /opt/airflow/dags/dit_uq_stage2.py
[2025-08-02T21:20:19.238+0000] {processor.py:840} INFO - DAG(s) 'dit_uq_stage2' retrieved from /opt/airflow/dags/dit_uq_stage2.py
[2025-08-02T21:20:19.245+0000] {logging_mixin.py:188} INFO - [2025-08-02T21:20:19.245+0000] {dag.py:3036} INFO - Sync 1 DAGs
[2025-08-02T21:20:19.254+0000] {logging_mixin.py:188} INFO - [2025-08-02T21:20:19.254+0000] {dag.py:3823} INFO - Setting next_dagrun for dit_uq_stage2 to None, run_after=None
[2025-08-02T21:20:19.270+0000] {processor.py:183} INFO - Processing /opt/airflow/dags/dit_uq_stage2.py took 0.218 seconds
[2025-08-02T21:20:49.849+0000] {processor.py:161} INFO - Started process (PID=6921) to work on /opt/airflow/dags/dit_uq_stage2.py
[2025-08-02T21:20:49.852+0000] {processor.py:830} INFO - Processing file /opt/airflow/dags/dit_uq_stage2.py for tasks to queue
[2025-08-02T21:20:49.855+0000] {logging_mixin.py:188} INFO - [2025-08-02T21:20:49.855+0000] {dagbag.py:538} INFO - Filling up the DagBag from /opt/airflow/dags/dit_uq_stage2.py
[2025-08-02T21:20:49.968+0000] {processor.py:840} INFO - DAG(s) 'dit_uq_stage2' retrieved from /opt/airflow/dags/dit_uq_stage2.py
[2025-08-02T21:20:49.972+0000] {logging_mixin.py:188} INFO - [2025-08-02T21:20:49.972+0000] {dag.py:3036} INFO - Sync 1 DAGs
[2025-08-02T21:20:49.978+0000] {logging_mixin.py:188} INFO - [2025-08-02T21:20:49.977+0000] {dag.py:3823} INFO - Setting next_dagrun for dit_uq_stage2 to None, run_after=None
[2025-08-02T21:20:50.055+0000] {processor.py:183} INFO - Processing /opt/airflow/dags/dit_uq_stage2.py took 0.210 seconds
[2025-08-02T21:21:20.543+0000] {processor.py:161} INFO - Started process (PID=6983) to work on /opt/airflow/dags/dit_uq_stage2.py
[2025-08-02T21:21:20.546+0000] {processor.py:830} INFO - Processing file /opt/airflow/dags/dit_uq_stage2.py for tasks to queue
[2025-08-02T21:21:20.550+0000] {logging_mixin.py:188} INFO - [2025-08-02T21:21:20.550+0000] {dagbag.py:538} INFO - Filling up the DagBag from /opt/airflow/dags/dit_uq_stage2.py
[2025-08-02T21:21:20.698+0000] {processor.py:840} INFO - DAG(s) 'dit_uq_stage2' retrieved from /opt/airflow/dags/dit_uq_stage2.py
[2025-08-02T21:21:20.787+0000] {logging_mixin.py:188} INFO - [2025-08-02T21:21:20.787+0000] {dag.py:3036} INFO - Sync 1 DAGs
[2025-08-02T21:21:20.791+0000] {logging_mixin.py:188} INFO - [2025-08-02T21:21:20.791+0000] {dag.py:3823} INFO - Setting next_dagrun for dit_uq_stage2 to None, run_after=None
[2025-08-02T21:21:20.797+0000] {processor.py:183} INFO - Processing /opt/airflow/dags/dit_uq_stage2.py took 0.260 seconds
[2025-08-02T21:21:51.228+0000] {processor.py:161} INFO - Started process (PID=7045) to work on /opt/airflow/dags/dit_uq_stage2.py
[2025-08-02T21:21:51.231+0000] {processor.py:830} INFO - Processing file /opt/airflow/dags/dit_uq_stage2.py for tasks to queue
[2025-08-02T21:21:51.233+0000] {logging_mixin.py:188} INFO - [2025-08-02T21:21:51.232+0000] {dagbag.py:538} INFO - Filling up the DagBag from /opt/airflow/dags/dit_uq_stage2.py
[2025-08-02T21:21:51.441+0000] {processor.py:840} INFO - DAG(s) 'dit_uq_stage2' retrieved from /opt/airflow/dags/dit_uq_stage2.py
[2025-08-02T21:21:51.445+0000] {logging_mixin.py:188} INFO - [2025-08-02T21:21:51.445+0000] {dag.py:3036} INFO - Sync 1 DAGs
[2025-08-02T21:21:51.449+0000] {logging_mixin.py:188} INFO - [2025-08-02T21:21:51.449+0000] {dag.py:3823} INFO - Setting next_dagrun for dit_uq_stage2 to None, run_after=None
[2025-08-02T21:21:51.457+0000] {processor.py:183} INFO - Processing /opt/airflow/dags/dit_uq_stage2.py took 0.233 seconds
[2025-08-02T21:22:21.976+0000] {processor.py:161} INFO - Started process (PID=7107) to work on /opt/airflow/dags/dit_uq_stage2.py
[2025-08-02T21:22:21.977+0000] {processor.py:830} INFO - Processing file /opt/airflow/dags/dit_uq_stage2.py for tasks to queue
[2025-08-02T21:22:21.980+0000] {logging_mixin.py:188} INFO - [2025-08-02T21:22:21.980+0000] {dagbag.py:538} INFO - Filling up the DagBag from /opt/airflow/dags/dit_uq_stage2.py
[2025-08-02T21:22:22.324+0000] {processor.py:840} INFO - DAG(s) 'dit_uq_stage2' retrieved from /opt/airflow/dags/dit_uq_stage2.py
[2025-08-02T21:22:22.329+0000] {logging_mixin.py:188} INFO - [2025-08-02T21:22:22.329+0000] {dag.py:3036} INFO - Sync 1 DAGs
[2025-08-02T21:22:22.333+0000] {logging_mixin.py:188} INFO - [2025-08-02T21:22:22.333+0000] {dag.py:3823} INFO - Setting next_dagrun for dit_uq_stage2 to None, run_after=None
[2025-08-02T21:22:22.342+0000] {processor.py:183} INFO - Processing /opt/airflow/dags/dit_uq_stage2.py took 0.374 seconds
[2025-08-02T21:22:52.875+0000] {processor.py:161} INFO - Started process (PID=7169) to work on /opt/airflow/dags/dit_uq_stage2.py
[2025-08-02T21:22:52.876+0000] {processor.py:830} INFO - Processing file /opt/airflow/dags/dit_uq_stage2.py for tasks to queue
[2025-08-02T21:22:52.879+0000] {logging_mixin.py:188} INFO - [2025-08-02T21:22:52.879+0000] {dagbag.py:538} INFO - Filling up the DagBag from /opt/airflow/dags/dit_uq_stage2.py
[2025-08-02T21:22:53.177+0000] {processor.py:840} INFO - DAG(s) 'dit_uq_stage2' retrieved from /opt/airflow/dags/dit_uq_stage2.py
[2025-08-02T21:22:53.181+0000] {logging_mixin.py:188} INFO - [2025-08-02T21:22:53.180+0000] {dag.py:3036} INFO - Sync 1 DAGs
[2025-08-02T21:22:53.185+0000] {logging_mixin.py:188} INFO - [2025-08-02T21:22:53.184+0000] {dag.py:3823} INFO - Setting next_dagrun for dit_uq_stage2 to None, run_after=None
[2025-08-02T21:22:53.193+0000] {processor.py:183} INFO - Processing /opt/airflow/dags/dit_uq_stage2.py took 0.325 seconds
[2025-08-02T21:23:23.621+0000] {processor.py:161} INFO - Started process (PID=7231) to work on /opt/airflow/dags/dit_uq_stage2.py
[2025-08-02T21:23:23.622+0000] {processor.py:830} INFO - Processing file /opt/airflow/dags/dit_uq_stage2.py for tasks to queue
[2025-08-02T21:23:23.626+0000] {logging_mixin.py:188} INFO - [2025-08-02T21:23:23.626+0000] {dagbag.py:538} INFO - Filling up the DagBag from /opt/airflow/dags/dit_uq_stage2.py
[2025-08-02T21:23:23.954+0000] {processor.py:840} INFO - DAG(s) 'dit_uq_stage2' retrieved from /opt/airflow/dags/dit_uq_stage2.py
[2025-08-02T21:23:23.960+0000] {logging_mixin.py:188} INFO - [2025-08-02T21:23:23.960+0000] {dag.py:3036} INFO - Sync 1 DAGs
[2025-08-02T21:23:23.966+0000] {logging_mixin.py:188} INFO - [2025-08-02T21:23:23.965+0000] {dag.py:3823} INFO - Setting next_dagrun for dit_uq_stage2 to None, run_after=None
[2025-08-02T21:23:23.977+0000] {processor.py:183} INFO - Processing /opt/airflow/dags/dit_uq_stage2.py took 0.364 seconds
[2025-08-02T21:23:54.717+0000] {processor.py:161} INFO - Started process (PID=7293) to work on /opt/airflow/dags/dit_uq_stage2.py
[2025-08-02T21:23:54.718+0000] {processor.py:830} INFO - Processing file /opt/airflow/dags/dit_uq_stage2.py for tasks to queue
[2025-08-02T21:23:54.720+0000] {logging_mixin.py:188} INFO - [2025-08-02T21:23:54.720+0000] {dagbag.py:538} INFO - Filling up the DagBag from /opt/airflow/dags/dit_uq_stage2.py
[2025-08-02T21:23:55.056+0000] {processor.py:840} INFO - DAG(s) 'dit_uq_stage2' retrieved from /opt/airflow/dags/dit_uq_stage2.py
[2025-08-02T21:23:55.062+0000] {logging_mixin.py:188} INFO - [2025-08-02T21:23:55.062+0000] {dag.py:3036} INFO - Sync 1 DAGs
[2025-08-02T21:23:55.068+0000] {logging_mixin.py:188} INFO - [2025-08-02T21:23:55.068+0000] {dag.py:3823} INFO - Setting next_dagrun for dit_uq_stage2 to None, run_after=None
[2025-08-02T21:23:55.075+0000] {processor.py:183} INFO - Processing /opt/airflow/dags/dit_uq_stage2.py took 0.362 seconds
[2025-08-02T21:24:25.565+0000] {processor.py:161} INFO - Started process (PID=7355) to work on /opt/airflow/dags/dit_uq_stage2.py
[2025-08-02T21:24:25.567+0000] {processor.py:830} INFO - Processing file /opt/airflow/dags/dit_uq_stage2.py for tasks to queue
[2025-08-02T21:24:25.570+0000] {logging_mixin.py:188} INFO - [2025-08-02T21:24:25.570+0000] {dagbag.py:538} INFO - Filling up the DagBag from /opt/airflow/dags/dit_uq_stage2.py
[2025-08-02T21:24:25.892+0000] {processor.py:840} INFO - DAG(s) 'dit_uq_stage2' retrieved from /opt/airflow/dags/dit_uq_stage2.py
[2025-08-02T21:24:25.897+0000] {logging_mixin.py:188} INFO - [2025-08-02T21:24:25.897+0000] {dag.py:3036} INFO - Sync 1 DAGs
[2025-08-02T21:24:25.903+0000] {logging_mixin.py:188} INFO - [2025-08-02T21:24:25.903+0000] {dag.py:3823} INFO - Setting next_dagrun for dit_uq_stage2 to None, run_after=None
[2025-08-02T21:24:25.909+0000] {processor.py:183} INFO - Processing /opt/airflow/dags/dit_uq_stage2.py took 0.350 seconds
[2025-08-02T21:24:56.484+0000] {processor.py:161} INFO - Started process (PID=7417) to work on /opt/airflow/dags/dit_uq_stage2.py
[2025-08-02T21:24:56.487+0000] {processor.py:830} INFO - Processing file /opt/airflow/dags/dit_uq_stage2.py for tasks to queue
[2025-08-02T21:24:56.491+0000] {logging_mixin.py:188} INFO - [2025-08-02T21:24:56.491+0000] {dagbag.py:538} INFO - Filling up the DagBag from /opt/airflow/dags/dit_uq_stage2.py
[2025-08-02T21:24:56.863+0000] {processor.py:840} INFO - DAG(s) 'dit_uq_stage2' retrieved from /opt/airflow/dags/dit_uq_stage2.py
[2025-08-02T21:24:56.867+0000] {logging_mixin.py:188} INFO - [2025-08-02T21:24:56.867+0000] {dag.py:3036} INFO - Sync 1 DAGs
[2025-08-02T21:24:56.873+0000] {logging_mixin.py:188} INFO - [2025-08-02T21:24:56.873+0000] {dag.py:3823} INFO - Setting next_dagrun for dit_uq_stage2 to None, run_after=None
[2025-08-02T21:24:56.883+0000] {processor.py:183} INFO - Processing /opt/airflow/dags/dit_uq_stage2.py took 0.405 seconds
[2025-08-02T21:25:27.433+0000] {processor.py:161} INFO - Started process (PID=7479) to work on /opt/airflow/dags/dit_uq_stage2.py
[2025-08-02T21:25:27.435+0000] {processor.py:830} INFO - Processing file /opt/airflow/dags/dit_uq_stage2.py for tasks to queue
[2025-08-02T21:25:27.438+0000] {logging_mixin.py:188} INFO - [2025-08-02T21:25:27.437+0000] {dagbag.py:538} INFO - Filling up the DagBag from /opt/airflow/dags/dit_uq_stage2.py
[2025-08-02T21:25:27.667+0000] {processor.py:840} INFO - DAG(s) 'dit_uq_stage2' retrieved from /opt/airflow/dags/dit_uq_stage2.py
[2025-08-02T21:25:27.671+0000] {logging_mixin.py:188} INFO - [2025-08-02T21:25:27.671+0000] {dag.py:3036} INFO - Sync 1 DAGs
[2025-08-02T21:25:27.675+0000] {logging_mixin.py:188} INFO - [2025-08-02T21:25:27.675+0000] {dag.py:3823} INFO - Setting next_dagrun for dit_uq_stage2 to None, run_after=None
[2025-08-02T21:25:27.683+0000] {processor.py:183} INFO - Processing /opt/airflow/dags/dit_uq_stage2.py took 0.257 seconds
[2025-08-02T21:25:58.140+0000] {processor.py:161} INFO - Started process (PID=7541) to work on /opt/airflow/dags/dit_uq_stage2.py
[2025-08-02T21:25:58.142+0000] {processor.py:830} INFO - Processing file /opt/airflow/dags/dit_uq_stage2.py for tasks to queue
[2025-08-02T21:25:58.143+0000] {logging_mixin.py:188} INFO - [2025-08-02T21:25:58.143+0000] {dagbag.py:538} INFO - Filling up the DagBag from /opt/airflow/dags/dit_uq_stage2.py
[2025-08-02T21:25:58.407+0000] {processor.py:840} INFO - DAG(s) 'dit_uq_stage2' retrieved from /opt/airflow/dags/dit_uq_stage2.py
[2025-08-02T21:25:58.411+0000] {logging_mixin.py:188} INFO - [2025-08-02T21:25:58.411+0000] {dag.py:3036} INFO - Sync 1 DAGs
[2025-08-02T21:25:58.415+0000] {logging_mixin.py:188} INFO - [2025-08-02T21:25:58.415+0000] {dag.py:3823} INFO - Setting next_dagrun for dit_uq_stage2 to None, run_after=None
[2025-08-02T21:25:58.423+0000] {processor.py:183} INFO - Processing /opt/airflow/dags/dit_uq_stage2.py took 0.286 seconds
[2025-08-02T21:26:28.971+0000] {processor.py:161} INFO - Started process (PID=7603) to work on /opt/airflow/dags/dit_uq_stage2.py
[2025-08-02T21:26:28.975+0000] {processor.py:830} INFO - Processing file /opt/airflow/dags/dit_uq_stage2.py for tasks to queue
[2025-08-02T21:26:28.980+0000] {logging_mixin.py:188} INFO - [2025-08-02T21:26:28.980+0000] {dagbag.py:538} INFO - Filling up the DagBag from /opt/airflow/dags/dit_uq_stage2.py
[2025-08-02T21:26:29.330+0000] {processor.py:840} INFO - DAG(s) 'dit_uq_stage2' retrieved from /opt/airflow/dags/dit_uq_stage2.py
[2025-08-02T21:26:29.335+0000] {logging_mixin.py:188} INFO - [2025-08-02T21:26:29.335+0000] {dag.py:3036} INFO - Sync 1 DAGs
[2025-08-02T21:26:29.340+0000] {logging_mixin.py:188} INFO - [2025-08-02T21:26:29.340+0000] {dag.py:3823} INFO - Setting next_dagrun for dit_uq_stage2 to None, run_after=None
[2025-08-02T21:26:29.349+0000] {processor.py:183} INFO - Processing /opt/airflow/dags/dit_uq_stage2.py took 0.385 seconds
[2025-08-02T21:26:59.883+0000] {processor.py:161} INFO - Started process (PID=7665) to work on /opt/airflow/dags/dit_uq_stage2.py
[2025-08-02T21:26:59.885+0000] {processor.py:830} INFO - Processing file /opt/airflow/dags/dit_uq_stage2.py for tasks to queue
[2025-08-02T21:26:59.889+0000] {logging_mixin.py:188} INFO - [2025-08-02T21:26:59.888+0000] {dagbag.py:538} INFO - Filling up the DagBag from /opt/airflow/dags/dit_uq_stage2.py
[2025-08-02T21:27:00.211+0000] {processor.py:840} INFO - DAG(s) 'dit_uq_stage2' retrieved from /opt/airflow/dags/dit_uq_stage2.py
[2025-08-02T21:27:00.216+0000] {logging_mixin.py:188} INFO - [2025-08-02T21:27:00.216+0000] {dag.py:3036} INFO - Sync 1 DAGs
[2025-08-02T21:27:00.220+0000] {logging_mixin.py:188} INFO - [2025-08-02T21:27:00.220+0000] {dag.py:3823} INFO - Setting next_dagrun for dit_uq_stage2 to None, run_after=None
[2025-08-02T21:27:00.227+0000] {processor.py:183} INFO - Processing /opt/airflow/dags/dit_uq_stage2.py took 0.354 seconds
[2025-08-02T21:27:30.878+0000] {processor.py:161} INFO - Started process (PID=7727) to work on /opt/airflow/dags/dit_uq_stage2.py
[2025-08-02T21:27:30.880+0000] {processor.py:830} INFO - Processing file /opt/airflow/dags/dit_uq_stage2.py for tasks to queue
[2025-08-02T21:27:30.883+0000] {logging_mixin.py:188} INFO - [2025-08-02T21:27:30.883+0000] {dagbag.py:538} INFO - Filling up the DagBag from /opt/airflow/dags/dit_uq_stage2.py
[2025-08-02T21:27:31.095+0000] {processor.py:840} INFO - DAG(s) 'dit_uq_stage2' retrieved from /opt/airflow/dags/dit_uq_stage2.py
[2025-08-02T21:27:31.099+0000] {logging_mixin.py:188} INFO - [2025-08-02T21:27:31.099+0000] {dag.py:3036} INFO - Sync 1 DAGs
[2025-08-02T21:27:31.106+0000] {logging_mixin.py:188} INFO - [2025-08-02T21:27:31.106+0000] {dag.py:3823} INFO - Setting next_dagrun for dit_uq_stage2 to None, run_after=None
[2025-08-02T21:27:31.114+0000] {processor.py:183} INFO - Processing /opt/airflow/dags/dit_uq_stage2.py took 0.242 seconds
[2025-08-02T21:28:01.678+0000] {processor.py:161} INFO - Started process (PID=7789) to work on /opt/airflow/dags/dit_uq_stage2.py
[2025-08-02T21:28:01.680+0000] {processor.py:830} INFO - Processing file /opt/airflow/dags/dit_uq_stage2.py for tasks to queue
[2025-08-02T21:28:01.682+0000] {logging_mixin.py:188} INFO - [2025-08-02T21:28:01.681+0000] {dagbag.py:538} INFO - Filling up the DagBag from /opt/airflow/dags/dit_uq_stage2.py
[2025-08-02T21:28:01.903+0000] {processor.py:840} INFO - DAG(s) 'dit_uq_stage2' retrieved from /opt/airflow/dags/dit_uq_stage2.py
[2025-08-02T21:28:01.908+0000] {logging_mixin.py:188} INFO - [2025-08-02T21:28:01.908+0000] {dag.py:3036} INFO - Sync 1 DAGs
[2025-08-02T21:28:01.913+0000] {logging_mixin.py:188} INFO - [2025-08-02T21:28:01.912+0000] {dag.py:3823} INFO - Setting next_dagrun for dit_uq_stage2 to None, run_after=None
[2025-08-02T21:28:01.919+0000] {processor.py:183} INFO - Processing /opt/airflow/dags/dit_uq_stage2.py took 0.244 seconds
[2025-08-02T21:28:32.335+0000] {processor.py:161} INFO - Started process (PID=7851) to work on /opt/airflow/dags/dit_uq_stage2.py
[2025-08-02T21:28:32.336+0000] {processor.py:830} INFO - Processing file /opt/airflow/dags/dit_uq_stage2.py for tasks to queue
[2025-08-02T21:28:32.338+0000] {logging_mixin.py:188} INFO - [2025-08-02T21:28:32.338+0000] {dagbag.py:538} INFO - Filling up the DagBag from /opt/airflow/dags/dit_uq_stage2.py
[2025-08-02T21:28:32.550+0000] {processor.py:840} INFO - DAG(s) 'dit_uq_stage2' retrieved from /opt/airflow/dags/dit_uq_stage2.py
[2025-08-02T21:28:32.554+0000] {logging_mixin.py:188} INFO - [2025-08-02T21:28:32.554+0000] {dag.py:3036} INFO - Sync 1 DAGs
[2025-08-02T21:28:32.558+0000] {logging_mixin.py:188} INFO - [2025-08-02T21:28:32.558+0000] {dag.py:3823} INFO - Setting next_dagrun for dit_uq_stage2 to None, run_after=None
[2025-08-02T21:28:32.565+0000] {processor.py:183} INFO - Processing /opt/airflow/dags/dit_uq_stage2.py took 0.234 seconds
[2025-08-02T21:29:03.079+0000] {processor.py:161} INFO - Started process (PID=7913) to work on /opt/airflow/dags/dit_uq_stage2.py
[2025-08-02T21:29:03.080+0000] {processor.py:830} INFO - Processing file /opt/airflow/dags/dit_uq_stage2.py for tasks to queue
[2025-08-02T21:29:03.082+0000] {logging_mixin.py:188} INFO - [2025-08-02T21:29:03.082+0000] {dagbag.py:538} INFO - Filling up the DagBag from /opt/airflow/dags/dit_uq_stage2.py
[2025-08-02T21:29:03.266+0000] {processor.py:840} INFO - DAG(s) 'dit_uq_stage2' retrieved from /opt/airflow/dags/dit_uq_stage2.py
[2025-08-02T21:29:03.271+0000] {logging_mixin.py:188} INFO - [2025-08-02T21:29:03.270+0000] {dag.py:3036} INFO - Sync 1 DAGs
[2025-08-02T21:29:03.274+0000] {logging_mixin.py:188} INFO - [2025-08-02T21:29:03.274+0000] {dag.py:3823} INFO - Setting next_dagrun for dit_uq_stage2 to None, run_after=None
[2025-08-02T21:29:03.282+0000] {processor.py:183} INFO - Processing /opt/airflow/dags/dit_uq_stage2.py took 0.206 seconds
[2025-08-02T21:29:33.692+0000] {processor.py:161} INFO - Started process (PID=7975) to work on /opt/airflow/dags/dit_uq_stage2.py
[2025-08-02T21:29:33.693+0000] {processor.py:830} INFO - Processing file /opt/airflow/dags/dit_uq_stage2.py for tasks to queue
[2025-08-02T21:29:33.695+0000] {logging_mixin.py:188} INFO - [2025-08-02T21:29:33.695+0000] {dagbag.py:538} INFO - Filling up the DagBag from /opt/airflow/dags/dit_uq_stage2.py
[2025-08-02T21:29:33.884+0000] {processor.py:840} INFO - DAG(s) 'dit_uq_stage2' retrieved from /opt/airflow/dags/dit_uq_stage2.py
[2025-08-02T21:29:33.888+0000] {logging_mixin.py:188} INFO - [2025-08-02T21:29:33.888+0000] {dag.py:3036} INFO - Sync 1 DAGs
[2025-08-02T21:29:33.892+0000] {logging_mixin.py:188} INFO - [2025-08-02T21:29:33.892+0000] {dag.py:3823} INFO - Setting next_dagrun for dit_uq_stage2 to None, run_after=None
[2025-08-02T21:29:33.902+0000] {processor.py:183} INFO - Processing /opt/airflow/dags/dit_uq_stage2.py took 0.214 seconds
[2025-08-02T21:30:04.406+0000] {processor.py:161} INFO - Started process (PID=8037) to work on /opt/airflow/dags/dit_uq_stage2.py
[2025-08-02T21:30:04.408+0000] {processor.py:830} INFO - Processing file /opt/airflow/dags/dit_uq_stage2.py for tasks to queue
[2025-08-02T21:30:04.411+0000] {logging_mixin.py:188} INFO - [2025-08-02T21:30:04.410+0000] {dagbag.py:538} INFO - Filling up the DagBag from /opt/airflow/dags/dit_uq_stage2.py
[2025-08-02T21:30:04.636+0000] {processor.py:840} INFO - DAG(s) 'dit_uq_stage2' retrieved from /opt/airflow/dags/dit_uq_stage2.py
[2025-08-02T21:30:04.640+0000] {logging_mixin.py:188} INFO - [2025-08-02T21:30:04.640+0000] {dag.py:3036} INFO - Sync 1 DAGs
[2025-08-02T21:30:04.644+0000] {logging_mixin.py:188} INFO - [2025-08-02T21:30:04.644+0000] {dag.py:3823} INFO - Setting next_dagrun for dit_uq_stage2 to None, run_after=None
[2025-08-02T21:30:04.655+0000] {processor.py:183} INFO - Processing /opt/airflow/dags/dit_uq_stage2.py took 0.254 seconds
[2025-08-02T21:30:35.185+0000] {processor.py:161} INFO - Started process (PID=8099) to work on /opt/airflow/dags/dit_uq_stage2.py
[2025-08-02T21:30:35.186+0000] {processor.py:830} INFO - Processing file /opt/airflow/dags/dit_uq_stage2.py for tasks to queue
[2025-08-02T21:30:35.188+0000] {logging_mixin.py:188} INFO - [2025-08-02T21:30:35.188+0000] {dagbag.py:538} INFO - Filling up the DagBag from /opt/airflow/dags/dit_uq_stage2.py
[2025-08-02T21:30:35.377+0000] {processor.py:840} INFO - DAG(s) 'dit_uq_stage2' retrieved from /opt/airflow/dags/dit_uq_stage2.py
[2025-08-02T21:30:35.381+0000] {logging_mixin.py:188} INFO - [2025-08-02T21:30:35.381+0000] {dag.py:3036} INFO - Sync 1 DAGs
[2025-08-02T21:30:35.387+0000] {logging_mixin.py:188} INFO - [2025-08-02T21:30:35.387+0000] {dag.py:3823} INFO - Setting next_dagrun for dit_uq_stage2 to None, run_after=None
[2025-08-02T21:30:35.395+0000] {processor.py:183} INFO - Processing /opt/airflow/dags/dit_uq_stage2.py took 0.214 seconds
[2025-08-02T21:31:05.831+0000] {processor.py:161} INFO - Started process (PID=8161) to work on /opt/airflow/dags/dit_uq_stage2.py
[2025-08-02T21:31:05.832+0000] {processor.py:830} INFO - Processing file /opt/airflow/dags/dit_uq_stage2.py for tasks to queue
[2025-08-02T21:31:05.835+0000] {logging_mixin.py:188} INFO - [2025-08-02T21:31:05.835+0000] {dagbag.py:538} INFO - Filling up the DagBag from /opt/airflow/dags/dit_uq_stage2.py
[2025-08-02T21:31:06.034+0000] {processor.py:840} INFO - DAG(s) 'dit_uq_stage2' retrieved from /opt/airflow/dags/dit_uq_stage2.py
[2025-08-02T21:31:06.038+0000] {logging_mixin.py:188} INFO - [2025-08-02T21:31:06.038+0000] {dag.py:3036} INFO - Sync 1 DAGs
[2025-08-02T21:31:06.042+0000] {logging_mixin.py:188} INFO - [2025-08-02T21:31:06.042+0000] {dag.py:3823} INFO - Setting next_dagrun for dit_uq_stage2 to None, run_after=None
[2025-08-02T21:31:06.050+0000] {processor.py:183} INFO - Processing /opt/airflow/dags/dit_uq_stage2.py took 0.225 seconds
[2025-08-02T21:31:36.561+0000] {processor.py:161} INFO - Started process (PID=8223) to work on /opt/airflow/dags/dit_uq_stage2.py
[2025-08-02T21:31:36.563+0000] {processor.py:830} INFO - Processing file /opt/airflow/dags/dit_uq_stage2.py for tasks to queue
[2025-08-02T21:31:36.565+0000] {logging_mixin.py:188} INFO - [2025-08-02T21:31:36.564+0000] {dagbag.py:538} INFO - Filling up the DagBag from /opt/airflow/dags/dit_uq_stage2.py
[2025-08-02T21:31:36.838+0000] {processor.py:840} INFO - DAG(s) 'dit_uq_stage2' retrieved from /opt/airflow/dags/dit_uq_stage2.py
[2025-08-02T21:31:36.843+0000] {logging_mixin.py:188} INFO - [2025-08-02T21:31:36.843+0000] {dag.py:3036} INFO - Sync 1 DAGs
[2025-08-02T21:31:36.848+0000] {logging_mixin.py:188} INFO - [2025-08-02T21:31:36.847+0000] {dag.py:3823} INFO - Setting next_dagrun for dit_uq_stage2 to None, run_after=None
[2025-08-02T21:31:36.855+0000] {processor.py:183} INFO - Processing /opt/airflow/dags/dit_uq_stage2.py took 0.298 seconds
[2025-08-02T21:47:36.559+0000] {processor.py:161} INFO - Started process (PID=8279) to work on /opt/airflow/dags/dit_uq_stage2.py
[2025-08-02T21:47:36.560+0000] {processor.py:830} INFO - Processing file /opt/airflow/dags/dit_uq_stage2.py for tasks to queue
[2025-08-02T21:47:36.561+0000] {logging_mixin.py:188} INFO - [2025-08-02T21:47:36.561+0000] {dagbag.py:538} INFO - Filling up the DagBag from /opt/airflow/dags/dit_uq_stage2.py
[2025-08-02T21:47:36.986+0000] {processor.py:840} INFO - DAG(s) 'dit_uq_stage2' retrieved from /opt/airflow/dags/dit_uq_stage2.py
[2025-08-02T21:47:36.999+0000] {logging_mixin.py:188} INFO - [2025-08-02T21:47:36.998+0000] {dag.py:3036} INFO - Sync 1 DAGs
[2025-08-02T21:47:37.008+0000] {logging_mixin.py:188} INFO - [2025-08-02T21:47:37.008+0000] {dag.py:3823} INFO - Setting next_dagrun for dit_uq_stage2 to None, run_after=None
[2025-08-02T21:47:37.027+0000] {processor.py:183} INFO - Processing /opt/airflow/dags/dit_uq_stage2.py took 0.471 seconds
[2025-08-02T22:25:30.668+0000] {processor.py:161} INFO - Started process (PID=8341) to work on /opt/airflow/dags/dit_uq_stage2.py
[2025-08-02T22:25:30.670+0000] {processor.py:830} INFO - Processing file /opt/airflow/dags/dit_uq_stage2.py for tasks to queue
[2025-08-02T22:25:30.676+0000] {logging_mixin.py:188} INFO - [2025-08-02T22:25:30.675+0000] {dagbag.py:538} INFO - Filling up the DagBag from /opt/airflow/dags/dit_uq_stage2.py
[2025-08-02T22:25:31.198+0000] {processor.py:840} INFO - DAG(s) 'dit_uq_stage2' retrieved from /opt/airflow/dags/dit_uq_stage2.py
[2025-08-02T22:25:31.211+0000] {logging_mixin.py:188} INFO - [2025-08-02T22:25:31.210+0000] {dag.py:3036} INFO - Sync 1 DAGs
[2025-08-02T22:25:31.223+0000] {logging_mixin.py:188} INFO - [2025-08-02T22:25:31.222+0000] {dag.py:3823} INFO - Setting next_dagrun for dit_uq_stage2 to None, run_after=None
[2025-08-02T22:25:31.251+0000] {processor.py:183} INFO - Processing /opt/airflow/dags/dit_uq_stage2.py took 0.592 seconds
[2025-08-02T22:26:21.931+0000] {processor.py:161} INFO - Started process (PID=8403) to work on /opt/airflow/dags/dit_uq_stage2.py
[2025-08-02T22:26:21.932+0000] {processor.py:830} INFO - Processing file /opt/airflow/dags/dit_uq_stage2.py for tasks to queue
[2025-08-02T22:26:21.934+0000] {logging_mixin.py:188} INFO - [2025-08-02T22:26:21.933+0000] {dagbag.py:538} INFO - Filling up the DagBag from /opt/airflow/dags/dit_uq_stage2.py
[2025-08-02T22:26:22.268+0000] {processor.py:840} INFO - DAG(s) 'dit_uq_stage2' retrieved from /opt/airflow/dags/dit_uq_stage2.py
[2025-08-02T22:26:22.276+0000] {logging_mixin.py:188} INFO - [2025-08-02T22:26:22.276+0000] {dag.py:3036} INFO - Sync 1 DAGs
[2025-08-02T22:26:22.284+0000] {logging_mixin.py:188} INFO - [2025-08-02T22:26:22.284+0000] {dag.py:3823} INFO - Setting next_dagrun for dit_uq_stage2 to None, run_after=None
[2025-08-02T22:26:22.295+0000] {processor.py:183} INFO - Processing /opt/airflow/dags/dit_uq_stage2.py took 0.372 seconds
[2025-08-02T22:28:01.287+0000] {processor.py:161} INFO - Started process (PID=8465) to work on /opt/airflow/dags/dit_uq_stage2.py
[2025-08-02T22:28:01.287+0000] {processor.py:830} INFO - Processing file /opt/airflow/dags/dit_uq_stage2.py for tasks to queue
[2025-08-02T22:28:01.288+0000] {logging_mixin.py:188} INFO - [2025-08-02T22:28:01.288+0000] {dagbag.py:538} INFO - Filling up the DagBag from /opt/airflow/dags/dit_uq_stage2.py
[2025-08-02T22:28:01.489+0000] {processor.py:840} INFO - DAG(s) 'dit_uq_stage2' retrieved from /opt/airflow/dags/dit_uq_stage2.py
[2025-08-02T22:28:01.493+0000] {logging_mixin.py:188} INFO - [2025-08-02T22:28:01.493+0000] {dag.py:3036} INFO - Sync 1 DAGs
[2025-08-02T22:28:01.501+0000] {logging_mixin.py:188} INFO - [2025-08-02T22:28:01.501+0000] {dag.py:3823} INFO - Setting next_dagrun for dit_uq_stage2 to None, run_after=None
[2025-08-02T22:28:01.510+0000] {processor.py:183} INFO - Processing /opt/airflow/dags/dit_uq_stage2.py took 0.226 seconds
[2025-08-02T22:29:02.297+0000] {processor.py:161} INFO - Started process (PID=8527) to work on /opt/airflow/dags/dit_uq_stage2.py
[2025-08-02T22:29:02.299+0000] {processor.py:830} INFO - Processing file /opt/airflow/dags/dit_uq_stage2.py for tasks to queue
[2025-08-02T22:29:02.302+0000] {logging_mixin.py:188} INFO - [2025-08-02T22:29:02.301+0000] {dagbag.py:538} INFO - Filling up the DagBag from /opt/airflow/dags/dit_uq_stage2.py
[2025-08-02T22:29:02.441+0000] {processor.py:840} INFO - DAG(s) 'dit_uq_stage2' retrieved from /opt/airflow/dags/dit_uq_stage2.py
[2025-08-02T22:29:02.447+0000] {logging_mixin.py:188} INFO - [2025-08-02T22:29:02.447+0000] {dag.py:3036} INFO - Sync 1 DAGs
[2025-08-02T22:29:02.454+0000] {logging_mixin.py:188} INFO - [2025-08-02T22:29:02.454+0000] {dag.py:3823} INFO - Setting next_dagrun for dit_uq_stage2 to None, run_after=None
[2025-08-02T22:29:02.467+0000] {processor.py:183} INFO - Processing /opt/airflow/dags/dit_uq_stage2.py took 0.174 seconds
[2025-08-02T22:29:55.879+0000] {processor.py:161} INFO - Started process (PID=8589) to work on /opt/airflow/dags/dit_uq_stage2.py
[2025-08-02T22:29:55.880+0000] {processor.py:830} INFO - Processing file /opt/airflow/dags/dit_uq_stage2.py for tasks to queue
[2025-08-02T22:29:55.882+0000] {logging_mixin.py:188} INFO - [2025-08-02T22:29:55.882+0000] {dagbag.py:538} INFO - Filling up the DagBag from /opt/airflow/dags/dit_uq_stage2.py
[2025-08-02T22:29:55.988+0000] {processor.py:840} INFO - DAG(s) 'dit_uq_stage2' retrieved from /opt/airflow/dags/dit_uq_stage2.py
[2025-08-02T22:29:55.994+0000] {logging_mixin.py:188} INFO - [2025-08-02T22:29:55.994+0000] {dag.py:3036} INFO - Sync 1 DAGs
[2025-08-02T22:29:56.002+0000] {logging_mixin.py:188} INFO - [2025-08-02T22:29:56.002+0000] {dag.py:3823} INFO - Setting next_dagrun for dit_uq_stage2 to None, run_after=None
[2025-08-02T22:29:56.009+0000] {processor.py:183} INFO - Processing /opt/airflow/dags/dit_uq_stage2.py took 0.134 seconds
[2025-08-02T22:31:43.754+0000] {processor.py:161} INFO - Started process (PID=8651) to work on /opt/airflow/dags/dit_uq_stage2.py
[2025-08-02T22:31:43.756+0000] {processor.py:830} INFO - Processing file /opt/airflow/dags/dit_uq_stage2.py for tasks to queue
[2025-08-02T22:31:43.758+0000] {logging_mixin.py:188} INFO - [2025-08-02T22:31:43.758+0000] {dagbag.py:538} INFO - Filling up the DagBag from /opt/airflow/dags/dit_uq_stage2.py
[2025-08-02T22:31:43.932+0000] {processor.py:840} INFO - DAG(s) 'dit_uq_stage2' retrieved from /opt/airflow/dags/dit_uq_stage2.py
[2025-08-02T22:31:43.940+0000] {logging_mixin.py:188} INFO - [2025-08-02T22:31:43.939+0000] {dag.py:3036} INFO - Sync 1 DAGs
[2025-08-02T22:31:43.947+0000] {logging_mixin.py:188} INFO - [2025-08-02T22:31:43.947+0000] {dag.py:3823} INFO - Setting next_dagrun for dit_uq_stage2 to None, run_after=None
[2025-08-02T22:31:43.956+0000] {processor.py:183} INFO - Processing /opt/airflow/dags/dit_uq_stage2.py took 0.205 seconds
[2025-08-02T22:32:14.514+0000] {processor.py:161} INFO - Started process (PID=8713) to work on /opt/airflow/dags/dit_uq_stage2.py
[2025-08-02T22:32:14.515+0000] {processor.py:830} INFO - Processing file /opt/airflow/dags/dit_uq_stage2.py for tasks to queue
[2025-08-02T22:32:14.517+0000] {logging_mixin.py:188} INFO - [2025-08-02T22:32:14.517+0000] {dagbag.py:538} INFO - Filling up the DagBag from /opt/airflow/dags/dit_uq_stage2.py
[2025-08-02T22:32:14.628+0000] {processor.py:840} INFO - DAG(s) 'dit_uq_stage2' retrieved from /opt/airflow/dags/dit_uq_stage2.py
[2025-08-02T22:32:14.632+0000] {logging_mixin.py:188} INFO - [2025-08-02T22:32:14.632+0000] {dag.py:3036} INFO - Sync 1 DAGs
[2025-08-02T22:32:14.637+0000] {logging_mixin.py:188} INFO - [2025-08-02T22:32:14.637+0000] {dag.py:3823} INFO - Setting next_dagrun for dit_uq_stage2 to None, run_after=None
[2025-08-02T22:32:14.648+0000] {processor.py:183} INFO - Processing /opt/airflow/dags/dit_uq_stage2.py took 0.139 seconds
[2025-08-02T22:32:45.219+0000] {processor.py:161} INFO - Started process (PID=8775) to work on /opt/airflow/dags/dit_uq_stage2.py
[2025-08-02T22:32:45.223+0000] {processor.py:830} INFO - Processing file /opt/airflow/dags/dit_uq_stage2.py for tasks to queue
[2025-08-02T22:32:45.230+0000] {logging_mixin.py:188} INFO - [2025-08-02T22:32:45.229+0000] {dagbag.py:538} INFO - Filling up the DagBag from /opt/airflow/dags/dit_uq_stage2.py
[2025-08-02T22:32:45.465+0000] {processor.py:840} INFO - DAG(s) 'dit_uq_stage2' retrieved from /opt/airflow/dags/dit_uq_stage2.py
[2025-08-02T22:32:45.473+0000] {logging_mixin.py:188} INFO - [2025-08-02T22:32:45.473+0000] {dag.py:3036} INFO - Sync 1 DAGs
[2025-08-02T22:32:45.482+0000] {logging_mixin.py:188} INFO - [2025-08-02T22:32:45.482+0000] {dag.py:3823} INFO - Setting next_dagrun for dit_uq_stage2 to None, run_after=None
[2025-08-02T22:32:45.492+0000] {processor.py:183} INFO - Processing /opt/airflow/dags/dit_uq_stage2.py took 0.291 seconds
[2025-08-02T22:33:16.219+0000] {processor.py:161} INFO - Started process (PID=8836) to work on /opt/airflow/dags/dit_uq_stage2.py
[2025-08-02T22:33:16.219+0000] {processor.py:830} INFO - Processing file /opt/airflow/dags/dit_uq_stage2.py for tasks to queue
[2025-08-02T22:33:16.221+0000] {logging_mixin.py:188} INFO - [2025-08-02T22:33:16.221+0000] {dagbag.py:538} INFO - Filling up the DagBag from /opt/airflow/dags/dit_uq_stage2.py
[2025-08-02T22:33:16.340+0000] {processor.py:840} INFO - DAG(s) 'dit_uq_stage2' retrieved from /opt/airflow/dags/dit_uq_stage2.py
[2025-08-02T22:33:16.346+0000] {logging_mixin.py:188} INFO - [2025-08-02T22:33:16.345+0000] {dag.py:3036} INFO - Sync 1 DAGs
[2025-08-02T22:33:16.351+0000] {logging_mixin.py:188} INFO - [2025-08-02T22:33:16.351+0000] {dag.py:3823} INFO - Setting next_dagrun for dit_uq_stage2 to None, run_after=None
[2025-08-02T22:33:16.361+0000] {processor.py:183} INFO - Processing /opt/airflow/dags/dit_uq_stage2.py took 0.145 seconds
[2025-08-02T22:33:47.020+0000] {processor.py:161} INFO - Started process (PID=8904) to work on /opt/airflow/dags/dit_uq_stage2.py
[2025-08-02T22:33:47.021+0000] {processor.py:830} INFO - Processing file /opt/airflow/dags/dit_uq_stage2.py for tasks to queue
[2025-08-02T22:33:47.023+0000] {logging_mixin.py:188} INFO - [2025-08-02T22:33:47.023+0000] {dagbag.py:538} INFO - Filling up the DagBag from /opt/airflow/dags/dit_uq_stage2.py
[2025-08-02T22:33:47.136+0000] {processor.py:840} INFO - DAG(s) 'dit_uq_stage2' retrieved from /opt/airflow/dags/dit_uq_stage2.py
[2025-08-02T22:33:47.140+0000] {logging_mixin.py:188} INFO - [2025-08-02T22:33:47.140+0000] {dag.py:3036} INFO - Sync 1 DAGs
[2025-08-02T22:33:47.145+0000] {logging_mixin.py:188} INFO - [2025-08-02T22:33:47.145+0000] {dag.py:3823} INFO - Setting next_dagrun for dit_uq_stage2 to None, run_after=None
[2025-08-02T22:33:47.152+0000] {processor.py:183} INFO - Processing /opt/airflow/dags/dit_uq_stage2.py took 0.137 seconds
[2025-08-02T22:34:17.652+0000] {processor.py:161} INFO - Started process (PID=8966) to work on /opt/airflow/dags/dit_uq_stage2.py
[2025-08-02T22:34:17.654+0000] {processor.py:830} INFO - Processing file /opt/airflow/dags/dit_uq_stage2.py for tasks to queue
[2025-08-02T22:34:17.657+0000] {logging_mixin.py:188} INFO - [2025-08-02T22:34:17.656+0000] {dagbag.py:538} INFO - Filling up the DagBag from /opt/airflow/dags/dit_uq_stage2.py
[2025-08-02T22:34:17.801+0000] {processor.py:840} INFO - DAG(s) 'dit_uq_stage2' retrieved from /opt/airflow/dags/dit_uq_stage2.py
[2025-08-02T22:34:17.805+0000] {logging_mixin.py:188} INFO - [2025-08-02T22:34:17.805+0000] {dag.py:3036} INFO - Sync 1 DAGs
[2025-08-02T22:34:17.810+0000] {logging_mixin.py:188} INFO - [2025-08-02T22:34:17.809+0000] {dag.py:3823} INFO - Setting next_dagrun for dit_uq_stage2 to None, run_after=None
[2025-08-02T22:34:17.819+0000] {processor.py:183} INFO - Processing /opt/airflow/dags/dit_uq_stage2.py took 0.174 seconds
[2025-08-02T22:34:48.445+0000] {processor.py:161} INFO - Started process (PID=9028) to work on /opt/airflow/dags/dit_uq_stage2.py
[2025-08-02T22:34:48.446+0000] {processor.py:830} INFO - Processing file /opt/airflow/dags/dit_uq_stage2.py for tasks to queue
[2025-08-02T22:34:48.447+0000] {logging_mixin.py:188} INFO - [2025-08-02T22:34:48.447+0000] {dagbag.py:538} INFO - Filling up the DagBag from /opt/airflow/dags/dit_uq_stage2.py
[2025-08-02T22:34:48.556+0000] {processor.py:840} INFO - DAG(s) 'dit_uq_stage2' retrieved from /opt/airflow/dags/dit_uq_stage2.py
[2025-08-02T22:34:48.560+0000] {logging_mixin.py:188} INFO - [2025-08-02T22:34:48.560+0000] {dag.py:3036} INFO - Sync 1 DAGs
[2025-08-02T22:34:48.567+0000] {logging_mixin.py:188} INFO - [2025-08-02T22:34:48.566+0000] {dag.py:3823} INFO - Setting next_dagrun for dit_uq_stage2 to None, run_after=None
[2025-08-02T22:34:48.576+0000] {processor.py:183} INFO - Processing /opt/airflow/dags/dit_uq_stage2.py took 0.134 seconds
[2025-08-02T22:35:19.106+0000] {processor.py:161} INFO - Started process (PID=9090) to work on /opt/airflow/dags/dit_uq_stage2.py
[2025-08-02T22:35:19.108+0000] {processor.py:830} INFO - Processing file /opt/airflow/dags/dit_uq_stage2.py for tasks to queue
[2025-08-02T22:35:19.110+0000] {logging_mixin.py:188} INFO - [2025-08-02T22:35:19.109+0000] {dagbag.py:538} INFO - Filling up the DagBag from /opt/airflow/dags/dit_uq_stage2.py
[2025-08-02T22:35:19.222+0000] {processor.py:840} INFO - DAG(s) 'dit_uq_stage2' retrieved from /opt/airflow/dags/dit_uq_stage2.py
[2025-08-02T22:35:19.227+0000] {logging_mixin.py:188} INFO - [2025-08-02T22:35:19.227+0000] {dag.py:3036} INFO - Sync 1 DAGs
[2025-08-02T22:35:19.233+0000] {logging_mixin.py:188} INFO - [2025-08-02T22:35:19.233+0000] {dag.py:3823} INFO - Setting next_dagrun for dit_uq_stage2 to None, run_after=None
[2025-08-02T22:35:19.241+0000] {processor.py:183} INFO - Processing /opt/airflow/dags/dit_uq_stage2.py took 0.140 seconds
[2025-08-02T22:35:49.676+0000] {processor.py:161} INFO - Started process (PID=9152) to work on /opt/airflow/dags/dit_uq_stage2.py
[2025-08-02T22:35:49.678+0000] {processor.py:830} INFO - Processing file /opt/airflow/dags/dit_uq_stage2.py for tasks to queue
[2025-08-02T22:35:49.681+0000] {logging_mixin.py:188} INFO - [2025-08-02T22:35:49.681+0000] {dagbag.py:538} INFO - Filling up the DagBag from /opt/airflow/dags/dit_uq_stage2.py
[2025-08-02T22:35:49.825+0000] {processor.py:840} INFO - DAG(s) 'dit_uq_stage2' retrieved from /opt/airflow/dags/dit_uq_stage2.py
[2025-08-02T22:35:49.832+0000] {logging_mixin.py:188} INFO - [2025-08-02T22:35:49.832+0000] {dag.py:3036} INFO - Sync 1 DAGs
[2025-08-02T22:35:49.840+0000] {logging_mixin.py:188} INFO - [2025-08-02T22:35:49.840+0000] {dag.py:3823} INFO - Setting next_dagrun for dit_uq_stage2 to None, run_after=None
[2025-08-02T22:35:49.851+0000] {processor.py:183} INFO - Processing /opt/airflow/dags/dit_uq_stage2.py took 0.182 seconds
[2025-08-02T22:36:20.327+0000] {processor.py:161} INFO - Started process (PID=9214) to work on /opt/airflow/dags/dit_uq_stage2.py
[2025-08-02T22:36:20.328+0000] {processor.py:830} INFO - Processing file /opt/airflow/dags/dit_uq_stage2.py for tasks to queue
[2025-08-02T22:36:20.329+0000] {logging_mixin.py:188} INFO - [2025-08-02T22:36:20.329+0000] {dagbag.py:538} INFO - Filling up the DagBag from /opt/airflow/dags/dit_uq_stage2.py
[2025-08-02T22:36:20.485+0000] {processor.py:840} INFO - DAG(s) 'dit_uq_stage2' retrieved from /opt/airflow/dags/dit_uq_stage2.py
[2025-08-02T22:36:20.490+0000] {logging_mixin.py:188} INFO - [2025-08-02T22:36:20.490+0000] {dag.py:3036} INFO - Sync 1 DAGs
[2025-08-02T22:36:20.497+0000] {logging_mixin.py:188} INFO - [2025-08-02T22:36:20.496+0000] {dag.py:3823} INFO - Setting next_dagrun for dit_uq_stage2 to None, run_after=None
[2025-08-02T22:36:20.507+0000] {processor.py:183} INFO - Processing /opt/airflow/dags/dit_uq_stage2.py took 0.191 seconds
[2025-08-02T22:36:51.046+0000] {processor.py:161} INFO - Started process (PID=9276) to work on /opt/airflow/dags/dit_uq_stage2.py
[2025-08-02T22:36:51.048+0000] {processor.py:830} INFO - Processing file /opt/airflow/dags/dit_uq_stage2.py for tasks to queue
[2025-08-02T22:36:51.052+0000] {logging_mixin.py:188} INFO - [2025-08-02T22:36:51.051+0000] {dagbag.py:538} INFO - Filling up the DagBag from /opt/airflow/dags/dit_uq_stage2.py
[2025-08-02T22:36:51.263+0000] {processor.py:840} INFO - DAG(s) 'dit_uq_stage2' retrieved from /opt/airflow/dags/dit_uq_stage2.py
[2025-08-02T22:36:51.270+0000] {logging_mixin.py:188} INFO - [2025-08-02T22:36:51.270+0000] {dag.py:3036} INFO - Sync 1 DAGs
[2025-08-02T22:36:51.277+0000] {logging_mixin.py:188} INFO - [2025-08-02T22:36:51.277+0000] {dag.py:3823} INFO - Setting next_dagrun for dit_uq_stage2 to None, run_after=None
[2025-08-02T22:36:51.286+0000] {processor.py:183} INFO - Processing /opt/airflow/dags/dit_uq_stage2.py took 0.254 seconds
[2025-08-02T22:37:21.823+0000] {processor.py:161} INFO - Started process (PID=9338) to work on /opt/airflow/dags/dit_uq_stage2.py
[2025-08-02T22:37:21.825+0000] {processor.py:830} INFO - Processing file /opt/airflow/dags/dit_uq_stage2.py for tasks to queue
[2025-08-02T22:37:21.829+0000] {logging_mixin.py:188} INFO - [2025-08-02T22:37:21.828+0000] {dagbag.py:538} INFO - Filling up the DagBag from /opt/airflow/dags/dit_uq_stage2.py
[2025-08-02T22:37:22.006+0000] {processor.py:840} INFO - DAG(s) 'dit_uq_stage2' retrieved from /opt/airflow/dags/dit_uq_stage2.py
[2025-08-02T22:37:22.015+0000] {logging_mixin.py:188} INFO - [2025-08-02T22:37:22.014+0000] {dag.py:3036} INFO - Sync 1 DAGs
[2025-08-02T22:37:22.022+0000] {logging_mixin.py:188} INFO - [2025-08-02T22:37:22.022+0000] {dag.py:3823} INFO - Setting next_dagrun for dit_uq_stage2 to None, run_after=None
[2025-08-02T22:37:22.035+0000] {processor.py:183} INFO - Processing /opt/airflow/dags/dit_uq_stage2.py took 0.222 seconds
[2025-08-02T22:37:52.606+0000] {processor.py:161} INFO - Started process (PID=9400) to work on /opt/airflow/dags/dit_uq_stage2.py
[2025-08-02T22:37:52.607+0000] {processor.py:830} INFO - Processing file /opt/airflow/dags/dit_uq_stage2.py for tasks to queue
[2025-08-02T22:37:52.610+0000] {logging_mixin.py:188} INFO - [2025-08-02T22:37:52.610+0000] {dagbag.py:538} INFO - Filling up the DagBag from /opt/airflow/dags/dit_uq_stage2.py
[2025-08-02T22:37:52.791+0000] {processor.py:840} INFO - DAG(s) 'dit_uq_stage2' retrieved from /opt/airflow/dags/dit_uq_stage2.py
[2025-08-02T22:37:52.799+0000] {logging_mixin.py:188} INFO - [2025-08-02T22:37:52.799+0000] {dag.py:3036} INFO - Sync 1 DAGs
[2025-08-02T22:37:52.806+0000] {logging_mixin.py:188} INFO - [2025-08-02T22:37:52.806+0000] {dag.py:3823} INFO - Setting next_dagrun for dit_uq_stage2 to None, run_after=None
[2025-08-02T22:37:52.821+0000] {processor.py:183} INFO - Processing /opt/airflow/dags/dit_uq_stage2.py took 0.224 seconds
[2025-08-02T22:38:22.911+0000] {processor.py:161} INFO - Started process (PID=9462) to work on /opt/airflow/dags/dit_uq_stage2.py
[2025-08-02T22:38:22.913+0000] {processor.py:830} INFO - Processing file /opt/airflow/dags/dit_uq_stage2.py for tasks to queue
[2025-08-02T22:38:22.916+0000] {logging_mixin.py:188} INFO - [2025-08-02T22:38:22.916+0000] {dagbag.py:538} INFO - Filling up the DagBag from /opt/airflow/dags/dit_uq_stage2.py
[2025-08-02T22:38:23.134+0000] {processor.py:840} INFO - DAG(s) 'dit_uq_stage2' retrieved from /opt/airflow/dags/dit_uq_stage2.py
[2025-08-02T22:38:23.139+0000] {logging_mixin.py:188} INFO - [2025-08-02T22:38:23.139+0000] {dag.py:3036} INFO - Sync 1 DAGs
[2025-08-02T22:38:23.150+0000] {logging_mixin.py:188} INFO - [2025-08-02T22:38:23.150+0000] {dag.py:3823} INFO - Setting next_dagrun for dit_uq_stage2 to None, run_after=None
[2025-08-02T22:38:23.161+0000] {processor.py:183} INFO - Processing /opt/airflow/dags/dit_uq_stage2.py took 0.259 seconds
[2025-08-02T22:38:53.744+0000] {processor.py:161} INFO - Started process (PID=9524) to work on /opt/airflow/dags/dit_uq_stage2.py
[2025-08-02T22:38:53.745+0000] {processor.py:830} INFO - Processing file /opt/airflow/dags/dit_uq_stage2.py for tasks to queue
[2025-08-02T22:38:53.748+0000] {logging_mixin.py:188} INFO - [2025-08-02T22:38:53.747+0000] {dagbag.py:538} INFO - Filling up the DagBag from /opt/airflow/dags/dit_uq_stage2.py
[2025-08-02T22:38:53.865+0000] {processor.py:840} INFO - DAG(s) 'dit_uq_stage2' retrieved from /opt/airflow/dags/dit_uq_stage2.py
[2025-08-02T22:38:53.869+0000] {logging_mixin.py:188} INFO - [2025-08-02T22:38:53.868+0000] {dag.py:3036} INFO - Sync 1 DAGs
[2025-08-02T22:38:53.873+0000] {logging_mixin.py:188} INFO - [2025-08-02T22:38:53.873+0000] {dag.py:3823} INFO - Setting next_dagrun for dit_uq_stage2 to None, run_after=None
[2025-08-02T22:38:53.882+0000] {processor.py:183} INFO - Processing /opt/airflow/dags/dit_uq_stage2.py took 0.142 seconds
[2025-08-02T22:39:24.438+0000] {processor.py:161} INFO - Started process (PID=9586) to work on /opt/airflow/dags/dit_uq_stage2.py
[2025-08-02T22:39:24.440+0000] {processor.py:830} INFO - Processing file /opt/airflow/dags/dit_uq_stage2.py for tasks to queue
[2025-08-02T22:39:24.443+0000] {logging_mixin.py:188} INFO - [2025-08-02T22:39:24.442+0000] {dagbag.py:538} INFO - Filling up the DagBag from /opt/airflow/dags/dit_uq_stage2.py
[2025-08-02T22:39:24.555+0000] {processor.py:840} INFO - DAG(s) 'dit_uq_stage2' retrieved from /opt/airflow/dags/dit_uq_stage2.py
[2025-08-02T22:39:24.561+0000] {logging_mixin.py:188} INFO - [2025-08-02T22:39:24.561+0000] {dag.py:3036} INFO - Sync 1 DAGs
[2025-08-02T22:39:24.565+0000] {logging_mixin.py:188} INFO - [2025-08-02T22:39:24.565+0000] {dag.py:3823} INFO - Setting next_dagrun for dit_uq_stage2 to None, run_after=None
[2025-08-02T22:39:24.575+0000] {processor.py:183} INFO - Processing /opt/airflow/dags/dit_uq_stage2.py took 0.141 seconds
[2025-08-02T22:39:55.024+0000] {processor.py:161} INFO - Started process (PID=9648) to work on /opt/airflow/dags/dit_uq_stage2.py
[2025-08-02T22:39:55.025+0000] {processor.py:830} INFO - Processing file /opt/airflow/dags/dit_uq_stage2.py for tasks to queue
[2025-08-02T22:39:55.027+0000] {logging_mixin.py:188} INFO - [2025-08-02T22:39:55.026+0000] {dagbag.py:538} INFO - Filling up the DagBag from /opt/airflow/dags/dit_uq_stage2.py
[2025-08-02T22:39:55.134+0000] {processor.py:840} INFO - DAG(s) 'dit_uq_stage2' retrieved from /opt/airflow/dags/dit_uq_stage2.py
[2025-08-02T22:39:55.140+0000] {logging_mixin.py:188} INFO - [2025-08-02T22:39:55.140+0000] {dag.py:3036} INFO - Sync 1 DAGs
[2025-08-02T22:39:55.146+0000] {logging_mixin.py:188} INFO - [2025-08-02T22:39:55.146+0000] {dag.py:3823} INFO - Setting next_dagrun for dit_uq_stage2 to None, run_after=None
[2025-08-02T22:39:55.159+0000] {processor.py:183} INFO - Processing /opt/airflow/dags/dit_uq_stage2.py took 0.138 seconds
[2025-08-02T22:40:25.735+0000] {processor.py:161} INFO - Started process (PID=9710) to work on /opt/airflow/dags/dit_uq_stage2.py
[2025-08-02T22:40:25.736+0000] {processor.py:830} INFO - Processing file /opt/airflow/dags/dit_uq_stage2.py for tasks to queue
[2025-08-02T22:40:25.739+0000] {logging_mixin.py:188} INFO - [2025-08-02T22:40:25.739+0000] {dagbag.py:538} INFO - Filling up the DagBag from /opt/airflow/dags/dit_uq_stage2.py
[2025-08-02T22:40:25.907+0000] {processor.py:840} INFO - DAG(s) 'dit_uq_stage2' retrieved from /opt/airflow/dags/dit_uq_stage2.py
[2025-08-02T22:40:25.914+0000] {logging_mixin.py:188} INFO - [2025-08-02T22:40:25.913+0000] {dag.py:3036} INFO - Sync 1 DAGs
[2025-08-02T22:40:25.921+0000] {logging_mixin.py:188} INFO - [2025-08-02T22:40:25.920+0000] {dag.py:3823} INFO - Setting next_dagrun for dit_uq_stage2 to None, run_after=None
[2025-08-02T22:40:25.934+0000] {processor.py:183} INFO - Processing /opt/airflow/dags/dit_uq_stage2.py took 0.205 seconds
[2025-08-02T22:40:56.857+0000] {processor.py:161} INFO - Started process (PID=9772) to work on /opt/airflow/dags/dit_uq_stage2.py
[2025-08-02T22:40:56.858+0000] {processor.py:830} INFO - Processing file /opt/airflow/dags/dit_uq_stage2.py for tasks to queue
[2025-08-02T22:40:56.860+0000] {logging_mixin.py:188} INFO - [2025-08-02T22:40:56.860+0000] {dagbag.py:538} INFO - Filling up the DagBag from /opt/airflow/dags/dit_uq_stage2.py
[2025-08-02T22:40:57.001+0000] {processor.py:840} INFO - DAG(s) 'dit_uq_stage2' retrieved from /opt/airflow/dags/dit_uq_stage2.py
[2025-08-02T22:40:57.007+0000] {logging_mixin.py:188} INFO - [2025-08-02T22:40:57.007+0000] {dag.py:3036} INFO - Sync 1 DAGs
[2025-08-02T22:40:57.013+0000] {logging_mixin.py:188} INFO - [2025-08-02T22:40:57.013+0000] {dag.py:3823} INFO - Setting next_dagrun for dit_uq_stage2 to None, run_after=None
[2025-08-02T22:40:57.025+0000] {processor.py:183} INFO - Processing /opt/airflow/dags/dit_uq_stage2.py took 0.171 seconds
[2025-08-02T22:41:27.600+0000] {processor.py:161} INFO - Started process (PID=9834) to work on /opt/airflow/dags/dit_uq_stage2.py
[2025-08-02T22:41:27.601+0000] {processor.py:830} INFO - Processing file /opt/airflow/dags/dit_uq_stage2.py for tasks to queue
[2025-08-02T22:41:27.603+0000] {logging_mixin.py:188} INFO - [2025-08-02T22:41:27.603+0000] {dagbag.py:538} INFO - Filling up the DagBag from /opt/airflow/dags/dit_uq_stage2.py
[2025-08-02T22:41:27.715+0000] {processor.py:840} INFO - DAG(s) 'dit_uq_stage2' retrieved from /opt/airflow/dags/dit_uq_stage2.py
[2025-08-02T22:41:27.725+0000] {logging_mixin.py:188} INFO - [2025-08-02T22:41:27.724+0000] {dag.py:3036} INFO - Sync 1 DAGs
[2025-08-02T22:41:27.729+0000] {logging_mixin.py:188} INFO - [2025-08-02T22:41:27.729+0000] {dag.py:3823} INFO - Setting next_dagrun for dit_uq_stage2 to None, run_after=None
[2025-08-02T22:41:27.736+0000] {processor.py:183} INFO - Processing /opt/airflow/dags/dit_uq_stage2.py took 0.140 seconds
[2025-08-02T22:41:58.224+0000] {processor.py:161} INFO - Started process (PID=9896) to work on /opt/airflow/dags/dit_uq_stage2.py
[2025-08-02T22:41:58.225+0000] {processor.py:830} INFO - Processing file /opt/airflow/dags/dit_uq_stage2.py for tasks to queue
[2025-08-02T22:41:58.226+0000] {logging_mixin.py:188} INFO - [2025-08-02T22:41:58.226+0000] {dagbag.py:538} INFO - Filling up the DagBag from /opt/airflow/dags/dit_uq_stage2.py
[2025-08-02T22:41:58.343+0000] {processor.py:840} INFO - DAG(s) 'dit_uq_stage2' retrieved from /opt/airflow/dags/dit_uq_stage2.py
[2025-08-02T22:41:58.350+0000] {logging_mixin.py:188} INFO - [2025-08-02T22:41:58.350+0000] {dag.py:3036} INFO - Sync 1 DAGs
[2025-08-02T22:41:58.354+0000] {logging_mixin.py:188} INFO - [2025-08-02T22:41:58.354+0000] {dag.py:3823} INFO - Setting next_dagrun for dit_uq_stage2 to None, run_after=None
[2025-08-02T22:41:58.363+0000] {processor.py:183} INFO - Processing /opt/airflow/dags/dit_uq_stage2.py took 0.143 seconds
[2025-08-02T22:42:28.955+0000] {processor.py:161} INFO - Started process (PID=9958) to work on /opt/airflow/dags/dit_uq_stage2.py
[2025-08-02T22:42:28.957+0000] {processor.py:830} INFO - Processing file /opt/airflow/dags/dit_uq_stage2.py for tasks to queue
[2025-08-02T22:42:28.959+0000] {logging_mixin.py:188} INFO - [2025-08-02T22:42:28.959+0000] {dagbag.py:538} INFO - Filling up the DagBag from /opt/airflow/dags/dit_uq_stage2.py
[2025-08-02T22:42:29.095+0000] {processor.py:840} INFO - DAG(s) 'dit_uq_stage2' retrieved from /opt/airflow/dags/dit_uq_stage2.py
[2025-08-02T22:42:29.101+0000] {logging_mixin.py:188} INFO - [2025-08-02T22:42:29.101+0000] {dag.py:3036} INFO - Sync 1 DAGs
[2025-08-02T22:42:29.108+0000] {logging_mixin.py:188} INFO - [2025-08-02T22:42:29.108+0000] {dag.py:3823} INFO - Setting next_dagrun for dit_uq_stage2 to None, run_after=None
[2025-08-02T22:42:29.119+0000] {processor.py:183} INFO - Processing /opt/airflow/dags/dit_uq_stage2.py took 0.166 seconds
[2025-08-02T22:42:59.620+0000] {processor.py:161} INFO - Started process (PID=10020) to work on /opt/airflow/dags/dit_uq_stage2.py
[2025-08-02T22:42:59.622+0000] {processor.py:830} INFO - Processing file /opt/airflow/dags/dit_uq_stage2.py for tasks to queue
[2025-08-02T22:42:59.624+0000] {logging_mixin.py:188} INFO - [2025-08-02T22:42:59.623+0000] {dagbag.py:538} INFO - Filling up the DagBag from /opt/airflow/dags/dit_uq_stage2.py
[2025-08-02T22:42:59.767+0000] {processor.py:840} INFO - DAG(s) 'dit_uq_stage2' retrieved from /opt/airflow/dags/dit_uq_stage2.py
[2025-08-02T22:42:59.773+0000] {logging_mixin.py:188} INFO - [2025-08-02T22:42:59.773+0000] {dag.py:3036} INFO - Sync 1 DAGs
[2025-08-02T22:42:59.779+0000] {logging_mixin.py:188} INFO - [2025-08-02T22:42:59.779+0000] {dag.py:3823} INFO - Setting next_dagrun for dit_uq_stage2 to None, run_after=None
[2025-08-02T22:42:59.789+0000] {processor.py:183} INFO - Processing /opt/airflow/dags/dit_uq_stage2.py took 0.175 seconds
[2025-08-02T22:43:30.188+0000] {processor.py:161} INFO - Started process (PID=10082) to work on /opt/airflow/dags/dit_uq_stage2.py
[2025-08-02T22:43:30.190+0000] {processor.py:830} INFO - Processing file /opt/airflow/dags/dit_uq_stage2.py for tasks to queue
[2025-08-02T22:43:30.193+0000] {logging_mixin.py:188} INFO - [2025-08-02T22:43:30.193+0000] {dagbag.py:538} INFO - Filling up the DagBag from /opt/airflow/dags/dit_uq_stage2.py
[2025-08-02T22:43:30.354+0000] {processor.py:840} INFO - DAG(s) 'dit_uq_stage2' retrieved from /opt/airflow/dags/dit_uq_stage2.py
[2025-08-02T22:43:30.361+0000] {logging_mixin.py:188} INFO - [2025-08-02T22:43:30.361+0000] {dag.py:3036} INFO - Sync 1 DAGs
[2025-08-02T22:43:30.366+0000] {logging_mixin.py:188} INFO - [2025-08-02T22:43:30.365+0000] {dag.py:3823} INFO - Setting next_dagrun for dit_uq_stage2 to None, run_after=None
[2025-08-02T22:43:30.374+0000] {processor.py:183} INFO - Processing /opt/airflow/dags/dit_uq_stage2.py took 0.193 seconds
[2025-08-02T22:44:00.907+0000] {processor.py:161} INFO - Started process (PID=10144) to work on /opt/airflow/dags/dit_uq_stage2.py
[2025-08-02T22:44:00.908+0000] {processor.py:830} INFO - Processing file /opt/airflow/dags/dit_uq_stage2.py for tasks to queue
[2025-08-02T22:44:00.909+0000] {logging_mixin.py:188} INFO - [2025-08-02T22:44:00.909+0000] {dagbag.py:538} INFO - Filling up the DagBag from /opt/airflow/dags/dit_uq_stage2.py
[2025-08-02T22:44:01.036+0000] {processor.py:840} INFO - DAG(s) 'dit_uq_stage2' retrieved from /opt/airflow/dags/dit_uq_stage2.py
[2025-08-02T22:44:01.041+0000] {logging_mixin.py:188} INFO - [2025-08-02T22:44:01.041+0000] {dag.py:3036} INFO - Sync 1 DAGs
[2025-08-02T22:44:01.046+0000] {logging_mixin.py:188} INFO - [2025-08-02T22:44:01.046+0000] {dag.py:3823} INFO - Setting next_dagrun for dit_uq_stage2 to None, run_after=None
[2025-08-02T22:44:01.178+0000] {processor.py:183} INFO - Processing /opt/airflow/dags/dit_uq_stage2.py took 0.275 seconds
[2025-08-02T22:44:31.627+0000] {processor.py:161} INFO - Started process (PID=10206) to work on /opt/airflow/dags/dit_uq_stage2.py
[2025-08-02T22:44:31.629+0000] {processor.py:830} INFO - Processing file /opt/airflow/dags/dit_uq_stage2.py for tasks to queue
[2025-08-02T22:44:31.632+0000] {logging_mixin.py:188} INFO - [2025-08-02T22:44:31.631+0000] {dagbag.py:538} INFO - Filling up the DagBag from /opt/airflow/dags/dit_uq_stage2.py
[2025-08-02T22:44:31.755+0000] {processor.py:840} INFO - DAG(s) 'dit_uq_stage2' retrieved from /opt/airflow/dags/dit_uq_stage2.py
[2025-08-02T22:44:31.762+0000] {logging_mixin.py:188} INFO - [2025-08-02T22:44:31.761+0000] {dag.py:3036} INFO - Sync 1 DAGs
[2025-08-02T22:44:31.767+0000] {logging_mixin.py:188} INFO - [2025-08-02T22:44:31.767+0000] {dag.py:3823} INFO - Setting next_dagrun for dit_uq_stage2 to None, run_after=None
[2025-08-02T22:44:31.776+0000] {processor.py:183} INFO - Processing /opt/airflow/dags/dit_uq_stage2.py took 0.153 seconds
[2025-08-02T22:45:02.297+0000] {processor.py:161} INFO - Started process (PID=10268) to work on /opt/airflow/dags/dit_uq_stage2.py
[2025-08-02T22:45:02.298+0000] {processor.py:830} INFO - Processing file /opt/airflow/dags/dit_uq_stage2.py for tasks to queue
[2025-08-02T22:45:02.300+0000] {logging_mixin.py:188} INFO - [2025-08-02T22:45:02.300+0000] {dagbag.py:538} INFO - Filling up the DagBag from /opt/airflow/dags/dit_uq_stage2.py
[2025-08-02T22:45:02.426+0000] {processor.py:840} INFO - DAG(s) 'dit_uq_stage2' retrieved from /opt/airflow/dags/dit_uq_stage2.py
[2025-08-02T22:45:02.431+0000] {logging_mixin.py:188} INFO - [2025-08-02T22:45:02.431+0000] {dag.py:3036} INFO - Sync 1 DAGs
[2025-08-02T22:45:02.435+0000] {logging_mixin.py:188} INFO - [2025-08-02T22:45:02.435+0000] {dag.py:3823} INFO - Setting next_dagrun for dit_uq_stage2 to None, run_after=None
[2025-08-02T22:45:02.445+0000] {processor.py:183} INFO - Processing /opt/airflow/dags/dit_uq_stage2.py took 0.152 seconds
[2025-08-02T22:45:32.887+0000] {processor.py:161} INFO - Started process (PID=10330) to work on /opt/airflow/dags/dit_uq_stage2.py
[2025-08-02T22:45:32.889+0000] {processor.py:830} INFO - Processing file /opt/airflow/dags/dit_uq_stage2.py for tasks to queue
[2025-08-02T22:45:32.891+0000] {logging_mixin.py:188} INFO - [2025-08-02T22:45:32.890+0000] {dagbag.py:538} INFO - Filling up the DagBag from /opt/airflow/dags/dit_uq_stage2.py
[2025-08-02T22:45:33.008+0000] {processor.py:840} INFO - DAG(s) 'dit_uq_stage2' retrieved from /opt/airflow/dags/dit_uq_stage2.py
[2025-08-02T22:45:33.014+0000] {logging_mixin.py:188} INFO - [2025-08-02T22:45:33.013+0000] {dag.py:3036} INFO - Sync 1 DAGs
[2025-08-02T22:45:33.092+0000] {logging_mixin.py:188} INFO - [2025-08-02T22:45:33.092+0000] {dag.py:3823} INFO - Setting next_dagrun for dit_uq_stage2 to None, run_after=None
[2025-08-02T22:45:33.101+0000] {processor.py:183} INFO - Processing /opt/airflow/dags/dit_uq_stage2.py took 0.218 seconds
[2025-08-02T22:46:03.556+0000] {processor.py:161} INFO - Started process (PID=10392) to work on /opt/airflow/dags/dit_uq_stage2.py
[2025-08-02T22:46:03.558+0000] {processor.py:830} INFO - Processing file /opt/airflow/dags/dit_uq_stage2.py for tasks to queue
[2025-08-02T22:46:03.560+0000] {logging_mixin.py:188} INFO - [2025-08-02T22:46:03.560+0000] {dagbag.py:538} INFO - Filling up the DagBag from /opt/airflow/dags/dit_uq_stage2.py
[2025-08-02T22:46:03.745+0000] {processor.py:840} INFO - DAG(s) 'dit_uq_stage2' retrieved from /opt/airflow/dags/dit_uq_stage2.py
[2025-08-02T22:46:03.753+0000] {logging_mixin.py:188} INFO - [2025-08-02T22:46:03.753+0000] {dag.py:3036} INFO - Sync 1 DAGs
[2025-08-02T22:46:03.759+0000] {logging_mixin.py:188} INFO - [2025-08-02T22:46:03.759+0000] {dag.py:3823} INFO - Setting next_dagrun for dit_uq_stage2 to None, run_after=None
[2025-08-02T22:46:03.768+0000] {processor.py:183} INFO - Processing /opt/airflow/dags/dit_uq_stage2.py took 0.216 seconds
[2025-08-02T22:46:34.200+0000] {processor.py:161} INFO - Started process (PID=10454) to work on /opt/airflow/dags/dit_uq_stage2.py
[2025-08-02T22:46:34.202+0000] {processor.py:830} INFO - Processing file /opt/airflow/dags/dit_uq_stage2.py for tasks to queue
[2025-08-02T22:46:34.205+0000] {logging_mixin.py:188} INFO - [2025-08-02T22:46:34.204+0000] {dagbag.py:538} INFO - Filling up the DagBag from /opt/airflow/dags/dit_uq_stage2.py
[2025-08-02T22:46:34.423+0000] {processor.py:840} INFO - DAG(s) 'dit_uq_stage2' retrieved from /opt/airflow/dags/dit_uq_stage2.py
[2025-08-02T22:46:34.427+0000] {logging_mixin.py:188} INFO - [2025-08-02T22:46:34.427+0000] {dag.py:3036} INFO - Sync 1 DAGs
[2025-08-02T22:46:34.431+0000] {logging_mixin.py:188} INFO - [2025-08-02T22:46:34.431+0000] {dag.py:3823} INFO - Setting next_dagrun for dit_uq_stage2 to None, run_after=None
[2025-08-02T22:46:34.439+0000] {processor.py:183} INFO - Processing /opt/airflow/dags/dit_uq_stage2.py took 0.246 seconds
[2025-08-02T22:47:05.088+0000] {processor.py:161} INFO - Started process (PID=10516) to work on /opt/airflow/dags/dit_uq_stage2.py
[2025-08-02T22:47:05.090+0000] {processor.py:830} INFO - Processing file /opt/airflow/dags/dit_uq_stage2.py for tasks to queue
[2025-08-02T22:47:05.094+0000] {logging_mixin.py:188} INFO - [2025-08-02T22:47:05.093+0000] {dagbag.py:538} INFO - Filling up the DagBag from /opt/airflow/dags/dit_uq_stage2.py
[2025-08-02T22:47:05.474+0000] {processor.py:840} INFO - DAG(s) 'dit_uq_stage2' retrieved from /opt/airflow/dags/dit_uq_stage2.py
[2025-08-02T22:47:05.478+0000] {logging_mixin.py:188} INFO - [2025-08-02T22:47:05.478+0000] {dag.py:3036} INFO - Sync 1 DAGs
[2025-08-02T22:47:05.483+0000] {logging_mixin.py:188} INFO - [2025-08-02T22:47:05.483+0000] {dag.py:3823} INFO - Setting next_dagrun for dit_uq_stage2 to None, run_after=None
[2025-08-02T22:47:05.495+0000] {processor.py:183} INFO - Processing /opt/airflow/dags/dit_uq_stage2.py took 0.421 seconds
[2025-08-02T22:47:36.114+0000] {processor.py:161} INFO - Started process (PID=10578) to work on /opt/airflow/dags/dit_uq_stage2.py
[2025-08-02T22:47:36.115+0000] {processor.py:830} INFO - Processing file /opt/airflow/dags/dit_uq_stage2.py for tasks to queue
[2025-08-02T22:47:36.119+0000] {logging_mixin.py:188} INFO - [2025-08-02T22:47:36.119+0000] {dagbag.py:538} INFO - Filling up the DagBag from /opt/airflow/dags/dit_uq_stage2.py
[2025-08-02T22:47:36.380+0000] {processor.py:840} INFO - DAG(s) 'dit_uq_stage2' retrieved from /opt/airflow/dags/dit_uq_stage2.py
[2025-08-02T22:47:36.385+0000] {logging_mixin.py:188} INFO - [2025-08-02T22:47:36.384+0000] {dag.py:3036} INFO - Sync 1 DAGs
[2025-08-02T22:47:36.390+0000] {logging_mixin.py:188} INFO - [2025-08-02T22:47:36.389+0000] {dag.py:3823} INFO - Setting next_dagrun for dit_uq_stage2 to None, run_after=None
[2025-08-02T22:47:36.397+0000] {processor.py:183} INFO - Processing /opt/airflow/dags/dit_uq_stage2.py took 0.293 seconds
[2025-08-02T22:48:06.931+0000] {processor.py:161} INFO - Started process (PID=10640) to work on /opt/airflow/dags/dit_uq_stage2.py
[2025-08-02T22:48:06.933+0000] {processor.py:830} INFO - Processing file /opt/airflow/dags/dit_uq_stage2.py for tasks to queue
[2025-08-02T22:48:06.936+0000] {logging_mixin.py:188} INFO - [2025-08-02T22:48:06.935+0000] {dagbag.py:538} INFO - Filling up the DagBag from /opt/airflow/dags/dit_uq_stage2.py
[2025-08-02T22:48:07.183+0000] {processor.py:840} INFO - DAG(s) 'dit_uq_stage2' retrieved from /opt/airflow/dags/dit_uq_stage2.py
[2025-08-02T22:48:07.189+0000] {logging_mixin.py:188} INFO - [2025-08-02T22:48:07.189+0000] {dag.py:3036} INFO - Sync 1 DAGs
[2025-08-02T22:48:07.193+0000] {logging_mixin.py:188} INFO - [2025-08-02T22:48:07.193+0000] {dag.py:3823} INFO - Setting next_dagrun for dit_uq_stage2 to None, run_after=None
[2025-08-02T22:48:07.200+0000] {processor.py:183} INFO - Processing /opt/airflow/dags/dit_uq_stage2.py took 0.274 seconds
[2025-08-02T22:48:37.864+0000] {processor.py:161} INFO - Started process (PID=10702) to work on /opt/airflow/dags/dit_uq_stage2.py
[2025-08-02T22:48:37.867+0000] {processor.py:830} INFO - Processing file /opt/airflow/dags/dit_uq_stage2.py for tasks to queue
[2025-08-02T22:48:37.869+0000] {logging_mixin.py:188} INFO - [2025-08-02T22:48:37.869+0000] {dagbag.py:538} INFO - Filling up the DagBag from /opt/airflow/dags/dit_uq_stage2.py
[2025-08-02T22:48:38.112+0000] {processor.py:840} INFO - DAG(s) 'dit_uq_stage2' retrieved from /opt/airflow/dags/dit_uq_stage2.py
[2025-08-02T22:48:38.117+0000] {logging_mixin.py:188} INFO - [2025-08-02T22:48:38.117+0000] {dag.py:3036} INFO - Sync 1 DAGs
[2025-08-02T22:48:38.121+0000] {logging_mixin.py:188} INFO - [2025-08-02T22:48:38.121+0000] {dag.py:3823} INFO - Setting next_dagrun for dit_uq_stage2 to None, run_after=None
[2025-08-02T22:48:38.131+0000] {processor.py:183} INFO - Processing /opt/airflow/dags/dit_uq_stage2.py took 0.272 seconds
[2025-08-02T22:49:08.614+0000] {processor.py:161} INFO - Started process (PID=10764) to work on /opt/airflow/dags/dit_uq_stage2.py
[2025-08-02T22:49:08.616+0000] {processor.py:830} INFO - Processing file /opt/airflow/dags/dit_uq_stage2.py for tasks to queue
[2025-08-02T22:49:08.619+0000] {logging_mixin.py:188} INFO - [2025-08-02T22:49:08.618+0000] {dagbag.py:538} INFO - Filling up the DagBag from /opt/airflow/dags/dit_uq_stage2.py
[2025-08-02T22:49:08.925+0000] {processor.py:840} INFO - DAG(s) 'dit_uq_stage2' retrieved from /opt/airflow/dags/dit_uq_stage2.py
[2025-08-02T22:49:08.931+0000] {logging_mixin.py:188} INFO - [2025-08-02T22:49:08.930+0000] {dag.py:3036} INFO - Sync 1 DAGs
[2025-08-02T22:49:08.936+0000] {logging_mixin.py:188} INFO - [2025-08-02T22:49:08.936+0000] {dag.py:3823} INFO - Setting next_dagrun for dit_uq_stage2 to None, run_after=None
[2025-08-02T22:49:08.944+0000] {processor.py:183} INFO - Processing /opt/airflow/dags/dit_uq_stage2.py took 0.337 seconds
[2025-08-02T22:49:39.491+0000] {processor.py:161} INFO - Started process (PID=10826) to work on /opt/airflow/dags/dit_uq_stage2.py
[2025-08-02T22:49:39.494+0000] {processor.py:830} INFO - Processing file /opt/airflow/dags/dit_uq_stage2.py for tasks to queue
[2025-08-02T22:49:39.496+0000] {logging_mixin.py:188} INFO - [2025-08-02T22:49:39.495+0000] {dagbag.py:538} INFO - Filling up the DagBag from /opt/airflow/dags/dit_uq_stage2.py
[2025-08-02T22:49:39.737+0000] {processor.py:840} INFO - DAG(s) 'dit_uq_stage2' retrieved from /opt/airflow/dags/dit_uq_stage2.py
[2025-08-02T22:49:39.745+0000] {logging_mixin.py:188} INFO - [2025-08-02T22:49:39.745+0000] {dag.py:3036} INFO - Sync 1 DAGs
[2025-08-02T22:49:39.750+0000] {logging_mixin.py:188} INFO - [2025-08-02T22:49:39.749+0000] {dag.py:3823} INFO - Setting next_dagrun for dit_uq_stage2 to None, run_after=None
[2025-08-02T22:49:39.757+0000] {processor.py:183} INFO - Processing /opt/airflow/dags/dit_uq_stage2.py took 0.271 seconds
[2025-08-02T22:50:10.189+0000] {processor.py:161} INFO - Started process (PID=10888) to work on /opt/airflow/dags/dit_uq_stage2.py
[2025-08-02T22:50:10.190+0000] {processor.py:830} INFO - Processing file /opt/airflow/dags/dit_uq_stage2.py for tasks to queue
[2025-08-02T22:50:10.192+0000] {logging_mixin.py:188} INFO - [2025-08-02T22:50:10.192+0000] {dagbag.py:538} INFO - Filling up the DagBag from /opt/airflow/dags/dit_uq_stage2.py
[2025-08-02T22:50:10.458+0000] {processor.py:840} INFO - DAG(s) 'dit_uq_stage2' retrieved from /opt/airflow/dags/dit_uq_stage2.py
[2025-08-02T22:50:10.463+0000] {logging_mixin.py:188} INFO - [2025-08-02T22:50:10.463+0000] {dag.py:3036} INFO - Sync 1 DAGs
[2025-08-02T22:50:10.468+0000] {logging_mixin.py:188} INFO - [2025-08-02T22:50:10.468+0000] {dag.py:3823} INFO - Setting next_dagrun for dit_uq_stage2 to None, run_after=None
[2025-08-02T22:50:10.476+0000] {processor.py:183} INFO - Processing /opt/airflow/dags/dit_uq_stage2.py took 0.293 seconds
[2025-08-02T22:50:40.967+0000] {processor.py:161} INFO - Started process (PID=10950) to work on /opt/airflow/dags/dit_uq_stage2.py
[2025-08-02T22:50:40.970+0000] {processor.py:830} INFO - Processing file /opt/airflow/dags/dit_uq_stage2.py for tasks to queue
[2025-08-02T22:50:40.973+0000] {logging_mixin.py:188} INFO - [2025-08-02T22:50:40.972+0000] {dagbag.py:538} INFO - Filling up the DagBag from /opt/airflow/dags/dit_uq_stage2.py
[2025-08-02T22:50:41.253+0000] {processor.py:840} INFO - DAG(s) 'dit_uq_stage2' retrieved from /opt/airflow/dags/dit_uq_stage2.py
[2025-08-02T22:50:41.260+0000] {logging_mixin.py:188} INFO - [2025-08-02T22:50:41.259+0000] {dag.py:3036} INFO - Sync 1 DAGs
[2025-08-02T22:50:41.264+0000] {logging_mixin.py:188} INFO - [2025-08-02T22:50:41.264+0000] {dag.py:3823} INFO - Setting next_dagrun for dit_uq_stage2 to None, run_after=None
[2025-08-02T22:50:41.274+0000] {processor.py:183} INFO - Processing /opt/airflow/dags/dit_uq_stage2.py took 0.314 seconds
[2025-08-02T22:51:11.793+0000] {processor.py:161} INFO - Started process (PID=11012) to work on /opt/airflow/dags/dit_uq_stage2.py
[2025-08-02T22:51:11.795+0000] {processor.py:830} INFO - Processing file /opt/airflow/dags/dit_uq_stage2.py for tasks to queue
[2025-08-02T22:51:11.796+0000] {logging_mixin.py:188} INFO - [2025-08-02T22:51:11.796+0000] {dagbag.py:538} INFO - Filling up the DagBag from /opt/airflow/dags/dit_uq_stage2.py
[2025-08-02T22:51:11.987+0000] {processor.py:840} INFO - DAG(s) 'dit_uq_stage2' retrieved from /opt/airflow/dags/dit_uq_stage2.py
[2025-08-02T22:51:11.990+0000] {logging_mixin.py:188} INFO - [2025-08-02T22:51:11.990+0000] {dag.py:3036} INFO - Sync 1 DAGs
[2025-08-02T22:51:11.994+0000] {logging_mixin.py:188} INFO - [2025-08-02T22:51:11.994+0000] {dag.py:3823} INFO - Setting next_dagrun for dit_uq_stage2 to None, run_after=None
[2025-08-02T22:51:12.002+0000] {processor.py:183} INFO - Processing /opt/airflow/dags/dit_uq_stage2.py took 0.213 seconds
[2025-08-02T22:51:42.435+0000] {processor.py:161} INFO - Started process (PID=11074) to work on /opt/airflow/dags/dit_uq_stage2.py
[2025-08-02T22:51:42.437+0000] {processor.py:830} INFO - Processing file /opt/airflow/dags/dit_uq_stage2.py for tasks to queue
[2025-08-02T22:51:42.441+0000] {logging_mixin.py:188} INFO - [2025-08-02T22:51:42.440+0000] {dagbag.py:538} INFO - Filling up the DagBag from /opt/airflow/dags/dit_uq_stage2.py
[2025-08-02T22:51:42.624+0000] {processor.py:840} INFO - DAG(s) 'dit_uq_stage2' retrieved from /opt/airflow/dags/dit_uq_stage2.py
[2025-08-02T22:51:42.628+0000] {logging_mixin.py:188} INFO - [2025-08-02T22:51:42.628+0000] {dag.py:3036} INFO - Sync 1 DAGs
[2025-08-02T22:51:42.632+0000] {logging_mixin.py:188} INFO - [2025-08-02T22:51:42.632+0000] {dag.py:3823} INFO - Setting next_dagrun for dit_uq_stage2 to None, run_after=None
[2025-08-02T22:51:42.641+0000] {processor.py:183} INFO - Processing /opt/airflow/dags/dit_uq_stage2.py took 0.212 seconds
[2025-08-02T22:52:13.076+0000] {processor.py:161} INFO - Started process (PID=11136) to work on /opt/airflow/dags/dit_uq_stage2.py
[2025-08-02T22:52:13.078+0000] {processor.py:830} INFO - Processing file /opt/airflow/dags/dit_uq_stage2.py for tasks to queue
[2025-08-02T22:52:13.080+0000] {logging_mixin.py:188} INFO - [2025-08-02T22:52:13.079+0000] {dagbag.py:538} INFO - Filling up the DagBag from /opt/airflow/dags/dit_uq_stage2.py
[2025-08-02T22:52:13.388+0000] {processor.py:840} INFO - DAG(s) 'dit_uq_stage2' retrieved from /opt/airflow/dags/dit_uq_stage2.py
[2025-08-02T22:52:13.394+0000] {logging_mixin.py:188} INFO - [2025-08-02T22:52:13.394+0000] {dag.py:3036} INFO - Sync 1 DAGs
[2025-08-02T22:52:13.399+0000] {logging_mixin.py:188} INFO - [2025-08-02T22:52:13.399+0000] {dag.py:3823} INFO - Setting next_dagrun for dit_uq_stage2 to None, run_after=None
[2025-08-02T22:52:13.407+0000] {processor.py:183} INFO - Processing /opt/airflow/dags/dit_uq_stage2.py took 0.336 seconds
[2025-08-02T22:52:43.934+0000] {processor.py:161} INFO - Started process (PID=11198) to work on /opt/airflow/dags/dit_uq_stage2.py
[2025-08-02T22:52:43.935+0000] {processor.py:830} INFO - Processing file /opt/airflow/dags/dit_uq_stage2.py for tasks to queue
[2025-08-02T22:52:43.937+0000] {logging_mixin.py:188} INFO - [2025-08-02T22:52:43.937+0000] {dagbag.py:538} INFO - Filling up the DagBag from /opt/airflow/dags/dit_uq_stage2.py
[2025-08-02T22:52:44.132+0000] {processor.py:840} INFO - DAG(s) 'dit_uq_stage2' retrieved from /opt/airflow/dags/dit_uq_stage2.py
[2025-08-02T22:52:44.137+0000] {logging_mixin.py:188} INFO - [2025-08-02T22:52:44.137+0000] {dag.py:3036} INFO - Sync 1 DAGs
[2025-08-02T22:52:44.141+0000] {logging_mixin.py:188} INFO - [2025-08-02T22:52:44.141+0000] {dag.py:3823} INFO - Setting next_dagrun for dit_uq_stage2 to None, run_after=None
[2025-08-02T22:52:44.150+0000] {processor.py:183} INFO - Processing /opt/airflow/dags/dit_uq_stage2.py took 0.220 seconds
