[2025-08-02T15:54:44.857+0000] {processor.py:161} INFO - Started process (PID=36) to work on /opt/airflow/dags/dit_uq_stage0_final.py
[2025-08-02T15:54:44.857+0000] {processor.py:830} INFO - Processing file /opt/airflow/dags/dit_uq_stage0_final.py for tasks to queue
[2025-08-02T15:54:44.858+0000] {logging_mixin.py:188} INFO - [2025-08-02T15:54:44.858+0000] {dagbag.py:538} INFO - Filling up the DagBag from /opt/airflow/dags/dit_uq_stage0_final.py
[2025-08-02T15:54:44.870+0000] {processor.py:840} INFO - DAG(s) 'dit_uq_stage0_final' retrieved from /opt/airflow/dags/dit_uq_stage0_final.py
[2025-08-02T15:54:44.918+0000] {logging_mixin.py:188} INFO - [2025-08-02T15:54:44.918+0000] {override.py:1769} INFO - Created Permission View: can edit on DAG:dit_uq_stage0_final
[2025-08-02T15:54:44.922+0000] {logging_mixin.py:188} INFO - [2025-08-02T15:54:44.921+0000] {override.py:1769} INFO - Created Permission View: can read on DAG:dit_uq_stage0_final
[2025-08-02T15:54:44.925+0000] {logging_mixin.py:188} INFO - [2025-08-02T15:54:44.925+0000] {override.py:1769} INFO - Created Permission View: can delete on DAG:dit_uq_stage0_final
[2025-08-02T15:54:44.925+0000] {logging_mixin.py:188} INFO - [2025-08-02T15:54:44.925+0000] {dag.py:3036} INFO - Sync 1 DAGs
[2025-08-02T15:54:44.930+0000] {logging_mixin.py:188} INFO - [2025-08-02T15:54:44.930+0000] {dag.py:3058} INFO - Creating ORM DAG for dit_uq_stage0_final
[2025-08-02T15:54:44.931+0000] {logging_mixin.py:188} INFO - [2025-08-02T15:54:44.931+0000] {dag.py:3823} INFO - Setting next_dagrun for dit_uq_stage0_final to None, run_after=None
[2025-08-02T15:54:44.940+0000] {processor.py:183} INFO - Processing /opt/airflow/dags/dit_uq_stage0_final.py took 0.085 seconds
[2025-08-02T15:55:15.616+0000] {processor.py:161} INFO - Started process (PID=94) to work on /opt/airflow/dags/dit_uq_stage0_final.py
[2025-08-02T15:55:15.618+0000] {processor.py:830} INFO - Processing file /opt/airflow/dags/dit_uq_stage0_final.py for tasks to queue
[2025-08-02T15:55:15.622+0000] {logging_mixin.py:188} INFO - [2025-08-02T15:55:15.622+0000] {dagbag.py:538} INFO - Filling up the DagBag from /opt/airflow/dags/dit_uq_stage0_final.py
[2025-08-02T15:55:15.631+0000] {processor.py:840} INFO - DAG(s) 'dit_uq_stage0_final' retrieved from /opt/airflow/dags/dit_uq_stage0_final.py
[2025-08-02T15:55:15.648+0000] {logging_mixin.py:188} INFO - [2025-08-02T15:55:15.648+0000] {dag.py:3036} INFO - Sync 1 DAGs
[2025-08-02T15:55:15.657+0000] {logging_mixin.py:188} INFO - [2025-08-02T15:55:15.657+0000] {dag.py:3823} INFO - Setting next_dagrun for dit_uq_stage0_final to None, run_after=None
[2025-08-02T15:55:15.670+0000] {processor.py:183} INFO - Processing /opt/airflow/dags/dit_uq_stage0_final.py took 0.059 seconds
[2025-08-02T15:55:46.074+0000] {processor.py:161} INFO - Started process (PID=152) to work on /opt/airflow/dags/dit_uq_stage0_final.py
[2025-08-02T15:55:46.075+0000] {processor.py:830} INFO - Processing file /opt/airflow/dags/dit_uq_stage0_final.py for tasks to queue
[2025-08-02T15:55:46.077+0000] {logging_mixin.py:188} INFO - [2025-08-02T15:55:46.077+0000] {dagbag.py:538} INFO - Filling up the DagBag from /opt/airflow/dags/dit_uq_stage0_final.py
[2025-08-02T15:55:46.082+0000] {processor.py:840} INFO - DAG(s) 'dit_uq_stage0_final' retrieved from /opt/airflow/dags/dit_uq_stage0_final.py
[2025-08-02T15:55:46.097+0000] {logging_mixin.py:188} INFO - [2025-08-02T15:55:46.097+0000] {dag.py:3036} INFO - Sync 1 DAGs
[2025-08-02T15:55:46.103+0000] {logging_mixin.py:188} INFO - [2025-08-02T15:55:46.103+0000] {dag.py:3823} INFO - Setting next_dagrun for dit_uq_stage0_final to None, run_after=None
[2025-08-02T15:55:46.114+0000] {processor.py:183} INFO - Processing /opt/airflow/dags/dit_uq_stage0_final.py took 0.044 seconds
[2025-08-02T15:56:16.543+0000] {processor.py:161} INFO - Started process (PID=210) to work on /opt/airflow/dags/dit_uq_stage0_final.py
[2025-08-02T15:56:16.545+0000] {processor.py:830} INFO - Processing file /opt/airflow/dags/dit_uq_stage0_final.py for tasks to queue
[2025-08-02T15:56:16.547+0000] {logging_mixin.py:188} INFO - [2025-08-02T15:56:16.546+0000] {dagbag.py:538} INFO - Filling up the DagBag from /opt/airflow/dags/dit_uq_stage0_final.py
[2025-08-02T15:56:16.554+0000] {processor.py:840} INFO - DAG(s) 'dit_uq_stage0_final' retrieved from /opt/airflow/dags/dit_uq_stage0_final.py
[2025-08-02T15:56:16.569+0000] {logging_mixin.py:188} INFO - [2025-08-02T15:56:16.569+0000] {dag.py:3036} INFO - Sync 1 DAGs
[2025-08-02T15:56:16.577+0000] {logging_mixin.py:188} INFO - [2025-08-02T15:56:16.577+0000] {dag.py:3823} INFO - Setting next_dagrun for dit_uq_stage0_final to None, run_after=None
[2025-08-02T15:56:16.593+0000] {processor.py:183} INFO - Processing /opt/airflow/dags/dit_uq_stage0_final.py took 0.052 seconds
[2025-08-02T15:56:47.116+0000] {processor.py:161} INFO - Started process (PID=274) to work on /opt/airflow/dags/dit_uq_stage0_final.py
[2025-08-02T15:56:47.117+0000] {processor.py:830} INFO - Processing file /opt/airflow/dags/dit_uq_stage0_final.py for tasks to queue
[2025-08-02T15:56:47.120+0000] {logging_mixin.py:188} INFO - [2025-08-02T15:56:47.120+0000] {dagbag.py:538} INFO - Filling up the DagBag from /opt/airflow/dags/dit_uq_stage0_final.py
[2025-08-02T15:56:47.127+0000] {processor.py:840} INFO - DAG(s) 'dit_uq_stage0_final' retrieved from /opt/airflow/dags/dit_uq_stage0_final.py
[2025-08-02T15:56:47.146+0000] {logging_mixin.py:188} INFO - [2025-08-02T15:56:47.146+0000] {dag.py:3036} INFO - Sync 1 DAGs
[2025-08-02T15:56:47.153+0000] {logging_mixin.py:188} INFO - [2025-08-02T15:56:47.153+0000] {dag.py:3823} INFO - Setting next_dagrun for dit_uq_stage0_final to None, run_after=None
[2025-08-02T15:56:47.164+0000] {processor.py:183} INFO - Processing /opt/airflow/dags/dit_uq_stage0_final.py took 0.054 seconds
[2025-08-02T15:57:17.579+0000] {processor.py:161} INFO - Started process (PID=332) to work on /opt/airflow/dags/dit_uq_stage0_final.py
[2025-08-02T15:57:17.581+0000] {processor.py:830} INFO - Processing file /opt/airflow/dags/dit_uq_stage0_final.py for tasks to queue
[2025-08-02T15:57:17.584+0000] {logging_mixin.py:188} INFO - [2025-08-02T15:57:17.583+0000] {dagbag.py:538} INFO - Filling up the DagBag from /opt/airflow/dags/dit_uq_stage0_final.py
[2025-08-02T15:57:17.591+0000] {processor.py:840} INFO - DAG(s) 'dit_uq_stage0_final' retrieved from /opt/airflow/dags/dit_uq_stage0_final.py
[2025-08-02T15:57:17.607+0000] {logging_mixin.py:188} INFO - [2025-08-02T15:57:17.607+0000] {dag.py:3036} INFO - Sync 1 DAGs
[2025-08-02T15:57:17.615+0000] {logging_mixin.py:188} INFO - [2025-08-02T15:57:17.615+0000] {dag.py:3823} INFO - Setting next_dagrun for dit_uq_stage0_final to None, run_after=None
[2025-08-02T15:57:17.626+0000] {processor.py:183} INFO - Processing /opt/airflow/dags/dit_uq_stage0_final.py took 0.052 seconds
[2025-08-02T15:57:48.118+0000] {processor.py:161} INFO - Started process (PID=390) to work on /opt/airflow/dags/dit_uq_stage0_final.py
[2025-08-02T15:57:48.119+0000] {processor.py:830} INFO - Processing file /opt/airflow/dags/dit_uq_stage0_final.py for tasks to queue
[2025-08-02T15:57:48.122+0000] {logging_mixin.py:188} INFO - [2025-08-02T15:57:48.121+0000] {dagbag.py:538} INFO - Filling up the DagBag from /opt/airflow/dags/dit_uq_stage0_final.py
[2025-08-02T15:57:48.130+0000] {processor.py:840} INFO - DAG(s) 'dit_uq_stage0_final' retrieved from /opt/airflow/dags/dit_uq_stage0_final.py
[2025-08-02T15:57:48.144+0000] {logging_mixin.py:188} INFO - [2025-08-02T15:57:48.144+0000] {dag.py:3036} INFO - Sync 1 DAGs
[2025-08-02T15:57:48.150+0000] {logging_mixin.py:188} INFO - [2025-08-02T15:57:48.150+0000] {dag.py:3823} INFO - Setting next_dagrun for dit_uq_stage0_final to None, run_after=None
[2025-08-02T15:57:48.160+0000] {processor.py:183} INFO - Processing /opt/airflow/dags/dit_uq_stage0_final.py took 0.046 seconds
[2025-08-02T15:58:18.593+0000] {processor.py:161} INFO - Started process (PID=448) to work on /opt/airflow/dags/dit_uq_stage0_final.py
[2025-08-02T15:58:18.594+0000] {processor.py:830} INFO - Processing file /opt/airflow/dags/dit_uq_stage0_final.py for tasks to queue
[2025-08-02T15:58:18.596+0000] {logging_mixin.py:188} INFO - [2025-08-02T15:58:18.596+0000] {dagbag.py:538} INFO - Filling up the DagBag from /opt/airflow/dags/dit_uq_stage0_final.py
[2025-08-02T15:58:18.602+0000] {processor.py:840} INFO - DAG(s) 'dit_uq_stage0_final' retrieved from /opt/airflow/dags/dit_uq_stage0_final.py
[2025-08-02T15:58:18.615+0000] {logging_mixin.py:188} INFO - [2025-08-02T15:58:18.614+0000] {dag.py:3036} INFO - Sync 1 DAGs
[2025-08-02T15:58:18.624+0000] {logging_mixin.py:188} INFO - [2025-08-02T15:58:18.624+0000] {dag.py:3823} INFO - Setting next_dagrun for dit_uq_stage0_final to None, run_after=None
[2025-08-02T15:58:18.634+0000] {processor.py:183} INFO - Processing /opt/airflow/dags/dit_uq_stage0_final.py took 0.044 seconds
[2025-08-02T15:58:49.109+0000] {processor.py:161} INFO - Started process (PID=506) to work on /opt/airflow/dags/dit_uq_stage0_final.py
[2025-08-02T15:58:49.110+0000] {processor.py:830} INFO - Processing file /opt/airflow/dags/dit_uq_stage0_final.py for tasks to queue
[2025-08-02T15:58:49.112+0000] {logging_mixin.py:188} INFO - [2025-08-02T15:58:49.112+0000] {dagbag.py:538} INFO - Filling up the DagBag from /opt/airflow/dags/dit_uq_stage0_final.py
[2025-08-02T15:58:49.120+0000] {processor.py:840} INFO - DAG(s) 'dit_uq_stage0_final' retrieved from /opt/airflow/dags/dit_uq_stage0_final.py
[2025-08-02T15:58:49.133+0000] {logging_mixin.py:188} INFO - [2025-08-02T15:58:49.133+0000] {dag.py:3036} INFO - Sync 1 DAGs
[2025-08-02T15:58:49.139+0000] {logging_mixin.py:188} INFO - [2025-08-02T15:58:49.139+0000] {dag.py:3823} INFO - Setting next_dagrun for dit_uq_stage0_final to None, run_after=None
[2025-08-02T15:58:49.150+0000] {processor.py:183} INFO - Processing /opt/airflow/dags/dit_uq_stage0_final.py took 0.045 seconds
[2025-08-02T15:59:19.578+0000] {processor.py:161} INFO - Started process (PID=564) to work on /opt/airflow/dags/dit_uq_stage0_final.py
[2025-08-02T15:59:19.580+0000] {processor.py:830} INFO - Processing file /opt/airflow/dags/dit_uq_stage0_final.py for tasks to queue
[2025-08-02T15:59:19.582+0000] {logging_mixin.py:188} INFO - [2025-08-02T15:59:19.582+0000] {dagbag.py:538} INFO - Filling up the DagBag from /opt/airflow/dags/dit_uq_stage0_final.py
[2025-08-02T15:59:19.594+0000] {processor.py:840} INFO - DAG(s) 'dit_uq_stage0_final' retrieved from /opt/airflow/dags/dit_uq_stage0_final.py
[2025-08-02T15:59:19.612+0000] {logging_mixin.py:188} INFO - [2025-08-02T15:59:19.612+0000] {dag.py:3036} INFO - Sync 1 DAGs
[2025-08-02T15:59:19.621+0000] {logging_mixin.py:188} INFO - [2025-08-02T15:59:19.621+0000] {dag.py:3823} INFO - Setting next_dagrun for dit_uq_stage0_final to None, run_after=None
[2025-08-02T15:59:19.635+0000] {processor.py:183} INFO - Processing /opt/airflow/dags/dit_uq_stage0_final.py took 0.060 seconds
[2025-08-02T15:59:50.307+0000] {processor.py:161} INFO - Started process (PID=622) to work on /opt/airflow/dags/dit_uq_stage0_final.py
[2025-08-02T15:59:50.310+0000] {processor.py:830} INFO - Processing file /opt/airflow/dags/dit_uq_stage0_final.py for tasks to queue
[2025-08-02T15:59:50.314+0000] {logging_mixin.py:188} INFO - [2025-08-02T15:59:50.314+0000] {dagbag.py:538} INFO - Filling up the DagBag from /opt/airflow/dags/dit_uq_stage0_final.py
[2025-08-02T15:59:50.324+0000] {processor.py:840} INFO - DAG(s) 'dit_uq_stage0_final' retrieved from /opt/airflow/dags/dit_uq_stage0_final.py
[2025-08-02T15:59:50.343+0000] {logging_mixin.py:188} INFO - [2025-08-02T15:59:50.343+0000] {dag.py:3036} INFO - Sync 1 DAGs
[2025-08-02T15:59:50.354+0000] {logging_mixin.py:188} INFO - [2025-08-02T15:59:50.353+0000] {dag.py:3823} INFO - Setting next_dagrun for dit_uq_stage0_final to None, run_after=None
[2025-08-02T15:59:50.366+0000] {processor.py:183} INFO - Processing /opt/airflow/dags/dit_uq_stage0_final.py took 0.064 seconds
[2025-08-02T16:00:21.131+0000] {processor.py:161} INFO - Started process (PID=680) to work on /opt/airflow/dags/dit_uq_stage0_final.py
[2025-08-02T16:00:21.132+0000] {processor.py:830} INFO - Processing file /opt/airflow/dags/dit_uq_stage0_final.py for tasks to queue
[2025-08-02T16:00:21.134+0000] {logging_mixin.py:188} INFO - [2025-08-02T16:00:21.134+0000] {dagbag.py:538} INFO - Filling up the DagBag from /opt/airflow/dags/dit_uq_stage0_final.py
[2025-08-02T16:00:21.141+0000] {processor.py:840} INFO - DAG(s) 'dit_uq_stage0_final' retrieved from /opt/airflow/dags/dit_uq_stage0_final.py
[2025-08-02T16:00:21.156+0000] {logging_mixin.py:188} INFO - [2025-08-02T16:00:21.156+0000] {dag.py:3036} INFO - Sync 1 DAGs
[2025-08-02T16:00:21.164+0000] {logging_mixin.py:188} INFO - [2025-08-02T16:00:21.164+0000] {dag.py:3823} INFO - Setting next_dagrun for dit_uq_stage0_final to None, run_after=None
[2025-08-02T16:00:21.175+0000] {processor.py:183} INFO - Processing /opt/airflow/dags/dit_uq_stage0_final.py took 0.048 seconds
[2025-08-02T16:00:51.670+0000] {processor.py:161} INFO - Started process (PID=738) to work on /opt/airflow/dags/dit_uq_stage0_final.py
[2025-08-02T16:00:51.670+0000] {processor.py:830} INFO - Processing file /opt/airflow/dags/dit_uq_stage0_final.py for tasks to queue
[2025-08-02T16:00:51.672+0000] {logging_mixin.py:188} INFO - [2025-08-02T16:00:51.672+0000] {dagbag.py:538} INFO - Filling up the DagBag from /opt/airflow/dags/dit_uq_stage0_final.py
[2025-08-02T16:00:51.676+0000] {processor.py:840} INFO - DAG(s) 'dit_uq_stage0_final' retrieved from /opt/airflow/dags/dit_uq_stage0_final.py
[2025-08-02T16:00:51.688+0000] {logging_mixin.py:188} INFO - [2025-08-02T16:00:51.688+0000] {dag.py:3036} INFO - Sync 1 DAGs
[2025-08-02T16:00:51.696+0000] {logging_mixin.py:188} INFO - [2025-08-02T16:00:51.695+0000] {dag.py:3823} INFO - Setting next_dagrun for dit_uq_stage0_final to None, run_after=None
[2025-08-02T16:00:51.705+0000] {processor.py:183} INFO - Processing /opt/airflow/dags/dit_uq_stage0_final.py took 0.037 seconds
[2025-08-02T16:01:22.200+0000] {processor.py:161} INFO - Started process (PID=796) to work on /opt/airflow/dags/dit_uq_stage0_final.py
[2025-08-02T16:01:22.203+0000] {processor.py:830} INFO - Processing file /opt/airflow/dags/dit_uq_stage0_final.py for tasks to queue
[2025-08-02T16:01:22.206+0000] {logging_mixin.py:188} INFO - [2025-08-02T16:01:22.206+0000] {dagbag.py:538} INFO - Filling up the DagBag from /opt/airflow/dags/dit_uq_stage0_final.py
[2025-08-02T16:01:22.217+0000] {processor.py:840} INFO - DAG(s) 'dit_uq_stage0_final' retrieved from /opt/airflow/dags/dit_uq_stage0_final.py
[2025-08-02T16:01:22.236+0000] {logging_mixin.py:188} INFO - [2025-08-02T16:01:22.236+0000] {dag.py:3036} INFO - Sync 1 DAGs
[2025-08-02T16:01:22.244+0000] {logging_mixin.py:188} INFO - [2025-08-02T16:01:22.244+0000] {dag.py:3823} INFO - Setting next_dagrun for dit_uq_stage0_final to None, run_after=None
[2025-08-02T16:01:22.257+0000] {processor.py:183} INFO - Processing /opt/airflow/dags/dit_uq_stage0_final.py took 0.063 seconds
[2025-08-02T16:01:52.897+0000] {processor.py:161} INFO - Started process (PID=854) to work on /opt/airflow/dags/dit_uq_stage0_final.py
[2025-08-02T16:01:52.898+0000] {processor.py:830} INFO - Processing file /opt/airflow/dags/dit_uq_stage0_final.py for tasks to queue
[2025-08-02T16:01:52.900+0000] {logging_mixin.py:188} INFO - [2025-08-02T16:01:52.900+0000] {dagbag.py:538} INFO - Filling up the DagBag from /opt/airflow/dags/dit_uq_stage0_final.py
[2025-08-02T16:01:52.907+0000] {processor.py:840} INFO - DAG(s) 'dit_uq_stage0_final' retrieved from /opt/airflow/dags/dit_uq_stage0_final.py
[2025-08-02T16:01:52.924+0000] {logging_mixin.py:188} INFO - [2025-08-02T16:01:52.924+0000] {dag.py:3036} INFO - Sync 1 DAGs
[2025-08-02T16:01:52.934+0000] {logging_mixin.py:188} INFO - [2025-08-02T16:01:52.934+0000] {dag.py:3823} INFO - Setting next_dagrun for dit_uq_stage0_final to None, run_after=None
[2025-08-02T16:01:52.955+0000] {processor.py:183} INFO - Processing /opt/airflow/dags/dit_uq_stage0_final.py took 0.062 seconds
[2025-08-02T16:02:23.698+0000] {processor.py:161} INFO - Started process (PID=912) to work on /opt/airflow/dags/dit_uq_stage0_final.py
[2025-08-02T16:02:23.699+0000] {processor.py:830} INFO - Processing file /opt/airflow/dags/dit_uq_stage0_final.py for tasks to queue
[2025-08-02T16:02:23.702+0000] {logging_mixin.py:188} INFO - [2025-08-02T16:02:23.702+0000] {dagbag.py:538} INFO - Filling up the DagBag from /opt/airflow/dags/dit_uq_stage0_final.py
[2025-08-02T16:02:23.710+0000] {processor.py:840} INFO - DAG(s) 'dit_uq_stage0_final' retrieved from /opt/airflow/dags/dit_uq_stage0_final.py
[2025-08-02T16:02:23.725+0000] {logging_mixin.py:188} INFO - [2025-08-02T16:02:23.725+0000] {dag.py:3036} INFO - Sync 1 DAGs
[2025-08-02T16:02:23.733+0000] {logging_mixin.py:188} INFO - [2025-08-02T16:02:23.733+0000] {dag.py:3823} INFO - Setting next_dagrun for dit_uq_stage0_final to None, run_after=None
[2025-08-02T16:02:23.746+0000] {processor.py:183} INFO - Processing /opt/airflow/dags/dit_uq_stage0_final.py took 0.052 seconds
[2025-08-02T16:02:54.365+0000] {processor.py:161} INFO - Started process (PID=970) to work on /opt/airflow/dags/dit_uq_stage0_final.py
[2025-08-02T16:02:54.368+0000] {processor.py:830} INFO - Processing file /opt/airflow/dags/dit_uq_stage0_final.py for tasks to queue
[2025-08-02T16:02:54.370+0000] {logging_mixin.py:188} INFO - [2025-08-02T16:02:54.369+0000] {dagbag.py:538} INFO - Filling up the DagBag from /opt/airflow/dags/dit_uq_stage0_final.py
[2025-08-02T16:02:54.377+0000] {processor.py:840} INFO - DAG(s) 'dit_uq_stage0_final' retrieved from /opt/airflow/dags/dit_uq_stage0_final.py
[2025-08-02T16:02:54.392+0000] {logging_mixin.py:188} INFO - [2025-08-02T16:02:54.392+0000] {dag.py:3036} INFO - Sync 1 DAGs
[2025-08-02T16:02:54.402+0000] {logging_mixin.py:188} INFO - [2025-08-02T16:02:54.402+0000] {dag.py:3823} INFO - Setting next_dagrun for dit_uq_stage0_final to None, run_after=None
[2025-08-02T16:02:54.413+0000] {processor.py:183} INFO - Processing /opt/airflow/dags/dit_uq_stage0_final.py took 0.052 seconds
[2025-08-02T16:03:24.962+0000] {processor.py:161} INFO - Started process (PID=1028) to work on /opt/airflow/dags/dit_uq_stage0_final.py
[2025-08-02T16:03:24.963+0000] {processor.py:830} INFO - Processing file /opt/airflow/dags/dit_uq_stage0_final.py for tasks to queue
[2025-08-02T16:03:24.965+0000] {logging_mixin.py:188} INFO - [2025-08-02T16:03:24.965+0000] {dagbag.py:538} INFO - Filling up the DagBag from /opt/airflow/dags/dit_uq_stage0_final.py
[2025-08-02T16:03:24.975+0000] {processor.py:840} INFO - DAG(s) 'dit_uq_stage0_final' retrieved from /opt/airflow/dags/dit_uq_stage0_final.py
[2025-08-02T16:03:24.995+0000] {logging_mixin.py:188} INFO - [2025-08-02T16:03:24.995+0000] {dag.py:3036} INFO - Sync 1 DAGs
[2025-08-02T16:03:25.005+0000] {logging_mixin.py:188} INFO - [2025-08-02T16:03:25.004+0000] {dag.py:3823} INFO - Setting next_dagrun for dit_uq_stage0_final to None, run_after=None
[2025-08-02T16:03:25.018+0000] {processor.py:183} INFO - Processing /opt/airflow/dags/dit_uq_stage0_final.py took 0.062 seconds
[2025-08-02T16:03:55.758+0000] {processor.py:161} INFO - Started process (PID=1086) to work on /opt/airflow/dags/dit_uq_stage0_final.py
[2025-08-02T16:03:55.760+0000] {processor.py:830} INFO - Processing file /opt/airflow/dags/dit_uq_stage0_final.py for tasks to queue
[2025-08-02T16:03:55.762+0000] {logging_mixin.py:188} INFO - [2025-08-02T16:03:55.762+0000] {dagbag.py:538} INFO - Filling up the DagBag from /opt/airflow/dags/dit_uq_stage0_final.py
[2025-08-02T16:03:55.768+0000] {processor.py:840} INFO - DAG(s) 'dit_uq_stage0_final' retrieved from /opt/airflow/dags/dit_uq_stage0_final.py
[2025-08-02T16:03:55.781+0000] {logging_mixin.py:188} INFO - [2025-08-02T16:03:55.781+0000] {dag.py:3036} INFO - Sync 1 DAGs
[2025-08-02T16:03:55.787+0000] {logging_mixin.py:188} INFO - [2025-08-02T16:03:55.787+0000] {dag.py:3823} INFO - Setting next_dagrun for dit_uq_stage0_final to None, run_after=None
[2025-08-02T16:03:55.796+0000] {processor.py:183} INFO - Processing /opt/airflow/dags/dit_uq_stage0_final.py took 0.041 seconds
[2025-08-02T16:04:26.230+0000] {processor.py:161} INFO - Started process (PID=1144) to work on /opt/airflow/dags/dit_uq_stage0_final.py
[2025-08-02T16:04:26.231+0000] {processor.py:830} INFO - Processing file /opt/airflow/dags/dit_uq_stage0_final.py for tasks to queue
[2025-08-02T16:04:26.233+0000] {logging_mixin.py:188} INFO - [2025-08-02T16:04:26.233+0000] {dagbag.py:538} INFO - Filling up the DagBag from /opt/airflow/dags/dit_uq_stage0_final.py
[2025-08-02T16:04:26.240+0000] {processor.py:840} INFO - DAG(s) 'dit_uq_stage0_final' retrieved from /opt/airflow/dags/dit_uq_stage0_final.py
[2025-08-02T16:04:26.254+0000] {logging_mixin.py:188} INFO - [2025-08-02T16:04:26.254+0000] {dag.py:3036} INFO - Sync 1 DAGs
[2025-08-02T16:04:26.259+0000] {logging_mixin.py:188} INFO - [2025-08-02T16:04:26.259+0000] {dag.py:3823} INFO - Setting next_dagrun for dit_uq_stage0_final to None, run_after=None
[2025-08-02T16:04:26.268+0000] {processor.py:183} INFO - Processing /opt/airflow/dags/dit_uq_stage0_final.py took 0.042 seconds
[2025-08-02T16:04:56.698+0000] {processor.py:161} INFO - Started process (PID=1202) to work on /opt/airflow/dags/dit_uq_stage0_final.py
[2025-08-02T16:04:56.701+0000] {processor.py:830} INFO - Processing file /opt/airflow/dags/dit_uq_stage0_final.py for tasks to queue
[2025-08-02T16:04:56.703+0000] {logging_mixin.py:188} INFO - [2025-08-02T16:04:56.702+0000] {dagbag.py:538} INFO - Filling up the DagBag from /opt/airflow/dags/dit_uq_stage0_final.py
[2025-08-02T16:04:56.712+0000] {processor.py:840} INFO - DAG(s) 'dit_uq_stage0_final' retrieved from /opt/airflow/dags/dit_uq_stage0_final.py
[2025-08-02T16:04:56.725+0000] {logging_mixin.py:188} INFO - [2025-08-02T16:04:56.725+0000] {dag.py:3036} INFO - Sync 1 DAGs
[2025-08-02T16:04:56.732+0000] {logging_mixin.py:188} INFO - [2025-08-02T16:04:56.732+0000] {dag.py:3823} INFO - Setting next_dagrun for dit_uq_stage0_final to None, run_after=None
[2025-08-02T16:04:56.743+0000] {processor.py:183} INFO - Processing /opt/airflow/dags/dit_uq_stage0_final.py took 0.050 seconds
[2025-08-02T16:05:27.209+0000] {processor.py:161} INFO - Started process (PID=1260) to work on /opt/airflow/dags/dit_uq_stage0_final.py
[2025-08-02T16:05:27.211+0000] {processor.py:830} INFO - Processing file /opt/airflow/dags/dit_uq_stage0_final.py for tasks to queue
[2025-08-02T16:05:27.214+0000] {logging_mixin.py:188} INFO - [2025-08-02T16:05:27.213+0000] {dagbag.py:538} INFO - Filling up the DagBag from /opt/airflow/dags/dit_uq_stage0_final.py
[2025-08-02T16:05:27.222+0000] {processor.py:840} INFO - DAG(s) 'dit_uq_stage0_final' retrieved from /opt/airflow/dags/dit_uq_stage0_final.py
[2025-08-02T16:05:27.251+0000] {logging_mixin.py:188} INFO - [2025-08-02T16:05:27.250+0000] {dag.py:3036} INFO - Sync 1 DAGs
[2025-08-02T16:05:27.259+0000] {logging_mixin.py:188} INFO - [2025-08-02T16:05:27.259+0000] {dag.py:3823} INFO - Setting next_dagrun for dit_uq_stage0_final to None, run_after=None
[2025-08-02T16:05:27.273+0000] {processor.py:183} INFO - Processing /opt/airflow/dags/dit_uq_stage0_final.py took 0.069 seconds
[2025-08-02T16:05:57.799+0000] {processor.py:161} INFO - Started process (PID=1318) to work on /opt/airflow/dags/dit_uq_stage0_final.py
[2025-08-02T16:05:57.800+0000] {processor.py:830} INFO - Processing file /opt/airflow/dags/dit_uq_stage0_final.py for tasks to queue
[2025-08-02T16:05:57.803+0000] {logging_mixin.py:188} INFO - [2025-08-02T16:05:57.802+0000] {dagbag.py:538} INFO - Filling up the DagBag from /opt/airflow/dags/dit_uq_stage0_final.py
[2025-08-02T16:05:57.809+0000] {processor.py:840} INFO - DAG(s) 'dit_uq_stage0_final' retrieved from /opt/airflow/dags/dit_uq_stage0_final.py
[2025-08-02T16:05:57.823+0000] {logging_mixin.py:188} INFO - [2025-08-02T16:05:57.823+0000] {dag.py:3036} INFO - Sync 1 DAGs
[2025-08-02T16:05:57.830+0000] {logging_mixin.py:188} INFO - [2025-08-02T16:05:57.830+0000] {dag.py:3823} INFO - Setting next_dagrun for dit_uq_stage0_final to None, run_after=None
[2025-08-02T16:05:57.841+0000] {processor.py:183} INFO - Processing /opt/airflow/dags/dit_uq_stage0_final.py took 0.045 seconds
[2025-08-02T16:06:28.459+0000] {processor.py:161} INFO - Started process (PID=1376) to work on /opt/airflow/dags/dit_uq_stage0_final.py
[2025-08-02T16:06:28.461+0000] {processor.py:830} INFO - Processing file /opt/airflow/dags/dit_uq_stage0_final.py for tasks to queue
[2025-08-02T16:06:28.464+0000] {logging_mixin.py:188} INFO - [2025-08-02T16:06:28.464+0000] {dagbag.py:538} INFO - Filling up the DagBag from /opt/airflow/dags/dit_uq_stage0_final.py
[2025-08-02T16:06:28.470+0000] {processor.py:840} INFO - DAG(s) 'dit_uq_stage0_final' retrieved from /opt/airflow/dags/dit_uq_stage0_final.py
[2025-08-02T16:06:28.483+0000] {logging_mixin.py:188} INFO - [2025-08-02T16:06:28.483+0000] {dag.py:3036} INFO - Sync 1 DAGs
[2025-08-02T16:06:28.488+0000] {logging_mixin.py:188} INFO - [2025-08-02T16:06:28.488+0000] {dag.py:3823} INFO - Setting next_dagrun for dit_uq_stage0_final to None, run_after=None
[2025-08-02T16:06:28.500+0000] {processor.py:183} INFO - Processing /opt/airflow/dags/dit_uq_stage0_final.py took 0.045 seconds
[2025-08-02T16:06:59.013+0000] {processor.py:161} INFO - Started process (PID=1434) to work on /opt/airflow/dags/dit_uq_stage0_final.py
[2025-08-02T16:06:59.014+0000] {processor.py:830} INFO - Processing file /opt/airflow/dags/dit_uq_stage0_final.py for tasks to queue
[2025-08-02T16:06:59.016+0000] {logging_mixin.py:188} INFO - [2025-08-02T16:06:59.016+0000] {dagbag.py:538} INFO - Filling up the DagBag from /opt/airflow/dags/dit_uq_stage0_final.py
[2025-08-02T16:06:59.022+0000] {processor.py:840} INFO - DAG(s) 'dit_uq_stage0_final' retrieved from /opt/airflow/dags/dit_uq_stage0_final.py
[2025-08-02T16:06:59.034+0000] {logging_mixin.py:188} INFO - [2025-08-02T16:06:59.034+0000] {dag.py:3036} INFO - Sync 1 DAGs
[2025-08-02T16:06:59.042+0000] {logging_mixin.py:188} INFO - [2025-08-02T16:06:59.041+0000] {dag.py:3823} INFO - Setting next_dagrun for dit_uq_stage0_final to None, run_after=None
[2025-08-02T16:06:59.052+0000] {processor.py:183} INFO - Processing /opt/airflow/dags/dit_uq_stage0_final.py took 0.043 seconds
[2025-08-02T16:07:29.528+0000] {processor.py:161} INFO - Started process (PID=1492) to work on /opt/airflow/dags/dit_uq_stage0_final.py
[2025-08-02T16:07:29.530+0000] {processor.py:830} INFO - Processing file /opt/airflow/dags/dit_uq_stage0_final.py for tasks to queue
[2025-08-02T16:07:29.532+0000] {logging_mixin.py:188} INFO - [2025-08-02T16:07:29.532+0000] {dagbag.py:538} INFO - Filling up the DagBag from /opt/airflow/dags/dit_uq_stage0_final.py
[2025-08-02T16:07:29.539+0000] {processor.py:840} INFO - DAG(s) 'dit_uq_stage0_final' retrieved from /opt/airflow/dags/dit_uq_stage0_final.py
[2025-08-02T16:07:29.551+0000] {logging_mixin.py:188} INFO - [2025-08-02T16:07:29.551+0000] {dag.py:3036} INFO - Sync 1 DAGs
[2025-08-02T16:07:29.557+0000] {logging_mixin.py:188} INFO - [2025-08-02T16:07:29.556+0000] {dag.py:3823} INFO - Setting next_dagrun for dit_uq_stage0_final to None, run_after=None
[2025-08-02T16:07:29.650+0000] {processor.py:183} INFO - Processing /opt/airflow/dags/dit_uq_stage0_final.py took 0.126 seconds
[2025-08-02T16:07:59.991+0000] {processor.py:161} INFO - Started process (PID=1550) to work on /opt/airflow/dags/dit_uq_stage0_final.py
[2025-08-02T16:07:59.993+0000] {processor.py:830} INFO - Processing file /opt/airflow/dags/dit_uq_stage0_final.py for tasks to queue
[2025-08-02T16:07:59.995+0000] {logging_mixin.py:188} INFO - [2025-08-02T16:07:59.994+0000] {dagbag.py:538} INFO - Filling up the DagBag from /opt/airflow/dags/dit_uq_stage0_final.py
[2025-08-02T16:08:00.001+0000] {processor.py:840} INFO - DAG(s) 'dit_uq_stage0_final' retrieved from /opt/airflow/dags/dit_uq_stage0_final.py
[2025-08-02T16:08:00.015+0000] {logging_mixin.py:188} INFO - [2025-08-02T16:08:00.015+0000] {dag.py:3036} INFO - Sync 1 DAGs
[2025-08-02T16:08:00.022+0000] {logging_mixin.py:188} INFO - [2025-08-02T16:08:00.022+0000] {dag.py:3823} INFO - Setting next_dagrun for dit_uq_stage0_final to None, run_after=None
[2025-08-02T16:08:00.114+0000] {processor.py:183} INFO - Processing /opt/airflow/dags/dit_uq_stage0_final.py took 0.127 seconds
[2025-08-02T16:08:30.536+0000] {processor.py:161} INFO - Started process (PID=1608) to work on /opt/airflow/dags/dit_uq_stage0_final.py
[2025-08-02T16:08:30.537+0000] {processor.py:830} INFO - Processing file /opt/airflow/dags/dit_uq_stage0_final.py for tasks to queue
[2025-08-02T16:08:30.540+0000] {logging_mixin.py:188} INFO - [2025-08-02T16:08:30.540+0000] {dagbag.py:538} INFO - Filling up the DagBag from /opt/airflow/dags/dit_uq_stage0_final.py
[2025-08-02T16:08:30.545+0000] {processor.py:840} INFO - DAG(s) 'dit_uq_stage0_final' retrieved from /opt/airflow/dags/dit_uq_stage0_final.py
[2025-08-02T16:08:30.557+0000] {logging_mixin.py:188} INFO - [2025-08-02T16:08:30.557+0000] {dag.py:3036} INFO - Sync 1 DAGs
[2025-08-02T16:08:30.569+0000] {logging_mixin.py:188} INFO - [2025-08-02T16:08:30.569+0000] {dag.py:3823} INFO - Setting next_dagrun for dit_uq_stage0_final to None, run_after=None
[2025-08-02T16:08:30.671+0000] {processor.py:183} INFO - Processing /opt/airflow/dags/dit_uq_stage0_final.py took 0.138 seconds
[2025-08-02T16:09:01.277+0000] {processor.py:161} INFO - Started process (PID=1666) to work on /opt/airflow/dags/dit_uq_stage0_final.py
[2025-08-02T16:09:01.278+0000] {processor.py:830} INFO - Processing file /opt/airflow/dags/dit_uq_stage0_final.py for tasks to queue
[2025-08-02T16:09:01.280+0000] {logging_mixin.py:188} INFO - [2025-08-02T16:09:01.280+0000] {dagbag.py:538} INFO - Filling up the DagBag from /opt/airflow/dags/dit_uq_stage0_final.py
[2025-08-02T16:09:01.286+0000] {processor.py:840} INFO - DAG(s) 'dit_uq_stage0_final' retrieved from /opt/airflow/dags/dit_uq_stage0_final.py
[2025-08-02T16:09:01.298+0000] {logging_mixin.py:188} INFO - [2025-08-02T16:09:01.298+0000] {dag.py:3036} INFO - Sync 1 DAGs
[2025-08-02T16:09:01.375+0000] {logging_mixin.py:188} INFO - [2025-08-02T16:09:01.374+0000] {dag.py:3823} INFO - Setting next_dagrun for dit_uq_stage0_final to None, run_after=None
[2025-08-02T16:09:01.381+0000] {processor.py:183} INFO - Processing /opt/airflow/dags/dit_uq_stage0_final.py took 0.108 seconds
[2025-08-02T16:09:31.889+0000] {processor.py:161} INFO - Started process (PID=1724) to work on /opt/airflow/dags/dit_uq_stage0_final.py
[2025-08-02T16:09:31.889+0000] {processor.py:830} INFO - Processing file /opt/airflow/dags/dit_uq_stage0_final.py for tasks to queue
[2025-08-02T16:09:31.891+0000] {logging_mixin.py:188} INFO - [2025-08-02T16:09:31.891+0000] {dagbag.py:538} INFO - Filling up the DagBag from /opt/airflow/dags/dit_uq_stage0_final.py
[2025-08-02T16:09:31.897+0000] {processor.py:840} INFO - DAG(s) 'dit_uq_stage0_final' retrieved from /opt/airflow/dags/dit_uq_stage0_final.py
[2025-08-02T16:09:31.910+0000] {logging_mixin.py:188} INFO - [2025-08-02T16:09:31.910+0000] {dag.py:3036} INFO - Sync 1 DAGs
[2025-08-02T16:09:31.988+0000] {logging_mixin.py:188} INFO - [2025-08-02T16:09:31.987+0000] {dag.py:3823} INFO - Setting next_dagrun for dit_uq_stage0_final to None, run_after=None
[2025-08-02T16:09:31.997+0000] {processor.py:183} INFO - Processing /opt/airflow/dags/dit_uq_stage0_final.py took 0.112 seconds
[2025-08-02T16:10:02.048+0000] {processor.py:161} INFO - Started process (PID=1782) to work on /opt/airflow/dags/dit_uq_stage0_final.py
[2025-08-02T16:10:02.049+0000] {processor.py:830} INFO - Processing file /opt/airflow/dags/dit_uq_stage0_final.py for tasks to queue
[2025-08-02T16:10:02.052+0000] {logging_mixin.py:188} INFO - [2025-08-02T16:10:02.052+0000] {dagbag.py:538} INFO - Filling up the DagBag from /opt/airflow/dags/dit_uq_stage0_final.py
[2025-08-02T16:10:02.065+0000] {processor.py:840} INFO - DAG(s) 'dit_uq_stage0_final' retrieved from /opt/airflow/dags/dit_uq_stage0_final.py
[2025-08-02T16:10:02.081+0000] {logging_mixin.py:188} INFO - [2025-08-02T16:10:02.081+0000] {dag.py:3036} INFO - Sync 1 DAGs
[2025-08-02T16:10:02.088+0000] {logging_mixin.py:188} INFO - [2025-08-02T16:10:02.088+0000] {dag.py:3823} INFO - Setting next_dagrun for dit_uq_stage0_final to None, run_after=None
[2025-08-02T16:10:02.098+0000] {processor.py:183} INFO - Processing /opt/airflow/dags/dit_uq_stage0_final.py took 0.055 seconds
[2025-08-02T16:10:32.547+0000] {processor.py:161} INFO - Started process (PID=1840) to work on /opt/airflow/dags/dit_uq_stage0_final.py
[2025-08-02T16:10:32.553+0000] {processor.py:830} INFO - Processing file /opt/airflow/dags/dit_uq_stage0_final.py for tasks to queue
[2025-08-02T16:10:32.561+0000] {logging_mixin.py:188} INFO - [2025-08-02T16:10:32.561+0000] {dagbag.py:538} INFO - Filling up the DagBag from /opt/airflow/dags/dit_uq_stage0_final.py
[2025-08-02T16:10:32.571+0000] {processor.py:840} INFO - DAG(s) 'dit_uq_stage0_final' retrieved from /opt/airflow/dags/dit_uq_stage0_final.py
[2025-08-02T16:10:32.585+0000] {logging_mixin.py:188} INFO - [2025-08-02T16:10:32.585+0000] {dag.py:3036} INFO - Sync 1 DAGs
[2025-08-02T16:10:32.593+0000] {logging_mixin.py:188} INFO - [2025-08-02T16:10:32.593+0000] {dag.py:3823} INFO - Setting next_dagrun for dit_uq_stage0_final to None, run_after=None
[2025-08-02T16:10:32.608+0000] {processor.py:183} INFO - Processing /opt/airflow/dags/dit_uq_stage0_final.py took 0.067 seconds
[2025-08-02T16:11:03.014+0000] {processor.py:161} INFO - Started process (PID=1898) to work on /opt/airflow/dags/dit_uq_stage0_final.py
[2025-08-02T16:11:03.016+0000] {processor.py:830} INFO - Processing file /opt/airflow/dags/dit_uq_stage0_final.py for tasks to queue
[2025-08-02T16:11:03.019+0000] {logging_mixin.py:188} INFO - [2025-08-02T16:11:03.019+0000] {dagbag.py:538} INFO - Filling up the DagBag from /opt/airflow/dags/dit_uq_stage0_final.py
[2025-08-02T16:11:03.030+0000] {processor.py:840} INFO - DAG(s) 'dit_uq_stage0_final' retrieved from /opt/airflow/dags/dit_uq_stage0_final.py
[2025-08-02T16:11:03.049+0000] {logging_mixin.py:188} INFO - [2025-08-02T16:11:03.049+0000] {dag.py:3036} INFO - Sync 1 DAGs
[2025-08-02T16:11:03.060+0000] {logging_mixin.py:188} INFO - [2025-08-02T16:11:03.060+0000] {dag.py:3823} INFO - Setting next_dagrun for dit_uq_stage0_final to None, run_after=None
[2025-08-02T16:11:03.070+0000] {processor.py:183} INFO - Processing /opt/airflow/dags/dit_uq_stage0_final.py took 0.062 seconds
[2025-08-02T16:11:33.622+0000] {processor.py:161} INFO - Started process (PID=1956) to work on /opt/airflow/dags/dit_uq_stage0_final.py
[2025-08-02T16:11:33.624+0000] {processor.py:830} INFO - Processing file /opt/airflow/dags/dit_uq_stage0_final.py for tasks to queue
[2025-08-02T16:11:33.627+0000] {logging_mixin.py:188} INFO - [2025-08-02T16:11:33.627+0000] {dagbag.py:538} INFO - Filling up the DagBag from /opt/airflow/dags/dit_uq_stage0_final.py
[2025-08-02T16:11:33.635+0000] {processor.py:840} INFO - DAG(s) 'dit_uq_stage0_final' retrieved from /opt/airflow/dags/dit_uq_stage0_final.py
[2025-08-02T16:11:33.653+0000] {logging_mixin.py:188} INFO - [2025-08-02T16:11:33.653+0000] {dag.py:3036} INFO - Sync 1 DAGs
[2025-08-02T16:11:33.661+0000] {logging_mixin.py:188} INFO - [2025-08-02T16:11:33.661+0000] {dag.py:3823} INFO - Setting next_dagrun for dit_uq_stage0_final to None, run_after=None
[2025-08-02T16:11:33.670+0000] {processor.py:183} INFO - Processing /opt/airflow/dags/dit_uq_stage0_final.py took 0.055 seconds
[2025-08-02T16:12:04.129+0000] {processor.py:161} INFO - Started process (PID=2014) to work on /opt/airflow/dags/dit_uq_stage0_final.py
[2025-08-02T16:12:04.130+0000] {processor.py:830} INFO - Processing file /opt/airflow/dags/dit_uq_stage0_final.py for tasks to queue
[2025-08-02T16:12:04.132+0000] {logging_mixin.py:188} INFO - [2025-08-02T16:12:04.132+0000] {dagbag.py:538} INFO - Filling up the DagBag from /opt/airflow/dags/dit_uq_stage0_final.py
[2025-08-02T16:12:04.142+0000] {processor.py:840} INFO - DAG(s) 'dit_uq_stage0_final' retrieved from /opt/airflow/dags/dit_uq_stage0_final.py
[2025-08-02T16:12:04.156+0000] {logging_mixin.py:188} INFO - [2025-08-02T16:12:04.156+0000] {dag.py:3036} INFO - Sync 1 DAGs
[2025-08-02T16:12:04.162+0000] {logging_mixin.py:188} INFO - [2025-08-02T16:12:04.162+0000] {dag.py:3823} INFO - Setting next_dagrun for dit_uq_stage0_final to None, run_after=None
[2025-08-02T16:12:04.171+0000] {processor.py:183} INFO - Processing /opt/airflow/dags/dit_uq_stage0_final.py took 0.047 seconds
[2025-08-02T16:12:34.644+0000] {processor.py:161} INFO - Started process (PID=2072) to work on /opt/airflow/dags/dit_uq_stage0_final.py
[2025-08-02T16:12:34.645+0000] {processor.py:830} INFO - Processing file /opt/airflow/dags/dit_uq_stage0_final.py for tasks to queue
[2025-08-02T16:12:34.648+0000] {logging_mixin.py:188} INFO - [2025-08-02T16:12:34.648+0000] {dagbag.py:538} INFO - Filling up the DagBag from /opt/airflow/dags/dit_uq_stage0_final.py
[2025-08-02T16:12:34.653+0000] {processor.py:840} INFO - DAG(s) 'dit_uq_stage0_final' retrieved from /opt/airflow/dags/dit_uq_stage0_final.py
[2025-08-02T16:12:34.668+0000] {logging_mixin.py:188} INFO - [2025-08-02T16:12:34.668+0000] {dag.py:3036} INFO - Sync 1 DAGs
[2025-08-02T16:12:34.676+0000] {logging_mixin.py:188} INFO - [2025-08-02T16:12:34.676+0000] {dag.py:3823} INFO - Setting next_dagrun for dit_uq_stage0_final to None, run_after=None
[2025-08-02T16:12:34.690+0000] {processor.py:183} INFO - Processing /opt/airflow/dags/dit_uq_stage0_final.py took 0.049 seconds
[2025-08-02T16:13:05.252+0000] {processor.py:161} INFO - Started process (PID=2130) to work on /opt/airflow/dags/dit_uq_stage0_final.py
[2025-08-02T16:13:05.253+0000] {processor.py:830} INFO - Processing file /opt/airflow/dags/dit_uq_stage0_final.py for tasks to queue
[2025-08-02T16:13:05.255+0000] {logging_mixin.py:188} INFO - [2025-08-02T16:13:05.255+0000] {dagbag.py:538} INFO - Filling up the DagBag from /opt/airflow/dags/dit_uq_stage0_final.py
[2025-08-02T16:13:05.261+0000] {processor.py:840} INFO - DAG(s) 'dit_uq_stage0_final' retrieved from /opt/airflow/dags/dit_uq_stage0_final.py
[2025-08-02T16:13:05.274+0000] {logging_mixin.py:188} INFO - [2025-08-02T16:13:05.274+0000] {dag.py:3036} INFO - Sync 1 DAGs
[2025-08-02T16:13:05.280+0000] {logging_mixin.py:188} INFO - [2025-08-02T16:13:05.280+0000] {dag.py:3823} INFO - Setting next_dagrun for dit_uq_stage0_final to None, run_after=None
[2025-08-02T16:13:05.289+0000] {processor.py:183} INFO - Processing /opt/airflow/dags/dit_uq_stage0_final.py took 0.041 seconds
[2025-08-02T16:13:35.805+0000] {processor.py:161} INFO - Started process (PID=2188) to work on /opt/airflow/dags/dit_uq_stage0_final.py
[2025-08-02T16:13:35.806+0000] {processor.py:830} INFO - Processing file /opt/airflow/dags/dit_uq_stage0_final.py for tasks to queue
[2025-08-02T16:13:35.808+0000] {logging_mixin.py:188} INFO - [2025-08-02T16:13:35.808+0000] {dagbag.py:538} INFO - Filling up the DagBag from /opt/airflow/dags/dit_uq_stage0_final.py
[2025-08-02T16:13:35.815+0000] {processor.py:840} INFO - DAG(s) 'dit_uq_stage0_final' retrieved from /opt/airflow/dags/dit_uq_stage0_final.py
[2025-08-02T16:13:35.828+0000] {logging_mixin.py:188} INFO - [2025-08-02T16:13:35.828+0000] {dag.py:3036} INFO - Sync 1 DAGs
[2025-08-02T16:13:35.833+0000] {logging_mixin.py:188} INFO - [2025-08-02T16:13:35.833+0000] {dag.py:3823} INFO - Setting next_dagrun for dit_uq_stage0_final to None, run_after=None
[2025-08-02T16:13:35.844+0000] {processor.py:183} INFO - Processing /opt/airflow/dags/dit_uq_stage0_final.py took 0.042 seconds
[2025-08-02T16:14:06.161+0000] {processor.py:161} INFO - Started process (PID=2246) to work on /opt/airflow/dags/dit_uq_stage0_final.py
[2025-08-02T16:14:06.161+0000] {processor.py:830} INFO - Processing file /opt/airflow/dags/dit_uq_stage0_final.py for tasks to queue
[2025-08-02T16:14:06.162+0000] {logging_mixin.py:188} INFO - [2025-08-02T16:14:06.162+0000] {dagbag.py:538} INFO - Filling up the DagBag from /opt/airflow/dags/dit_uq_stage0_final.py
[2025-08-02T16:14:06.166+0000] {processor.py:840} INFO - DAG(s) 'dit_uq_stage0_final' retrieved from /opt/airflow/dags/dit_uq_stage0_final.py
[2025-08-02T16:14:06.177+0000] {logging_mixin.py:188} INFO - [2025-08-02T16:14:06.176+0000] {dag.py:3036} INFO - Sync 1 DAGs
[2025-08-02T16:14:06.182+0000] {logging_mixin.py:188} INFO - [2025-08-02T16:14:06.182+0000] {dag.py:3823} INFO - Setting next_dagrun for dit_uq_stage0_final to None, run_after=None
[2025-08-02T16:14:06.190+0000] {processor.py:183} INFO - Processing /opt/airflow/dags/dit_uq_stage0_final.py took 0.031 seconds
[2025-08-02T16:14:36.539+0000] {processor.py:161} INFO - Started process (PID=2304) to work on /opt/airflow/dags/dit_uq_stage0_final.py
[2025-08-02T16:14:36.542+0000] {processor.py:830} INFO - Processing file /opt/airflow/dags/dit_uq_stage0_final.py for tasks to queue
[2025-08-02T16:14:36.544+0000] {logging_mixin.py:188} INFO - [2025-08-02T16:14:36.544+0000] {dagbag.py:538} INFO - Filling up the DagBag from /opt/airflow/dags/dit_uq_stage0_final.py
[2025-08-02T16:14:36.551+0000] {processor.py:840} INFO - DAG(s) 'dit_uq_stage0_final' retrieved from /opt/airflow/dags/dit_uq_stage0_final.py
[2025-08-02T16:14:36.562+0000] {logging_mixin.py:188} INFO - [2025-08-02T16:14:36.562+0000] {dag.py:3036} INFO - Sync 1 DAGs
[2025-08-02T16:14:36.569+0000] {logging_mixin.py:188} INFO - [2025-08-02T16:14:36.569+0000] {dag.py:3823} INFO - Setting next_dagrun for dit_uq_stage0_final to None, run_after=None
[2025-08-02T16:14:36.587+0000] {processor.py:183} INFO - Processing /opt/airflow/dags/dit_uq_stage0_final.py took 0.052 seconds
[2025-08-02T16:15:06.961+0000] {processor.py:161} INFO - Started process (PID=2362) to work on /opt/airflow/dags/dit_uq_stage0_final.py
[2025-08-02T16:15:06.961+0000] {processor.py:830} INFO - Processing file /opt/airflow/dags/dit_uq_stage0_final.py for tasks to queue
[2025-08-02T16:15:06.963+0000] {logging_mixin.py:188} INFO - [2025-08-02T16:15:06.963+0000] {dagbag.py:538} INFO - Filling up the DagBag from /opt/airflow/dags/dit_uq_stage0_final.py
[2025-08-02T16:15:06.971+0000] {processor.py:840} INFO - DAG(s) 'dit_uq_stage0_final' retrieved from /opt/airflow/dags/dit_uq_stage0_final.py
[2025-08-02T16:15:06.987+0000] {logging_mixin.py:188} INFO - [2025-08-02T16:15:06.987+0000] {dag.py:3036} INFO - Sync 1 DAGs
[2025-08-02T16:15:06.995+0000] {logging_mixin.py:188} INFO - [2025-08-02T16:15:06.994+0000] {dag.py:3823} INFO - Setting next_dagrun for dit_uq_stage0_final to None, run_after=None
[2025-08-02T16:15:07.009+0000] {processor.py:183} INFO - Processing /opt/airflow/dags/dit_uq_stage0_final.py took 0.052 seconds
[2025-08-02T16:15:37.554+0000] {processor.py:161} INFO - Started process (PID=2420) to work on /opt/airflow/dags/dit_uq_stage0_final.py
[2025-08-02T16:15:37.556+0000] {processor.py:830} INFO - Processing file /opt/airflow/dags/dit_uq_stage0_final.py for tasks to queue
[2025-08-02T16:15:37.558+0000] {logging_mixin.py:188} INFO - [2025-08-02T16:15:37.557+0000] {dagbag.py:538} INFO - Filling up the DagBag from /opt/airflow/dags/dit_uq_stage0_final.py
[2025-08-02T16:15:37.567+0000] {processor.py:840} INFO - DAG(s) 'dit_uq_stage0_final' retrieved from /opt/airflow/dags/dit_uq_stage0_final.py
[2025-08-02T16:15:37.582+0000] {logging_mixin.py:188} INFO - [2025-08-02T16:15:37.582+0000] {dag.py:3036} INFO - Sync 1 DAGs
[2025-08-02T16:15:37.589+0000] {logging_mixin.py:188} INFO - [2025-08-02T16:15:37.589+0000] {dag.py:3823} INFO - Setting next_dagrun for dit_uq_stage0_final to None, run_after=None
[2025-08-02T16:15:37.600+0000] {processor.py:183} INFO - Processing /opt/airflow/dags/dit_uq_stage0_final.py took 0.050 seconds
[2025-08-02T16:16:08.021+0000] {processor.py:161} INFO - Started process (PID=2478) to work on /opt/airflow/dags/dit_uq_stage0_final.py
[2025-08-02T16:16:08.022+0000] {processor.py:830} INFO - Processing file /opt/airflow/dags/dit_uq_stage0_final.py for tasks to queue
[2025-08-02T16:16:08.024+0000] {logging_mixin.py:188} INFO - [2025-08-02T16:16:08.024+0000] {dagbag.py:538} INFO - Filling up the DagBag from /opt/airflow/dags/dit_uq_stage0_final.py
[2025-08-02T16:16:08.030+0000] {processor.py:840} INFO - DAG(s) 'dit_uq_stage0_final' retrieved from /opt/airflow/dags/dit_uq_stage0_final.py
[2025-08-02T16:16:08.043+0000] {logging_mixin.py:188} INFO - [2025-08-02T16:16:08.043+0000] {dag.py:3036} INFO - Sync 1 DAGs
[2025-08-02T16:16:08.049+0000] {logging_mixin.py:188} INFO - [2025-08-02T16:16:08.049+0000] {dag.py:3823} INFO - Setting next_dagrun for dit_uq_stage0_final to None, run_after=None
[2025-08-02T16:16:08.061+0000] {processor.py:183} INFO - Processing /opt/airflow/dags/dit_uq_stage0_final.py took 0.043 seconds
[2025-08-02T16:16:38.599+0000] {processor.py:161} INFO - Started process (PID=2536) to work on /opt/airflow/dags/dit_uq_stage0_final.py
[2025-08-02T16:16:38.600+0000] {processor.py:830} INFO - Processing file /opt/airflow/dags/dit_uq_stage0_final.py for tasks to queue
[2025-08-02T16:16:38.603+0000] {logging_mixin.py:188} INFO - [2025-08-02T16:16:38.603+0000] {dagbag.py:538} INFO - Filling up the DagBag from /opt/airflow/dags/dit_uq_stage0_final.py
[2025-08-02T16:16:38.610+0000] {processor.py:840} INFO - DAG(s) 'dit_uq_stage0_final' retrieved from /opt/airflow/dags/dit_uq_stage0_final.py
[2025-08-02T16:16:38.630+0000] {logging_mixin.py:188} INFO - [2025-08-02T16:16:38.630+0000] {dag.py:3036} INFO - Sync 1 DAGs
[2025-08-02T16:16:38.643+0000] {logging_mixin.py:188} INFO - [2025-08-02T16:16:38.642+0000] {dag.py:3823} INFO - Setting next_dagrun for dit_uq_stage0_final to None, run_after=None
[2025-08-02T16:16:38.657+0000] {processor.py:183} INFO - Processing /opt/airflow/dags/dit_uq_stage0_final.py took 0.062 seconds
[2025-08-02T16:17:08.899+0000] {processor.py:161} INFO - Started process (PID=2594) to work on /opt/airflow/dags/dit_uq_stage0_final.py
[2025-08-02T16:17:08.901+0000] {processor.py:830} INFO - Processing file /opt/airflow/dags/dit_uq_stage0_final.py for tasks to queue
[2025-08-02T16:17:08.902+0000] {logging_mixin.py:188} INFO - [2025-08-02T16:17:08.902+0000] {dagbag.py:538} INFO - Filling up the DagBag from /opt/airflow/dags/dit_uq_stage0_final.py
[2025-08-02T16:17:08.908+0000] {processor.py:840} INFO - DAG(s) 'dit_uq_stage0_final' retrieved from /opt/airflow/dags/dit_uq_stage0_final.py
[2025-08-02T16:17:08.927+0000] {logging_mixin.py:188} INFO - [2025-08-02T16:17:08.927+0000] {dag.py:3036} INFO - Sync 1 DAGs
[2025-08-02T16:17:08.935+0000] {logging_mixin.py:188} INFO - [2025-08-02T16:17:08.935+0000] {dag.py:3823} INFO - Setting next_dagrun for dit_uq_stage0_final to None, run_after=None
[2025-08-02T16:17:08.948+0000] {processor.py:183} INFO - Processing /opt/airflow/dags/dit_uq_stage0_final.py took 0.055 seconds
[2025-08-02T16:17:39.612+0000] {processor.py:161} INFO - Started process (PID=2652) to work on /opt/airflow/dags/dit_uq_stage0_final.py
[2025-08-02T16:17:39.615+0000] {processor.py:830} INFO - Processing file /opt/airflow/dags/dit_uq_stage0_final.py for tasks to queue
[2025-08-02T16:17:39.618+0000] {logging_mixin.py:188} INFO - [2025-08-02T16:17:39.618+0000] {dagbag.py:538} INFO - Filling up the DagBag from /opt/airflow/dags/dit_uq_stage0_final.py
[2025-08-02T16:17:39.628+0000] {processor.py:840} INFO - DAG(s) 'dit_uq_stage0_final' retrieved from /opt/airflow/dags/dit_uq_stage0_final.py
[2025-08-02T16:17:39.645+0000] {logging_mixin.py:188} INFO - [2025-08-02T16:17:39.645+0000] {dag.py:3036} INFO - Sync 1 DAGs
[2025-08-02T16:17:39.653+0000] {logging_mixin.py:188} INFO - [2025-08-02T16:17:39.653+0000] {dag.py:3823} INFO - Setting next_dagrun for dit_uq_stage0_final to None, run_after=None
[2025-08-02T16:17:39.664+0000] {processor.py:183} INFO - Processing /opt/airflow/dags/dit_uq_stage0_final.py took 0.058 seconds
[2025-08-02T20:10:38.842+0000] {processor.py:161} INFO - Started process (PID=41) to work on /opt/airflow/dags/dit_uq_stage0_final.py
[2025-08-02T20:10:38.843+0000] {processor.py:830} INFO - Processing file /opt/airflow/dags/dit_uq_stage0_final.py for tasks to queue
[2025-08-02T20:10:38.845+0000] {logging_mixin.py:188} INFO - [2025-08-02T20:10:38.844+0000] {dagbag.py:538} INFO - Filling up the DagBag from /opt/airflow/dags/dit_uq_stage0_final.py
[2025-08-02T20:10:38.862+0000] {processor.py:840} INFO - DAG(s) 'dit_uq_stage0_final' retrieved from /opt/airflow/dags/dit_uq_stage0_final.py
[2025-08-02T20:10:38.996+0000] {logging_mixin.py:188} INFO - [2025-08-02T20:10:38.996+0000] {dag.py:3036} INFO - Sync 1 DAGs
[2025-08-02T20:10:39.002+0000] {logging_mixin.py:188} INFO - [2025-08-02T20:10:39.001+0000] {dag.py:3823} INFO - Setting next_dagrun for dit_uq_stage0_final to None, run_after=None
[2025-08-02T20:10:39.018+0000] {processor.py:183} INFO - Processing /opt/airflow/dags/dit_uq_stage0_final.py took 0.177 seconds
[2025-08-02T20:11:09.524+0000] {processor.py:161} INFO - Started process (PID=99) to work on /opt/airflow/dags/dit_uq_stage0_final.py
[2025-08-02T20:11:09.525+0000] {processor.py:830} INFO - Processing file /opt/airflow/dags/dit_uq_stage0_final.py for tasks to queue
[2025-08-02T20:11:09.526+0000] {logging_mixin.py:188} INFO - [2025-08-02T20:11:09.526+0000] {dagbag.py:538} INFO - Filling up the DagBag from /opt/airflow/dags/dit_uq_stage0_final.py
[2025-08-02T20:11:09.530+0000] {processor.py:840} INFO - DAG(s) 'dit_uq_stage0_final' retrieved from /opt/airflow/dags/dit_uq_stage0_final.py
[2025-08-02T20:11:09.541+0000] {logging_mixin.py:188} INFO - [2025-08-02T20:11:09.541+0000] {dag.py:3036} INFO - Sync 1 DAGs
[2025-08-02T20:11:09.547+0000] {logging_mixin.py:188} INFO - [2025-08-02T20:11:09.547+0000] {dag.py:3823} INFO - Setting next_dagrun for dit_uq_stage0_final to None, run_after=None
[2025-08-02T20:11:09.555+0000] {processor.py:183} INFO - Processing /opt/airflow/dags/dit_uq_stage0_final.py took 0.033 seconds
[2025-08-02T20:11:39.619+0000] {processor.py:161} INFO - Started process (PID=157) to work on /opt/airflow/dags/dit_uq_stage0_final.py
[2025-08-02T20:11:39.620+0000] {processor.py:830} INFO - Processing file /opt/airflow/dags/dit_uq_stage0_final.py for tasks to queue
[2025-08-02T20:11:39.621+0000] {logging_mixin.py:188} INFO - [2025-08-02T20:11:39.620+0000] {dagbag.py:538} INFO - Filling up the DagBag from /opt/airflow/dags/dit_uq_stage0_final.py
[2025-08-02T20:11:39.624+0000] {processor.py:840} INFO - DAG(s) 'dit_uq_stage0_final' retrieved from /opt/airflow/dags/dit_uq_stage0_final.py
[2025-08-02T20:11:39.634+0000] {logging_mixin.py:188} INFO - [2025-08-02T20:11:39.634+0000] {dag.py:3036} INFO - Sync 1 DAGs
[2025-08-02T20:11:39.641+0000] {logging_mixin.py:188} INFO - [2025-08-02T20:11:39.641+0000] {dag.py:3823} INFO - Setting next_dagrun for dit_uq_stage0_final to None, run_after=None
[2025-08-02T20:11:39.652+0000] {processor.py:183} INFO - Processing /opt/airflow/dags/dit_uq_stage0_final.py took 0.034 seconds
[2025-08-02T20:12:10.046+0000] {processor.py:161} INFO - Started process (PID=215) to work on /opt/airflow/dags/dit_uq_stage0_final.py
[2025-08-02T20:12:10.047+0000] {processor.py:830} INFO - Processing file /opt/airflow/dags/dit_uq_stage0_final.py for tasks to queue
[2025-08-02T20:12:10.049+0000] {logging_mixin.py:188} INFO - [2025-08-02T20:12:10.049+0000] {dagbag.py:538} INFO - Filling up the DagBag from /opt/airflow/dags/dit_uq_stage0_final.py
[2025-08-02T20:12:10.057+0000] {processor.py:840} INFO - DAG(s) 'dit_uq_stage0_final' retrieved from /opt/airflow/dags/dit_uq_stage0_final.py
[2025-08-02T20:12:10.072+0000] {logging_mixin.py:188} INFO - [2025-08-02T20:12:10.072+0000] {dag.py:3036} INFO - Sync 1 DAGs
[2025-08-02T20:12:10.079+0000] {logging_mixin.py:188} INFO - [2025-08-02T20:12:10.079+0000] {dag.py:3823} INFO - Setting next_dagrun for dit_uq_stage0_final to None, run_after=None
[2025-08-02T20:12:10.090+0000] {processor.py:183} INFO - Processing /opt/airflow/dags/dit_uq_stage0_final.py took 0.047 seconds
[2025-08-02T20:12:24.265+0000] {processor.py:161} INFO - Started process (PID=273) to work on /opt/airflow/dags/dit_uq_stage0_final.py
[2025-08-02T20:12:24.266+0000] {processor.py:830} INFO - Processing file /opt/airflow/dags/dit_uq_stage0_final.py for tasks to queue
[2025-08-02T20:12:24.267+0000] {logging_mixin.py:188} INFO - [2025-08-02T20:12:24.267+0000] {dagbag.py:538} INFO - Filling up the DagBag from /opt/airflow/dags/dit_uq_stage0_final.py
[2025-08-02T20:12:24.276+0000] {processor.py:840} INFO - DAG(s) 'dit_uq_stage0_final' retrieved from /opt/airflow/dags/dit_uq_stage0_final.py
[2025-08-02T20:12:24.292+0000] {logging_mixin.py:188} INFO - [2025-08-02T20:12:24.291+0000] {dag.py:3036} INFO - Sync 1 DAGs
[2025-08-02T20:12:24.298+0000] {logging_mixin.py:188} INFO - [2025-08-02T20:12:24.298+0000] {dag.py:3823} INFO - Setting next_dagrun for dit_uq_stage0_final to None, run_after=None
[2025-08-02T20:12:24.306+0000] {processor.py:183} INFO - Processing /opt/airflow/dags/dit_uq_stage0_final.py took 0.045 seconds
[2025-08-02T20:12:26.292+0000] {processor.py:161} INFO - Started process (PID=274) to work on /opt/airflow/dags/dit_uq_stage0_final.py
[2025-08-02T20:12:26.293+0000] {processor.py:830} INFO - Processing file /opt/airflow/dags/dit_uq_stage0_final.py for tasks to queue
[2025-08-02T20:12:26.295+0000] {logging_mixin.py:188} INFO - [2025-08-02T20:12:26.295+0000] {dagbag.py:538} INFO - Filling up the DagBag from /opt/airflow/dags/dit_uq_stage0_final.py
[2025-08-02T20:12:26.304+0000] {processor.py:840} INFO - DAG(s) 'dit_uq_stage0_final' retrieved from /opt/airflow/dags/dit_uq_stage0_final.py
[2025-08-02T20:12:26.318+0000] {logging_mixin.py:188} INFO - [2025-08-02T20:12:26.318+0000] {dag.py:3036} INFO - Sync 1 DAGs
[2025-08-02T20:12:26.323+0000] {logging_mixin.py:188} INFO - [2025-08-02T20:12:26.323+0000] {dag.py:3823} INFO - Setting next_dagrun for dit_uq_stage0_final to None, run_after=None
[2025-08-02T20:12:26.331+0000] {processor.py:183} INFO - Processing /opt/airflow/dags/dit_uq_stage0_final.py took 0.043 seconds
[2025-08-02T20:12:51.837+0000] {processor.py:161} INFO - Started process (PID=332) to work on /opt/airflow/dags/dit_uq_stage0_final.py
[2025-08-02T20:12:51.838+0000] {processor.py:830} INFO - Processing file /opt/airflow/dags/dit_uq_stage0_final.py for tasks to queue
[2025-08-02T20:12:51.840+0000] {logging_mixin.py:188} INFO - [2025-08-02T20:12:51.840+0000] {dagbag.py:538} INFO - Filling up the DagBag from /opt/airflow/dags/dit_uq_stage0_final.py
[2025-08-02T20:12:51.850+0000] {processor.py:840} INFO - DAG(s) 'dit_uq_stage0_final' retrieved from /opt/airflow/dags/dit_uq_stage0_final.py
[2025-08-02T20:12:51.894+0000] {logging_mixin.py:188} INFO - [2025-08-02T20:12:51.894+0000] {dag.py:3036} INFO - Sync 1 DAGs
[2025-08-02T20:12:51.898+0000] {logging_mixin.py:188} INFO - [2025-08-02T20:12:51.898+0000] {dag.py:3823} INFO - Setting next_dagrun for dit_uq_stage0_final to None, run_after=None
[2025-08-02T20:12:51.906+0000] {processor.py:183} INFO - Processing /opt/airflow/dags/dit_uq_stage0_final.py took 0.073 seconds
[2025-08-02T20:13:03.985+0000] {processor.py:161} INFO - Started process (PID=333) to work on /opt/airflow/dags/dit_uq_stage0_final.py
[2025-08-02T20:13:03.986+0000] {processor.py:830} INFO - Processing file /opt/airflow/dags/dit_uq_stage0_final.py for tasks to queue
[2025-08-02T20:13:03.988+0000] {logging_mixin.py:188} INFO - [2025-08-02T20:13:03.988+0000] {dagbag.py:538} INFO - Filling up the DagBag from /opt/airflow/dags/dit_uq_stage0_final.py
[2025-08-02T20:13:04.000+0000] {processor.py:840} INFO - DAG(s) 'dit_uq_stage0_final' retrieved from /opt/airflow/dags/dit_uq_stage0_final.py
[2025-08-02T20:13:04.008+0000] {logging_mixin.py:188} INFO - [2025-08-02T20:13:04.008+0000] {dag.py:3036} INFO - Sync 1 DAGs
[2025-08-02T20:13:04.016+0000] {logging_mixin.py:188} INFO - [2025-08-02T20:13:04.016+0000] {dag.py:3823} INFO - Setting next_dagrun for dit_uq_stage0_final to None, run_after=None
[2025-08-02T20:13:04.029+0000] {processor.py:183} INFO - Processing /opt/airflow/dags/dit_uq_stage0_final.py took 0.046 seconds
[2025-08-02T20:13:06.007+0000] {processor.py:161} INFO - Started process (PID=334) to work on /opt/airflow/dags/dit_uq_stage0_final.py
[2025-08-02T20:13:06.009+0000] {processor.py:830} INFO - Processing file /opt/airflow/dags/dit_uq_stage0_final.py for tasks to queue
[2025-08-02T20:13:06.010+0000] {logging_mixin.py:188} INFO - [2025-08-02T20:13:06.010+0000] {dagbag.py:538} INFO - Filling up the DagBag from /opt/airflow/dags/dit_uq_stage0_final.py
[2025-08-02T20:13:06.019+0000] {processor.py:840} INFO - DAG(s) 'dit_uq_stage0_final' retrieved from /opt/airflow/dags/dit_uq_stage0_final.py
[2025-08-02T20:13:06.027+0000] {logging_mixin.py:188} INFO - [2025-08-02T20:13:06.026+0000] {dag.py:3036} INFO - Sync 1 DAGs
[2025-08-02T20:13:06.033+0000] {logging_mixin.py:188} INFO - [2025-08-02T20:13:06.033+0000] {dag.py:3823} INFO - Setting next_dagrun for dit_uq_stage0_final to None, run_after=None
[2025-08-02T20:13:06.042+0000] {processor.py:183} INFO - Processing /opt/airflow/dags/dit_uq_stage0_final.py took 0.039 seconds
[2025-08-02T20:13:17.593+0000] {processor.py:161} INFO - Started process (PID=392) to work on /opt/airflow/dags/dit_uq_stage0_final.py
[2025-08-02T20:13:17.595+0000] {processor.py:830} INFO - Processing file /opt/airflow/dags/dit_uq_stage0_final.py for tasks to queue
[2025-08-02T20:13:17.597+0000] {logging_mixin.py:188} INFO - [2025-08-02T20:13:17.597+0000] {dagbag.py:538} INFO - Filling up the DagBag from /opt/airflow/dags/dit_uq_stage0_final.py
[2025-08-02T20:13:17.609+0000] {processor.py:840} INFO - DAG(s) 'dit_uq_stage0_final' retrieved from /opt/airflow/dags/dit_uq_stage0_final.py
[2025-08-02T20:13:17.618+0000] {logging_mixin.py:188} INFO - [2025-08-02T20:13:17.618+0000] {dag.py:3036} INFO - Sync 1 DAGs
[2025-08-02T20:13:17.624+0000] {logging_mixin.py:188} INFO - [2025-08-02T20:13:17.624+0000] {dag.py:3823} INFO - Setting next_dagrun for dit_uq_stage0_final to None, run_after=None
[2025-08-02T20:13:17.632+0000] {processor.py:183} INFO - Processing /opt/airflow/dags/dit_uq_stage0_final.py took 0.043 seconds
[2025-08-02T20:13:19.627+0000] {processor.py:161} INFO - Started process (PID=393) to work on /opt/airflow/dags/dit_uq_stage0_final.py
[2025-08-02T20:13:19.628+0000] {processor.py:830} INFO - Processing file /opt/airflow/dags/dit_uq_stage0_final.py for tasks to queue
[2025-08-02T20:13:19.630+0000] {logging_mixin.py:188} INFO - [2025-08-02T20:13:19.630+0000] {dagbag.py:538} INFO - Filling up the DagBag from /opt/airflow/dags/dit_uq_stage0_final.py
[2025-08-02T20:13:19.642+0000] {processor.py:840} INFO - DAG(s) 'dit_uq_stage0_final' retrieved from /opt/airflow/dags/dit_uq_stage0_final.py
[2025-08-02T20:13:19.652+0000] {logging_mixin.py:188} INFO - [2025-08-02T20:13:19.652+0000] {dag.py:3036} INFO - Sync 1 DAGs
[2025-08-02T20:13:19.658+0000] {logging_mixin.py:188} INFO - [2025-08-02T20:13:19.658+0000] {dag.py:3823} INFO - Setting next_dagrun for dit_uq_stage0_final to None, run_after=None
[2025-08-02T20:13:19.667+0000] {processor.py:183} INFO - Processing /opt/airflow/dags/dit_uq_stage0_final.py took 0.043 seconds
[2025-08-02T20:13:50.280+0000] {processor.py:161} INFO - Started process (PID=451) to work on /opt/airflow/dags/dit_uq_stage0_final.py
[2025-08-02T20:13:50.281+0000] {processor.py:830} INFO - Processing file /opt/airflow/dags/dit_uq_stage0_final.py for tasks to queue
[2025-08-02T20:13:50.282+0000] {logging_mixin.py:188} INFO - [2025-08-02T20:13:50.282+0000] {dagbag.py:538} INFO - Filling up the DagBag from /opt/airflow/dags/dit_uq_stage0_final.py
[2025-08-02T20:13:50.291+0000] {processor.py:840} INFO - DAG(s) 'dit_uq_stage0_final' retrieved from /opt/airflow/dags/dit_uq_stage0_final.py
[2025-08-02T20:13:50.305+0000] {logging_mixin.py:188} INFO - [2025-08-02T20:13:50.305+0000] {dag.py:3036} INFO - Sync 1 DAGs
[2025-08-02T20:13:50.313+0000] {logging_mixin.py:188} INFO - [2025-08-02T20:13:50.312+0000] {dag.py:3823} INFO - Setting next_dagrun for dit_uq_stage0_final to None, run_after=None
[2025-08-02T20:13:50.324+0000] {processor.py:183} INFO - Processing /opt/airflow/dags/dit_uq_stage0_final.py took 0.047 seconds
[2025-08-02T20:14:20.851+0000] {processor.py:161} INFO - Started process (PID=509) to work on /opt/airflow/dags/dit_uq_stage0_final.py
[2025-08-02T20:14:20.851+0000] {processor.py:830} INFO - Processing file /opt/airflow/dags/dit_uq_stage0_final.py for tasks to queue
[2025-08-02T20:14:20.852+0000] {logging_mixin.py:188} INFO - [2025-08-02T20:14:20.852+0000] {dagbag.py:538} INFO - Filling up the DagBag from /opt/airflow/dags/dit_uq_stage0_final.py
[2025-08-02T20:14:20.859+0000] {processor.py:840} INFO - DAG(s) 'dit_uq_stage0_final' retrieved from /opt/airflow/dags/dit_uq_stage0_final.py
[2025-08-02T20:14:20.870+0000] {logging_mixin.py:188} INFO - [2025-08-02T20:14:20.870+0000] {dag.py:3036} INFO - Sync 1 DAGs
[2025-08-02T20:14:20.875+0000] {logging_mixin.py:188} INFO - [2025-08-02T20:14:20.875+0000] {dag.py:3823} INFO - Setting next_dagrun for dit_uq_stage0_final to None, run_after=None
[2025-08-02T20:14:20.883+0000] {processor.py:183} INFO - Processing /opt/airflow/dags/dit_uq_stage0_final.py took 0.034 seconds
[2025-08-02T20:14:51.446+0000] {processor.py:161} INFO - Started process (PID=567) to work on /opt/airflow/dags/dit_uq_stage0_final.py
[2025-08-02T20:14:51.447+0000] {processor.py:830} INFO - Processing file /opt/airflow/dags/dit_uq_stage0_final.py for tasks to queue
[2025-08-02T20:14:51.450+0000] {logging_mixin.py:188} INFO - [2025-08-02T20:14:51.450+0000] {dagbag.py:538} INFO - Filling up the DagBag from /opt/airflow/dags/dit_uq_stage0_final.py
[2025-08-02T20:14:51.467+0000] {processor.py:840} INFO - DAG(s) 'dit_uq_stage0_final' retrieved from /opt/airflow/dags/dit_uq_stage0_final.py
[2025-08-02T20:14:51.486+0000] {logging_mixin.py:188} INFO - [2025-08-02T20:14:51.486+0000] {dag.py:3036} INFO - Sync 1 DAGs
[2025-08-02T20:14:51.495+0000] {logging_mixin.py:188} INFO - [2025-08-02T20:14:51.495+0000] {dag.py:3823} INFO - Setting next_dagrun for dit_uq_stage0_final to None, run_after=None
[2025-08-02T20:14:51.504+0000] {processor.py:183} INFO - Processing /opt/airflow/dags/dit_uq_stage0_final.py took 0.063 seconds
[2025-08-02T20:15:13.654+0000] {processor.py:161} INFO - Started process (PID=574) to work on /opt/airflow/dags/dit_uq_stage0_final.py
[2025-08-02T20:15:13.655+0000] {processor.py:830} INFO - Processing file /opt/airflow/dags/dit_uq_stage0_final.py for tasks to queue
[2025-08-02T20:15:13.657+0000] {logging_mixin.py:188} INFO - [2025-08-02T20:15:13.657+0000] {dagbag.py:538} INFO - Filling up the DagBag from /opt/airflow/dags/dit_uq_stage0_final.py
[2025-08-02T20:15:13.677+0000] {processor.py:840} INFO - DAG(s) 'dit_uq_stage0_final' retrieved from /opt/airflow/dags/dit_uq_stage0_final.py
[2025-08-02T20:15:13.741+0000] {logging_mixin.py:188} INFO - [2025-08-02T20:15:13.741+0000] {dag.py:3036} INFO - Sync 1 DAGs
[2025-08-02T20:15:13.747+0000] {logging_mixin.py:188} INFO - [2025-08-02T20:15:13.747+0000] {dag.py:3823} INFO - Setting next_dagrun for dit_uq_stage0_final to None, run_after=None
[2025-08-02T20:15:13.757+0000] {processor.py:183} INFO - Processing /opt/airflow/dags/dit_uq_stage0_final.py took 0.110 seconds
[2025-08-02T20:15:14.839+0000] {processor.py:161} INFO - Started process (PID=580) to work on /opt/airflow/dags/dit_uq_stage0_final.py
[2025-08-02T20:15:14.841+0000] {processor.py:830} INFO - Processing file /opt/airflow/dags/dit_uq_stage0_final.py for tasks to queue
[2025-08-02T20:15:14.843+0000] {logging_mixin.py:188} INFO - [2025-08-02T20:15:14.842+0000] {dagbag.py:538} INFO - Filling up the DagBag from /opt/airflow/dags/dit_uq_stage0_final.py
[2025-08-02T20:15:14.855+0000] {processor.py:840} INFO - DAG(s) 'dit_uq_stage0_final' retrieved from /opt/airflow/dags/dit_uq_stage0_final.py
[2025-08-02T20:15:14.863+0000] {logging_mixin.py:188} INFO - [2025-08-02T20:15:14.862+0000] {dag.py:3036} INFO - Sync 1 DAGs
[2025-08-02T20:15:14.872+0000] {logging_mixin.py:188} INFO - [2025-08-02T20:15:14.872+0000] {dag.py:3823} INFO - Setting next_dagrun for dit_uq_stage0_final to None, run_after=None
[2025-08-02T20:15:14.884+0000] {processor.py:183} INFO - Processing /opt/airflow/dags/dit_uq_stage0_final.py took 0.049 seconds
[2025-08-02T20:15:45.348+0000] {processor.py:161} INFO - Started process (PID=638) to work on /opt/airflow/dags/dit_uq_stage0_final.py
[2025-08-02T20:15:45.349+0000] {processor.py:830} INFO - Processing file /opt/airflow/dags/dit_uq_stage0_final.py for tasks to queue
[2025-08-02T20:15:45.351+0000] {logging_mixin.py:188} INFO - [2025-08-02T20:15:45.350+0000] {dagbag.py:538} INFO - Filling up the DagBag from /opt/airflow/dags/dit_uq_stage0_final.py
[2025-08-02T20:15:45.364+0000] {processor.py:840} INFO - DAG(s) 'dit_uq_stage0_final' retrieved from /opt/airflow/dags/dit_uq_stage0_final.py
[2025-08-02T20:15:45.377+0000] {logging_mixin.py:188} INFO - [2025-08-02T20:15:45.376+0000] {dag.py:3036} INFO - Sync 1 DAGs
[2025-08-02T20:15:45.383+0000] {logging_mixin.py:188} INFO - [2025-08-02T20:15:45.383+0000] {dag.py:3823} INFO - Setting next_dagrun for dit_uq_stage0_final to None, run_after=None
[2025-08-02T20:15:45.393+0000] {processor.py:183} INFO - Processing /opt/airflow/dags/dit_uq_stage0_final.py took 0.050 seconds
[2025-08-02T20:16:15.966+0000] {processor.py:161} INFO - Started process (PID=696) to work on /opt/airflow/dags/dit_uq_stage0_final.py
[2025-08-02T20:16:15.968+0000] {processor.py:830} INFO - Processing file /opt/airflow/dags/dit_uq_stage0_final.py for tasks to queue
[2025-08-02T20:16:15.969+0000] {logging_mixin.py:188} INFO - [2025-08-02T20:16:15.969+0000] {dagbag.py:538} INFO - Filling up the DagBag from /opt/airflow/dags/dit_uq_stage0_final.py
[2025-08-02T20:16:15.980+0000] {processor.py:840} INFO - DAG(s) 'dit_uq_stage0_final' retrieved from /opt/airflow/dags/dit_uq_stage0_final.py
[2025-08-02T20:16:15.993+0000] {logging_mixin.py:188} INFO - [2025-08-02T20:16:15.993+0000] {dag.py:3036} INFO - Sync 1 DAGs
[2025-08-02T20:16:15.998+0000] {logging_mixin.py:188} INFO - [2025-08-02T20:16:15.998+0000] {dag.py:3823} INFO - Setting next_dagrun for dit_uq_stage0_final to None, run_after=None
[2025-08-02T20:16:16.010+0000] {processor.py:183} INFO - Processing /opt/airflow/dags/dit_uq_stage0_final.py took 0.046 seconds
[2025-08-02T20:16:46.530+0000] {processor.py:161} INFO - Started process (PID=754) to work on /opt/airflow/dags/dit_uq_stage0_final.py
[2025-08-02T20:16:46.531+0000] {processor.py:830} INFO - Processing file /opt/airflow/dags/dit_uq_stage0_final.py for tasks to queue
[2025-08-02T20:16:46.533+0000] {logging_mixin.py:188} INFO - [2025-08-02T20:16:46.533+0000] {dagbag.py:538} INFO - Filling up the DagBag from /opt/airflow/dags/dit_uq_stage0_final.py
[2025-08-02T20:16:46.544+0000] {processor.py:840} INFO - DAG(s) 'dit_uq_stage0_final' retrieved from /opt/airflow/dags/dit_uq_stage0_final.py
[2025-08-02T20:16:46.557+0000] {logging_mixin.py:188} INFO - [2025-08-02T20:16:46.557+0000] {dag.py:3036} INFO - Sync 1 DAGs
[2025-08-02T20:16:46.563+0000] {logging_mixin.py:188} INFO - [2025-08-02T20:16:46.563+0000] {dag.py:3823} INFO - Setting next_dagrun for dit_uq_stage0_final to None, run_after=None
[2025-08-02T20:16:46.573+0000] {processor.py:183} INFO - Processing /opt/airflow/dags/dit_uq_stage0_final.py took 0.045 seconds
[2025-08-02T20:17:17.185+0000] {processor.py:161} INFO - Started process (PID=812) to work on /opt/airflow/dags/dit_uq_stage0_final.py
[2025-08-02T20:17:17.186+0000] {processor.py:830} INFO - Processing file /opt/airflow/dags/dit_uq_stage0_final.py for tasks to queue
[2025-08-02T20:17:17.188+0000] {logging_mixin.py:188} INFO - [2025-08-02T20:17:17.188+0000] {dagbag.py:538} INFO - Filling up the DagBag from /opt/airflow/dags/dit_uq_stage0_final.py
[2025-08-02T20:17:17.200+0000] {processor.py:840} INFO - DAG(s) 'dit_uq_stage0_final' retrieved from /opt/airflow/dags/dit_uq_stage0_final.py
[2025-08-02T20:17:17.212+0000] {logging_mixin.py:188} INFO - [2025-08-02T20:17:17.212+0000] {dag.py:3036} INFO - Sync 1 DAGs
[2025-08-02T20:17:17.218+0000] {logging_mixin.py:188} INFO - [2025-08-02T20:17:17.218+0000] {dag.py:3823} INFO - Setting next_dagrun for dit_uq_stage0_final to None, run_after=None
[2025-08-02T20:17:17.230+0000] {processor.py:183} INFO - Processing /opt/airflow/dags/dit_uq_stage0_final.py took 0.048 seconds
[2025-08-02T20:17:47.940+0000] {processor.py:161} INFO - Started process (PID=870) to work on /opt/airflow/dags/dit_uq_stage0_final.py
[2025-08-02T20:17:47.941+0000] {processor.py:830} INFO - Processing file /opt/airflow/dags/dit_uq_stage0_final.py for tasks to queue
[2025-08-02T20:17:47.943+0000] {logging_mixin.py:188} INFO - [2025-08-02T20:17:47.942+0000] {dagbag.py:538} INFO - Filling up the DagBag from /opt/airflow/dags/dit_uq_stage0_final.py
[2025-08-02T20:17:47.950+0000] {processor.py:840} INFO - DAG(s) 'dit_uq_stage0_final' retrieved from /opt/airflow/dags/dit_uq_stage0_final.py
[2025-08-02T20:17:47.965+0000] {logging_mixin.py:188} INFO - [2025-08-02T20:17:47.965+0000] {dag.py:3036} INFO - Sync 1 DAGs
[2025-08-02T20:17:47.971+0000] {logging_mixin.py:188} INFO - [2025-08-02T20:17:47.971+0000] {dag.py:3823} INFO - Setting next_dagrun for dit_uq_stage0_final to None, run_after=None
[2025-08-02T20:17:47.979+0000] {processor.py:183} INFO - Processing /opt/airflow/dags/dit_uq_stage0_final.py took 0.042 seconds
[2025-08-02T20:18:18.568+0000] {processor.py:161} INFO - Started process (PID=928) to work on /opt/airflow/dags/dit_uq_stage0_final.py
[2025-08-02T20:18:18.569+0000] {processor.py:830} INFO - Processing file /opt/airflow/dags/dit_uq_stage0_final.py for tasks to queue
[2025-08-02T20:18:18.571+0000] {logging_mixin.py:188} INFO - [2025-08-02T20:18:18.571+0000] {dagbag.py:538} INFO - Filling up the DagBag from /opt/airflow/dags/dit_uq_stage0_final.py
[2025-08-02T20:18:18.584+0000] {processor.py:840} INFO - DAG(s) 'dit_uq_stage0_final' retrieved from /opt/airflow/dags/dit_uq_stage0_final.py
[2025-08-02T20:18:18.598+0000] {logging_mixin.py:188} INFO - [2025-08-02T20:18:18.598+0000] {dag.py:3036} INFO - Sync 1 DAGs
[2025-08-02T20:18:18.606+0000] {logging_mixin.py:188} INFO - [2025-08-02T20:18:18.606+0000] {dag.py:3823} INFO - Setting next_dagrun for dit_uq_stage0_final to None, run_after=None
[2025-08-02T20:18:18.618+0000] {processor.py:183} INFO - Processing /opt/airflow/dags/dit_uq_stage0_final.py took 0.053 seconds
[2025-08-02T20:18:49.080+0000] {processor.py:161} INFO - Started process (PID=986) to work on /opt/airflow/dags/dit_uq_stage0_final.py
[2025-08-02T20:18:49.081+0000] {processor.py:830} INFO - Processing file /opt/airflow/dags/dit_uq_stage0_final.py for tasks to queue
[2025-08-02T20:18:49.083+0000] {logging_mixin.py:188} INFO - [2025-08-02T20:18:49.083+0000] {dagbag.py:538} INFO - Filling up the DagBag from /opt/airflow/dags/dit_uq_stage0_final.py
[2025-08-02T20:18:49.097+0000] {processor.py:840} INFO - DAG(s) 'dit_uq_stage0_final' retrieved from /opt/airflow/dags/dit_uq_stage0_final.py
[2025-08-02T20:18:49.109+0000] {logging_mixin.py:188} INFO - [2025-08-02T20:18:49.109+0000] {dag.py:3036} INFO - Sync 1 DAGs
[2025-08-02T20:18:49.114+0000] {logging_mixin.py:188} INFO - [2025-08-02T20:18:49.114+0000] {dag.py:3823} INFO - Setting next_dagrun for dit_uq_stage0_final to None, run_after=None
[2025-08-02T20:18:49.126+0000] {processor.py:183} INFO - Processing /opt/airflow/dags/dit_uq_stage0_final.py took 0.050 seconds
[2025-08-02T20:19:19.630+0000] {processor.py:161} INFO - Started process (PID=1044) to work on /opt/airflow/dags/dit_uq_stage0_final.py
[2025-08-02T20:19:19.631+0000] {processor.py:830} INFO - Processing file /opt/airflow/dags/dit_uq_stage0_final.py for tasks to queue
[2025-08-02T20:19:19.633+0000] {logging_mixin.py:188} INFO - [2025-08-02T20:19:19.633+0000] {dagbag.py:538} INFO - Filling up the DagBag from /opt/airflow/dags/dit_uq_stage0_final.py
[2025-08-02T20:19:19.646+0000] {processor.py:840} INFO - DAG(s) 'dit_uq_stage0_final' retrieved from /opt/airflow/dags/dit_uq_stage0_final.py
[2025-08-02T20:19:19.659+0000] {logging_mixin.py:188} INFO - [2025-08-02T20:19:19.658+0000] {dag.py:3036} INFO - Sync 1 DAGs
[2025-08-02T20:19:19.669+0000] {logging_mixin.py:188} INFO - [2025-08-02T20:19:19.669+0000] {dag.py:3823} INFO - Setting next_dagrun for dit_uq_stage0_final to None, run_after=None
[2025-08-02T20:19:19.679+0000] {processor.py:183} INFO - Processing /opt/airflow/dags/dit_uq_stage0_final.py took 0.053 seconds
[2025-08-02T20:19:50.266+0000] {processor.py:161} INFO - Started process (PID=1102) to work on /opt/airflow/dags/dit_uq_stage0_final.py
[2025-08-02T20:19:50.267+0000] {processor.py:830} INFO - Processing file /opt/airflow/dags/dit_uq_stage0_final.py for tasks to queue
[2025-08-02T20:19:50.269+0000] {logging_mixin.py:188} INFO - [2025-08-02T20:19:50.269+0000] {dagbag.py:538} INFO - Filling up the DagBag from /opt/airflow/dags/dit_uq_stage0_final.py
[2025-08-02T20:19:50.280+0000] {processor.py:840} INFO - DAG(s) 'dit_uq_stage0_final' retrieved from /opt/airflow/dags/dit_uq_stage0_final.py
[2025-08-02T20:19:50.294+0000] {logging_mixin.py:188} INFO - [2025-08-02T20:19:50.294+0000] {dag.py:3036} INFO - Sync 1 DAGs
[2025-08-02T20:19:50.302+0000] {logging_mixin.py:188} INFO - [2025-08-02T20:19:50.302+0000] {dag.py:3823} INFO - Setting next_dagrun for dit_uq_stage0_final to None, run_after=None
[2025-08-02T20:19:50.312+0000] {processor.py:183} INFO - Processing /opt/airflow/dags/dit_uq_stage0_final.py took 0.052 seconds
[2025-08-02T20:20:20.887+0000] {processor.py:161} INFO - Started process (PID=1160) to work on /opt/airflow/dags/dit_uq_stage0_final.py
[2025-08-02T20:20:20.888+0000] {processor.py:830} INFO - Processing file /opt/airflow/dags/dit_uq_stage0_final.py for tasks to queue
[2025-08-02T20:20:20.890+0000] {logging_mixin.py:188} INFO - [2025-08-02T20:20:20.889+0000] {dagbag.py:538} INFO - Filling up the DagBag from /opt/airflow/dags/dit_uq_stage0_final.py
[2025-08-02T20:20:20.902+0000] {processor.py:840} INFO - DAG(s) 'dit_uq_stage0_final' retrieved from /opt/airflow/dags/dit_uq_stage0_final.py
[2025-08-02T20:20:20.913+0000] {logging_mixin.py:188} INFO - [2025-08-02T20:20:20.913+0000] {dag.py:3036} INFO - Sync 1 DAGs
[2025-08-02T20:20:20.920+0000] {logging_mixin.py:188} INFO - [2025-08-02T20:20:20.920+0000] {dag.py:3823} INFO - Setting next_dagrun for dit_uq_stage0_final to None, run_after=None
[2025-08-02T20:20:20.927+0000] {processor.py:183} INFO - Processing /opt/airflow/dags/dit_uq_stage0_final.py took 0.044 seconds
[2025-08-02T20:20:51.410+0000] {processor.py:161} INFO - Started process (PID=1218) to work on /opt/airflow/dags/dit_uq_stage0_final.py
[2025-08-02T20:20:51.412+0000] {processor.py:830} INFO - Processing file /opt/airflow/dags/dit_uq_stage0_final.py for tasks to queue
[2025-08-02T20:20:51.414+0000] {logging_mixin.py:188} INFO - [2025-08-02T20:20:51.414+0000] {dagbag.py:538} INFO - Filling up the DagBag from /opt/airflow/dags/dit_uq_stage0_final.py
[2025-08-02T20:20:51.426+0000] {processor.py:840} INFO - DAG(s) 'dit_uq_stage0_final' retrieved from /opt/airflow/dags/dit_uq_stage0_final.py
[2025-08-02T20:20:51.436+0000] {logging_mixin.py:188} INFO - [2025-08-02T20:20:51.436+0000] {dag.py:3036} INFO - Sync 1 DAGs
[2025-08-02T20:20:51.447+0000] {logging_mixin.py:188} INFO - [2025-08-02T20:20:51.447+0000] {dag.py:3823} INFO - Setting next_dagrun for dit_uq_stage0_final to None, run_after=None
[2025-08-02T20:20:51.456+0000] {processor.py:183} INFO - Processing /opt/airflow/dags/dit_uq_stage0_final.py took 0.049 seconds
[2025-08-02T20:21:22.026+0000] {processor.py:161} INFO - Started process (PID=1276) to work on /opt/airflow/dags/dit_uq_stage0_final.py
[2025-08-02T20:21:22.027+0000] {processor.py:830} INFO - Processing file /opt/airflow/dags/dit_uq_stage0_final.py for tasks to queue
[2025-08-02T20:21:22.028+0000] {logging_mixin.py:188} INFO - [2025-08-02T20:21:22.028+0000] {dagbag.py:538} INFO - Filling up the DagBag from /opt/airflow/dags/dit_uq_stage0_final.py
[2025-08-02T20:21:22.038+0000] {processor.py:840} INFO - DAG(s) 'dit_uq_stage0_final' retrieved from /opt/airflow/dags/dit_uq_stage0_final.py
[2025-08-02T20:21:22.048+0000] {logging_mixin.py:188} INFO - [2025-08-02T20:21:22.048+0000] {dag.py:3036} INFO - Sync 1 DAGs
[2025-08-02T20:21:22.054+0000] {logging_mixin.py:188} INFO - [2025-08-02T20:21:22.054+0000] {dag.py:3823} INFO - Setting next_dagrun for dit_uq_stage0_final to None, run_after=None
[2025-08-02T20:21:22.063+0000] {processor.py:183} INFO - Processing /opt/airflow/dags/dit_uq_stage0_final.py took 0.040 seconds
[2025-08-02T20:21:52.759+0000] {processor.py:161} INFO - Started process (PID=1334) to work on /opt/airflow/dags/dit_uq_stage0_final.py
[2025-08-02T20:21:52.760+0000] {processor.py:830} INFO - Processing file /opt/airflow/dags/dit_uq_stage0_final.py for tasks to queue
[2025-08-02T20:21:52.761+0000] {logging_mixin.py:188} INFO - [2025-08-02T20:21:52.761+0000] {dagbag.py:538} INFO - Filling up the DagBag from /opt/airflow/dags/dit_uq_stage0_final.py
[2025-08-02T20:21:52.768+0000] {processor.py:840} INFO - DAG(s) 'dit_uq_stage0_final' retrieved from /opt/airflow/dags/dit_uq_stage0_final.py
[2025-08-02T20:21:52.778+0000] {logging_mixin.py:188} INFO - [2025-08-02T20:21:52.778+0000] {dag.py:3036} INFO - Sync 1 DAGs
[2025-08-02T20:21:52.783+0000] {logging_mixin.py:188} INFO - [2025-08-02T20:21:52.783+0000] {dag.py:3823} INFO - Setting next_dagrun for dit_uq_stage0_final to None, run_after=None
[2025-08-02T20:21:52.794+0000] {processor.py:183} INFO - Processing /opt/airflow/dags/dit_uq_stage0_final.py took 0.037 seconds
[2025-08-02T20:22:23.333+0000] {processor.py:161} INFO - Started process (PID=1389) to work on /opt/airflow/dags/dit_uq_stage0_final.py
[2025-08-02T20:22:23.336+0000] {processor.py:830} INFO - Processing file /opt/airflow/dags/dit_uq_stage0_final.py for tasks to queue
[2025-08-02T20:22:23.336+0000] {logging_mixin.py:188} INFO - [2025-08-02T20:22:23.336+0000] {dagbag.py:538} INFO - Filling up the DagBag from /opt/airflow/dags/dit_uq_stage0_final.py
[2025-08-02T20:22:23.346+0000] {processor.py:840} INFO - DAG(s) 'dit_uq_stage0_final' retrieved from /opt/airflow/dags/dit_uq_stage0_final.py
[2025-08-02T20:22:23.363+0000] {logging_mixin.py:188} INFO - [2025-08-02T20:22:23.363+0000] {dag.py:3036} INFO - Sync 1 DAGs
[2025-08-02T20:22:23.370+0000] {logging_mixin.py:188} INFO - [2025-08-02T20:22:23.370+0000] {dag.py:3823} INFO - Setting next_dagrun for dit_uq_stage0_final to None, run_after=None
[2025-08-02T20:22:23.384+0000] {processor.py:183} INFO - Processing /opt/airflow/dags/dit_uq_stage0_final.py took 0.053 seconds
[2025-08-02T20:22:53.953+0000] {processor.py:161} INFO - Started process (PID=1447) to work on /opt/airflow/dags/dit_uq_stage0_final.py
[2025-08-02T20:22:53.954+0000] {processor.py:830} INFO - Processing file /opt/airflow/dags/dit_uq_stage0_final.py for tasks to queue
[2025-08-02T20:22:53.957+0000] {logging_mixin.py:188} INFO - [2025-08-02T20:22:53.957+0000] {dagbag.py:538} INFO - Filling up the DagBag from /opt/airflow/dags/dit_uq_stage0_final.py
[2025-08-02T20:22:53.974+0000] {processor.py:840} INFO - DAG(s) 'dit_uq_stage0_final' retrieved from /opt/airflow/dags/dit_uq_stage0_final.py
[2025-08-02T20:22:53.990+0000] {logging_mixin.py:188} INFO - [2025-08-02T20:22:53.990+0000] {dag.py:3036} INFO - Sync 1 DAGs
[2025-08-02T20:22:53.998+0000] {logging_mixin.py:188} INFO - [2025-08-02T20:22:53.998+0000] {dag.py:3823} INFO - Setting next_dagrun for dit_uq_stage0_final to None, run_after=None
[2025-08-02T20:22:54.009+0000] {processor.py:183} INFO - Processing /opt/airflow/dags/dit_uq_stage0_final.py took 0.061 seconds
[2025-08-02T20:23:24.681+0000] {processor.py:161} INFO - Started process (PID=1505) to work on /opt/airflow/dags/dit_uq_stage0_final.py
[2025-08-02T20:23:24.682+0000] {processor.py:830} INFO - Processing file /opt/airflow/dags/dit_uq_stage0_final.py for tasks to queue
[2025-08-02T20:23:24.684+0000] {logging_mixin.py:188} INFO - [2025-08-02T20:23:24.684+0000] {dagbag.py:538} INFO - Filling up the DagBag from /opt/airflow/dags/dit_uq_stage0_final.py
[2025-08-02T20:23:24.691+0000] {processor.py:840} INFO - DAG(s) 'dit_uq_stage0_final' retrieved from /opt/airflow/dags/dit_uq_stage0_final.py
[2025-08-02T20:23:24.706+0000] {logging_mixin.py:188} INFO - [2025-08-02T20:23:24.706+0000] {dag.py:3036} INFO - Sync 1 DAGs
[2025-08-02T20:23:24.712+0000] {logging_mixin.py:188} INFO - [2025-08-02T20:23:24.712+0000] {dag.py:3823} INFO - Setting next_dagrun for dit_uq_stage0_final to None, run_after=None
[2025-08-02T20:23:24.721+0000] {processor.py:183} INFO - Processing /opt/airflow/dags/dit_uq_stage0_final.py took 0.042 seconds
[2025-08-02T20:23:54.887+0000] {processor.py:161} INFO - Started process (PID=1563) to work on /opt/airflow/dags/dit_uq_stage0_final.py
[2025-08-02T20:23:54.888+0000] {processor.py:830} INFO - Processing file /opt/airflow/dags/dit_uq_stage0_final.py for tasks to queue
[2025-08-02T20:23:54.889+0000] {logging_mixin.py:188} INFO - [2025-08-02T20:23:54.889+0000] {dagbag.py:538} INFO - Filling up the DagBag from /opt/airflow/dags/dit_uq_stage0_final.py
[2025-08-02T20:23:54.899+0000] {processor.py:840} INFO - DAG(s) 'dit_uq_stage0_final' retrieved from /opt/airflow/dags/dit_uq_stage0_final.py
[2025-08-02T20:23:54.911+0000] {logging_mixin.py:188} INFO - [2025-08-02T20:23:54.911+0000] {dag.py:3036} INFO - Sync 1 DAGs
[2025-08-02T20:23:54.916+0000] {logging_mixin.py:188} INFO - [2025-08-02T20:23:54.916+0000] {dag.py:3823} INFO - Setting next_dagrun for dit_uq_stage0_final to None, run_after=None
[2025-08-02T20:23:54.925+0000] {processor.py:183} INFO - Processing /opt/airflow/dags/dit_uq_stage0_final.py took 0.041 seconds
[2025-08-02T20:24:25.105+0000] {processor.py:161} INFO - Started process (PID=1621) to work on /opt/airflow/dags/dit_uq_stage0_final.py
[2025-08-02T20:24:25.106+0000] {processor.py:830} INFO - Processing file /opt/airflow/dags/dit_uq_stage0_final.py for tasks to queue
[2025-08-02T20:24:25.109+0000] {logging_mixin.py:188} INFO - [2025-08-02T20:24:25.108+0000] {dagbag.py:538} INFO - Filling up the DagBag from /opt/airflow/dags/dit_uq_stage0_final.py
[2025-08-02T20:24:25.118+0000] {processor.py:840} INFO - DAG(s) 'dit_uq_stage0_final' retrieved from /opt/airflow/dags/dit_uq_stage0_final.py
[2025-08-02T20:24:25.130+0000] {logging_mixin.py:188} INFO - [2025-08-02T20:24:25.130+0000] {dag.py:3036} INFO - Sync 1 DAGs
[2025-08-02T20:24:25.137+0000] {logging_mixin.py:188} INFO - [2025-08-02T20:24:25.137+0000] {dag.py:3823} INFO - Setting next_dagrun for dit_uq_stage0_final to None, run_after=None
[2025-08-02T20:24:25.147+0000] {processor.py:183} INFO - Processing /opt/airflow/dags/dit_uq_stage0_final.py took 0.045 seconds
[2025-08-02T20:24:55.399+0000] {processor.py:161} INFO - Started process (PID=1679) to work on /opt/airflow/dags/dit_uq_stage0_final.py
[2025-08-02T20:24:55.400+0000] {processor.py:830} INFO - Processing file /opt/airflow/dags/dit_uq_stage0_final.py for tasks to queue
[2025-08-02T20:24:55.402+0000] {logging_mixin.py:188} INFO - [2025-08-02T20:24:55.401+0000] {dagbag.py:538} INFO - Filling up the DagBag from /opt/airflow/dags/dit_uq_stage0_final.py
[2025-08-02T20:24:55.419+0000] {processor.py:840} INFO - DAG(s) 'dit_uq_stage0_final' retrieved from /opt/airflow/dags/dit_uq_stage0_final.py
[2025-08-02T20:24:55.432+0000] {logging_mixin.py:188} INFO - [2025-08-02T20:24:55.432+0000] {dag.py:3036} INFO - Sync 1 DAGs
[2025-08-02T20:24:55.440+0000] {logging_mixin.py:188} INFO - [2025-08-02T20:24:55.439+0000] {dag.py:3823} INFO - Setting next_dagrun for dit_uq_stage0_final to None, run_after=None
[2025-08-02T20:24:55.454+0000] {processor.py:183} INFO - Processing /opt/airflow/dags/dit_uq_stage0_final.py took 0.059 seconds
[2025-08-02T20:25:25.528+0000] {processor.py:161} INFO - Started process (PID=1737) to work on /opt/airflow/dags/dit_uq_stage0_final.py
[2025-08-02T20:25:25.529+0000] {processor.py:830} INFO - Processing file /opt/airflow/dags/dit_uq_stage0_final.py for tasks to queue
[2025-08-02T20:25:25.531+0000] {logging_mixin.py:188} INFO - [2025-08-02T20:25:25.531+0000] {dagbag.py:538} INFO - Filling up the DagBag from /opt/airflow/dags/dit_uq_stage0_final.py
[2025-08-02T20:25:25.542+0000] {processor.py:840} INFO - DAG(s) 'dit_uq_stage0_final' retrieved from /opt/airflow/dags/dit_uq_stage0_final.py
[2025-08-02T20:25:25.554+0000] {logging_mixin.py:188} INFO - [2025-08-02T20:25:25.553+0000] {dag.py:3036} INFO - Sync 1 DAGs
[2025-08-02T20:25:25.561+0000] {logging_mixin.py:188} INFO - [2025-08-02T20:25:25.560+0000] {dag.py:3823} INFO - Setting next_dagrun for dit_uq_stage0_final to None, run_after=None
[2025-08-02T20:25:25.572+0000] {processor.py:183} INFO - Processing /opt/airflow/dags/dit_uq_stage0_final.py took 0.048 seconds
[2025-08-02T20:25:56.164+0000] {processor.py:161} INFO - Started process (PID=1795) to work on /opt/airflow/dags/dit_uq_stage0_final.py
[2025-08-02T20:25:56.166+0000] {processor.py:830} INFO - Processing file /opt/airflow/dags/dit_uq_stage0_final.py for tasks to queue
[2025-08-02T20:25:56.167+0000] {logging_mixin.py:188} INFO - [2025-08-02T20:25:56.167+0000] {dagbag.py:538} INFO - Filling up the DagBag from /opt/airflow/dags/dit_uq_stage0_final.py
[2025-08-02T20:25:56.261+0000] {processor.py:840} INFO - DAG(s) 'dit_uq_stage0_final' retrieved from /opt/airflow/dags/dit_uq_stage0_final.py
[2025-08-02T20:25:56.270+0000] {logging_mixin.py:188} INFO - [2025-08-02T20:25:56.270+0000] {dag.py:3036} INFO - Sync 1 DAGs
[2025-08-02T20:25:56.274+0000] {logging_mixin.py:188} INFO - [2025-08-02T20:25:56.274+0000] {dag.py:3823} INFO - Setting next_dagrun for dit_uq_stage0_final to None, run_after=None
[2025-08-02T20:25:56.284+0000] {processor.py:183} INFO - Processing /opt/airflow/dags/dit_uq_stage0_final.py took 0.122 seconds
[2025-08-02T20:26:27.289+0000] {processor.py:161} INFO - Started process (PID=1853) to work on /opt/airflow/dags/dit_uq_stage0_final.py
[2025-08-02T20:26:27.291+0000] {processor.py:830} INFO - Processing file /opt/airflow/dags/dit_uq_stage0_final.py for tasks to queue
[2025-08-02T20:26:27.295+0000] {logging_mixin.py:188} INFO - [2025-08-02T20:26:27.295+0000] {dagbag.py:538} INFO - Filling up the DagBag from /opt/airflow/dags/dit_uq_stage0_final.py
[2025-08-02T20:26:27.306+0000] {processor.py:840} INFO - DAG(s) 'dit_uq_stage0_final' retrieved from /opt/airflow/dags/dit_uq_stage0_final.py
[2025-08-02T20:26:27.318+0000] {logging_mixin.py:188} INFO - [2025-08-02T20:26:27.318+0000] {dag.py:3036} INFO - Sync 1 DAGs
[2025-08-02T20:26:27.325+0000] {logging_mixin.py:188} INFO - [2025-08-02T20:26:27.324+0000] {dag.py:3823} INFO - Setting next_dagrun for dit_uq_stage0_final to None, run_after=None
[2025-08-02T20:26:27.335+0000] {processor.py:183} INFO - Processing /opt/airflow/dags/dit_uq_stage0_final.py took 0.049 seconds
[2025-08-02T20:26:57.852+0000] {processor.py:161} INFO - Started process (PID=1911) to work on /opt/airflow/dags/dit_uq_stage0_final.py
[2025-08-02T20:26:57.853+0000] {processor.py:830} INFO - Processing file /opt/airflow/dags/dit_uq_stage0_final.py for tasks to queue
[2025-08-02T20:26:57.854+0000] {logging_mixin.py:188} INFO - [2025-08-02T20:26:57.854+0000] {dagbag.py:538} INFO - Filling up the DagBag from /opt/airflow/dags/dit_uq_stage0_final.py
[2025-08-02T20:26:57.862+0000] {processor.py:840} INFO - DAG(s) 'dit_uq_stage0_final' retrieved from /opt/airflow/dags/dit_uq_stage0_final.py
[2025-08-02T20:26:57.875+0000] {logging_mixin.py:188} INFO - [2025-08-02T20:26:57.875+0000] {dag.py:3036} INFO - Sync 1 DAGs
[2025-08-02T20:26:57.882+0000] {logging_mixin.py:188} INFO - [2025-08-02T20:26:57.882+0000] {dag.py:3823} INFO - Setting next_dagrun for dit_uq_stage0_final to None, run_after=None
[2025-08-02T20:26:57.894+0000] {processor.py:183} INFO - Processing /opt/airflow/dags/dit_uq_stage0_final.py took 0.044 seconds
[2025-08-02T20:27:28.400+0000] {processor.py:161} INFO - Started process (PID=1969) to work on /opt/airflow/dags/dit_uq_stage0_final.py
[2025-08-02T20:27:28.401+0000] {processor.py:830} INFO - Processing file /opt/airflow/dags/dit_uq_stage0_final.py for tasks to queue
[2025-08-02T20:27:28.402+0000] {logging_mixin.py:188} INFO - [2025-08-02T20:27:28.402+0000] {dagbag.py:538} INFO - Filling up the DagBag from /opt/airflow/dags/dit_uq_stage0_final.py
[2025-08-02T20:27:28.412+0000] {processor.py:840} INFO - DAG(s) 'dit_uq_stage0_final' retrieved from /opt/airflow/dags/dit_uq_stage0_final.py
[2025-08-02T20:27:28.423+0000] {logging_mixin.py:188} INFO - [2025-08-02T20:27:28.423+0000] {dag.py:3036} INFO - Sync 1 DAGs
[2025-08-02T20:27:28.430+0000] {logging_mixin.py:188} INFO - [2025-08-02T20:27:28.429+0000] {dag.py:3823} INFO - Setting next_dagrun for dit_uq_stage0_final to None, run_after=None
[2025-08-02T20:27:28.443+0000] {processor.py:183} INFO - Processing /opt/airflow/dags/dit_uq_stage0_final.py took 0.044 seconds
[2025-08-02T20:27:59.058+0000] {processor.py:161} INFO - Started process (PID=2027) to work on /opt/airflow/dags/dit_uq_stage0_final.py
[2025-08-02T20:27:59.058+0000] {processor.py:830} INFO - Processing file /opt/airflow/dags/dit_uq_stage0_final.py for tasks to queue
[2025-08-02T20:27:59.060+0000] {logging_mixin.py:188} INFO - [2025-08-02T20:27:59.060+0000] {dagbag.py:538} INFO - Filling up the DagBag from /opt/airflow/dags/dit_uq_stage0_final.py
[2025-08-02T20:27:59.071+0000] {processor.py:840} INFO - DAG(s) 'dit_uq_stage0_final' retrieved from /opt/airflow/dags/dit_uq_stage0_final.py
[2025-08-02T20:27:59.083+0000] {logging_mixin.py:188} INFO - [2025-08-02T20:27:59.083+0000] {dag.py:3036} INFO - Sync 1 DAGs
[2025-08-02T20:27:59.089+0000] {logging_mixin.py:188} INFO - [2025-08-02T20:27:59.089+0000] {dag.py:3823} INFO - Setting next_dagrun for dit_uq_stage0_final to None, run_after=None
[2025-08-02T20:27:59.097+0000] {processor.py:183} INFO - Processing /opt/airflow/dags/dit_uq_stage0_final.py took 0.043 seconds
