[2025-08-03T16:30:51.886+0000] {processor.py:161} INFO - Started process (PID=10124) to work on /opt/airflow/dags/dit_uq_stage3.py
[2025-08-03T16:30:51.887+0000] {processor.py:830} INFO - Processing file /opt/airflow/dags/dit_uq_stage3.py for tasks to queue
[2025-08-03T16:30:51.888+0000] {logging_mixin.py:188} INFO - [2025-08-03T16:30:51.888+0000] {dagbag.py:538} INFO - Filling up the DagBag from /opt/airflow/dags/dit_uq_stage3.py
[2025-08-03T16:30:51.904+0000] {processor.py:840} INFO - DAG(s) 'dit_uq_stage3' retrieved from /opt/airflow/dags/dit_uq_stage3.py
[2025-08-03T16:30:51.942+0000] {logging_mixin.py:188} INFO - [2025-08-03T16:30:51.942+0000] {override.py:1769} INFO - Created Permission View: can edit on DAG:dit_uq_stage3
[2025-08-03T16:30:51.945+0000] {logging_mixin.py:188} INFO - [2025-08-03T16:30:51.945+0000] {override.py:1769} INFO - Created Permission View: can delete on DAG:dit_uq_stage3
[2025-08-03T16:30:51.947+0000] {logging_mixin.py:188} INFO - [2025-08-03T16:30:51.947+0000] {override.py:1769} INFO - Created Permission View: can read on DAG:dit_uq_stage3
[2025-08-03T16:30:51.947+0000] {logging_mixin.py:188} INFO - [2025-08-03T16:30:51.947+0000] {dag.py:3036} INFO - Sync 1 DAGs
[2025-08-03T16:30:51.951+0000] {logging_mixin.py:188} INFO - [2025-08-03T16:30:51.951+0000] {dag.py:3058} INFO - Creating ORM DAG for dit_uq_stage3
[2025-08-03T16:30:51.951+0000] {logging_mixin.py:188} INFO - [2025-08-03T16:30:51.951+0000] {dag.py:3823} INFO - Setting next_dagrun for dit_uq_stage3 to None, run_after=None
[2025-08-03T16:30:51.958+0000] {processor.py:183} INFO - Processing /opt/airflow/dags/dit_uq_stage3.py took 0.074 seconds
[2025-08-03T16:31:22.148+0000] {processor.py:161} INFO - Started process (PID=10188) to work on /opt/airflow/dags/dit_uq_stage3.py
[2025-08-03T16:31:22.148+0000] {processor.py:830} INFO - Processing file /opt/airflow/dags/dit_uq_stage3.py for tasks to queue
[2025-08-03T16:31:22.150+0000] {logging_mixin.py:188} INFO - [2025-08-03T16:31:22.149+0000] {dagbag.py:538} INFO - Filling up the DagBag from /opt/airflow/dags/dit_uq_stage3.py
[2025-08-03T16:31:22.169+0000] {processor.py:840} INFO - DAG(s) 'dit_uq_stage3' retrieved from /opt/airflow/dags/dit_uq_stage3.py
[2025-08-03T16:31:22.177+0000] {logging_mixin.py:188} INFO - [2025-08-03T16:31:22.177+0000] {dag.py:3036} INFO - Sync 1 DAGs
[2025-08-03T16:31:22.184+0000] {logging_mixin.py:188} INFO - [2025-08-03T16:31:22.184+0000] {dag.py:3823} INFO - Setting next_dagrun for dit_uq_stage3 to None, run_after=None
[2025-08-03T16:31:22.193+0000] {processor.py:183} INFO - Processing /opt/airflow/dags/dit_uq_stage3.py took 0.048 seconds
[2025-08-03T16:31:52.258+0000] {processor.py:161} INFO - Started process (PID=10252) to work on /opt/airflow/dags/dit_uq_stage3.py
[2025-08-03T16:31:52.259+0000] {processor.py:830} INFO - Processing file /opt/airflow/dags/dit_uq_stage3.py for tasks to queue
[2025-08-03T16:31:52.260+0000] {logging_mixin.py:188} INFO - [2025-08-03T16:31:52.260+0000] {dagbag.py:538} INFO - Filling up the DagBag from /opt/airflow/dags/dit_uq_stage3.py
[2025-08-03T16:31:52.284+0000] {processor.py:840} INFO - DAG(s) 'dit_uq_stage3' retrieved from /opt/airflow/dags/dit_uq_stage3.py
[2025-08-03T16:31:52.292+0000] {logging_mixin.py:188} INFO - [2025-08-03T16:31:52.292+0000] {dag.py:3036} INFO - Sync 1 DAGs
[2025-08-03T16:31:52.297+0000] {logging_mixin.py:188} INFO - [2025-08-03T16:31:52.297+0000] {dag.py:3823} INFO - Setting next_dagrun for dit_uq_stage3 to None, run_after=None
[2025-08-03T16:31:52.303+0000] {processor.py:183} INFO - Processing /opt/airflow/dags/dit_uq_stage3.py took 0.050 seconds
[2025-08-03T16:32:22.573+0000] {processor.py:161} INFO - Started process (PID=10316) to work on /opt/airflow/dags/dit_uq_stage3.py
[2025-08-03T16:32:22.574+0000] {processor.py:830} INFO - Processing file /opt/airflow/dags/dit_uq_stage3.py for tasks to queue
[2025-08-03T16:32:22.577+0000] {logging_mixin.py:188} INFO - [2025-08-03T16:32:22.576+0000] {dagbag.py:538} INFO - Filling up the DagBag from /opt/airflow/dags/dit_uq_stage3.py
[2025-08-03T16:32:22.602+0000] {processor.py:840} INFO - DAG(s) 'dit_uq_stage3' retrieved from /opt/airflow/dags/dit_uq_stage3.py
[2025-08-03T16:32:22.609+0000] {logging_mixin.py:188} INFO - [2025-08-03T16:32:22.609+0000] {dag.py:3036} INFO - Sync 1 DAGs
[2025-08-03T16:32:22.614+0000] {logging_mixin.py:188} INFO - [2025-08-03T16:32:22.614+0000] {dag.py:3823} INFO - Setting next_dagrun for dit_uq_stage3 to None, run_after=None
[2025-08-03T16:32:22.678+0000] {processor.py:183} INFO - Processing /opt/airflow/dags/dit_uq_stage3.py took 0.111 seconds
[2025-08-03T16:33:07.203+0000] {processor.py:161} INFO - Started process (PID=42) to work on /opt/airflow/dags/dit_uq_stage3.py
[2025-08-03T16:33:07.207+0000] {processor.py:830} INFO - Processing file /opt/airflow/dags/dit_uq_stage3.py for tasks to queue
[2025-08-03T16:33:07.210+0000] {logging_mixin.py:188} INFO - [2025-08-03T16:33:07.210+0000] {dagbag.py:538} INFO - Filling up the DagBag from /opt/airflow/dags/dit_uq_stage3.py
[2025-08-03T16:33:07.290+0000] {processor.py:840} INFO - DAG(s) 'dit_uq_stage3' retrieved from /opt/airflow/dags/dit_uq_stage3.py
[2025-08-03T16:33:07.481+0000] {logging_mixin.py:188} INFO - [2025-08-03T16:33:07.481+0000] {dag.py:3036} INFO - Sync 1 DAGs
[2025-08-03T16:33:07.490+0000] {logging_mixin.py:188} INFO - [2025-08-03T16:33:07.490+0000] {dag.py:3823} INFO - Setting next_dagrun for dit_uq_stage3 to None, run_after=None
[2025-08-03T16:33:07.504+0000] {processor.py:183} INFO - Processing /opt/airflow/dags/dit_uq_stage3.py took 0.307 seconds
[2025-08-03T16:33:32.446+0000] {processor.py:161} INFO - Started process (PID=106) to work on /opt/airflow/dags/dit_uq_stage3.py
[2025-08-03T16:33:32.452+0000] {processor.py:830} INFO - Processing file /opt/airflow/dags/dit_uq_stage3.py for tasks to queue
[2025-08-03T16:33:32.461+0000] {logging_mixin.py:188} INFO - [2025-08-03T16:33:32.461+0000] {dagbag.py:538} INFO - Filling up the DagBag from /opt/airflow/dags/dit_uq_stage3.py
[2025-08-03T16:33:32.488+0000] {processor.py:840} INFO - DAG(s) 'dit_uq_stage3' retrieved from /opt/airflow/dags/dit_uq_stage3.py
[2025-08-03T16:33:32.491+0000] {logging_mixin.py:188} INFO - [2025-08-03T16:33:32.491+0000] {dag.py:3036} INFO - Sync 1 DAGs
[2025-08-03T16:33:32.498+0000] {logging_mixin.py:188} INFO - [2025-08-03T16:33:32.498+0000] {dag.py:3823} INFO - Setting next_dagrun for dit_uq_stage3 to None, run_after=None
[2025-08-03T16:33:32.515+0000] {processor.py:183} INFO - Processing /opt/airflow/dags/dit_uq_stage3.py took 0.073 seconds
[2025-08-03T16:33:34.468+0000] {processor.py:161} INFO - Started process (PID=107) to work on /opt/airflow/dags/dit_uq_stage3.py
[2025-08-03T16:33:34.469+0000] {processor.py:830} INFO - Processing file /opt/airflow/dags/dit_uq_stage3.py for tasks to queue
[2025-08-03T16:33:34.470+0000] {logging_mixin.py:188} INFO - [2025-08-03T16:33:34.469+0000] {dagbag.py:538} INFO - Filling up the DagBag from /opt/airflow/dags/dit_uq_stage3.py
[2025-08-03T16:33:34.483+0000] {processor.py:840} INFO - DAG(s) 'dit_uq_stage3' retrieved from /opt/airflow/dags/dit_uq_stage3.py
[2025-08-03T16:33:34.485+0000] {logging_mixin.py:188} INFO - [2025-08-03T16:33:34.485+0000] {dag.py:3036} INFO - Sync 1 DAGs
[2025-08-03T16:33:34.490+0000] {logging_mixin.py:188} INFO - [2025-08-03T16:33:34.490+0000] {dag.py:3823} INFO - Setting next_dagrun for dit_uq_stage3 to None, run_after=None
[2025-08-03T16:33:34.497+0000] {processor.py:183} INFO - Processing /opt/airflow/dags/dit_uq_stage3.py took 0.032 seconds
[2025-08-03T16:34:04.996+0000] {processor.py:161} INFO - Started process (PID=171) to work on /opt/airflow/dags/dit_uq_stage3.py
[2025-08-03T16:34:04.997+0000] {processor.py:830} INFO - Processing file /opt/airflow/dags/dit_uq_stage3.py for tasks to queue
[2025-08-03T16:34:04.999+0000] {logging_mixin.py:188} INFO - [2025-08-03T16:34:04.999+0000] {dagbag.py:538} INFO - Filling up the DagBag from /opt/airflow/dags/dit_uq_stage3.py
[2025-08-03T16:34:05.022+0000] {processor.py:840} INFO - DAG(s) 'dit_uq_stage3' retrieved from /opt/airflow/dags/dit_uq_stage3.py
[2025-08-03T16:34:05.032+0000] {logging_mixin.py:188} INFO - [2025-08-03T16:34:05.032+0000] {dag.py:3036} INFO - Sync 1 DAGs
[2025-08-03T16:34:05.039+0000] {logging_mixin.py:188} INFO - [2025-08-03T16:34:05.038+0000] {dag.py:3823} INFO - Setting next_dagrun for dit_uq_stage3 to None, run_after=None
[2025-08-03T16:34:05.046+0000] {processor.py:183} INFO - Processing /opt/airflow/dags/dit_uq_stage3.py took 0.053 seconds
[2025-08-03T16:34:35.812+0000] {processor.py:161} INFO - Started process (PID=235) to work on /opt/airflow/dags/dit_uq_stage3.py
[2025-08-03T16:34:35.814+0000] {processor.py:830} INFO - Processing file /opt/airflow/dags/dit_uq_stage3.py for tasks to queue
[2025-08-03T16:34:35.817+0000] {logging_mixin.py:188} INFO - [2025-08-03T16:34:35.817+0000] {dagbag.py:538} INFO - Filling up the DagBag from /opt/airflow/dags/dit_uq_stage3.py
[2025-08-03T16:34:35.852+0000] {processor.py:840} INFO - DAG(s) 'dit_uq_stage3' retrieved from /opt/airflow/dags/dit_uq_stage3.py
[2025-08-03T16:34:35.860+0000] {logging_mixin.py:188} INFO - [2025-08-03T16:34:35.860+0000] {dag.py:3036} INFO - Sync 1 DAGs
[2025-08-03T16:34:35.867+0000] {logging_mixin.py:188} INFO - [2025-08-03T16:34:35.867+0000] {dag.py:3823} INFO - Setting next_dagrun for dit_uq_stage3 to None, run_after=None
[2025-08-03T16:34:35.874+0000] {processor.py:183} INFO - Processing /opt/airflow/dags/dit_uq_stage3.py took 0.068 seconds
[2025-08-03T16:35:06.575+0000] {processor.py:161} INFO - Started process (PID=299) to work on /opt/airflow/dags/dit_uq_stage3.py
[2025-08-03T16:35:06.576+0000] {processor.py:830} INFO - Processing file /opt/airflow/dags/dit_uq_stage3.py for tasks to queue
[2025-08-03T16:35:06.577+0000] {logging_mixin.py:188} INFO - [2025-08-03T16:35:06.577+0000] {dagbag.py:538} INFO - Filling up the DagBag from /opt/airflow/dags/dit_uq_stage3.py
[2025-08-03T16:35:06.603+0000] {processor.py:840} INFO - DAG(s) 'dit_uq_stage3' retrieved from /opt/airflow/dags/dit_uq_stage3.py
[2025-08-03T16:35:06.609+0000] {logging_mixin.py:188} INFO - [2025-08-03T16:35:06.609+0000] {dag.py:3036} INFO - Sync 1 DAGs
[2025-08-03T16:35:06.615+0000] {logging_mixin.py:188} INFO - [2025-08-03T16:35:06.615+0000] {dag.py:3823} INFO - Setting next_dagrun for dit_uq_stage3 to None, run_after=None
[2025-08-03T16:35:06.623+0000] {processor.py:183} INFO - Processing /opt/airflow/dags/dit_uq_stage3.py took 0.051 seconds
[2025-08-03T16:35:16.244+0000] {processor.py:161} INFO - Started process (PID=363) to work on /opt/airflow/dags/dit_uq_stage3.py
[2025-08-03T16:35:16.245+0000] {processor.py:830} INFO - Processing file /opt/airflow/dags/dit_uq_stage3.py for tasks to queue
[2025-08-03T16:35:16.246+0000] {logging_mixin.py:188} INFO - [2025-08-03T16:35:16.246+0000] {dagbag.py:538} INFO - Filling up the DagBag from /opt/airflow/dags/dit_uq_stage3.py
[2025-08-03T16:35:16.262+0000] {processor.py:840} INFO - DAG(s) 'dit_uq_stage3' retrieved from /opt/airflow/dags/dit_uq_stage3.py
[2025-08-03T16:35:16.267+0000] {logging_mixin.py:188} INFO - [2025-08-03T16:35:16.267+0000] {dag.py:3036} INFO - Sync 1 DAGs
[2025-08-03T16:35:16.272+0000] {logging_mixin.py:188} INFO - [2025-08-03T16:35:16.272+0000] {dag.py:3823} INFO - Setting next_dagrun for dit_uq_stage3 to None, run_after=None
[2025-08-03T16:35:16.280+0000] {processor.py:183} INFO - Processing /opt/airflow/dags/dit_uq_stage3.py took 0.038 seconds
[2025-08-03T16:35:19.262+0000] {processor.py:161} INFO - Started process (PID=364) to work on /opt/airflow/dags/dit_uq_stage3.py
[2025-08-03T16:35:19.262+0000] {processor.py:830} INFO - Processing file /opt/airflow/dags/dit_uq_stage3.py for tasks to queue
[2025-08-03T16:35:19.263+0000] {logging_mixin.py:188} INFO - [2025-08-03T16:35:19.263+0000] {dagbag.py:538} INFO - Filling up the DagBag from /opt/airflow/dags/dit_uq_stage3.py
[2025-08-03T16:35:19.276+0000] {processor.py:840} INFO - DAG(s) 'dit_uq_stage3' retrieved from /opt/airflow/dags/dit_uq_stage3.py
[2025-08-03T16:35:19.282+0000] {logging_mixin.py:188} INFO - [2025-08-03T16:35:19.282+0000] {dag.py:3036} INFO - Sync 1 DAGs
[2025-08-03T16:35:19.287+0000] {logging_mixin.py:188} INFO - [2025-08-03T16:35:19.287+0000] {dag.py:3823} INFO - Setting next_dagrun for dit_uq_stage3 to None, run_after=None
[2025-08-03T16:35:19.294+0000] {processor.py:183} INFO - Processing /opt/airflow/dags/dit_uq_stage3.py took 0.035 seconds
[2025-08-03T16:35:49.401+0000] {processor.py:161} INFO - Started process (PID=428) to work on /opt/airflow/dags/dit_uq_stage3.py
[2025-08-03T16:35:49.403+0000] {processor.py:830} INFO - Processing file /opt/airflow/dags/dit_uq_stage3.py for tasks to queue
[2025-08-03T16:35:49.406+0000] {logging_mixin.py:188} INFO - [2025-08-03T16:35:49.405+0000] {dagbag.py:538} INFO - Filling up the DagBag from /opt/airflow/dags/dit_uq_stage3.py
[2025-08-03T16:35:49.432+0000] {processor.py:840} INFO - DAG(s) 'dit_uq_stage3' retrieved from /opt/airflow/dags/dit_uq_stage3.py
[2025-08-03T16:35:49.442+0000] {logging_mixin.py:188} INFO - [2025-08-03T16:35:49.441+0000] {dag.py:3036} INFO - Sync 1 DAGs
[2025-08-03T16:35:49.447+0000] {logging_mixin.py:188} INFO - [2025-08-03T16:35:49.447+0000] {dag.py:3823} INFO - Setting next_dagrun for dit_uq_stage3 to None, run_after=None
[2025-08-03T16:35:49.458+0000] {processor.py:183} INFO - Processing /opt/airflow/dags/dit_uq_stage3.py took 0.061 seconds
[2025-08-03T16:35:51.415+0000] {processor.py:161} INFO - Started process (PID=429) to work on /opt/airflow/dags/dit_uq_stage3.py
[2025-08-03T16:35:51.416+0000] {processor.py:830} INFO - Processing file /opt/airflow/dags/dit_uq_stage3.py for tasks to queue
[2025-08-03T16:35:51.417+0000] {logging_mixin.py:188} INFO - [2025-08-03T16:35:51.417+0000] {dagbag.py:538} INFO - Filling up the DagBag from /opt/airflow/dags/dit_uq_stage3.py
[2025-08-03T16:35:51.430+0000] {processor.py:840} INFO - DAG(s) 'dit_uq_stage3' retrieved from /opt/airflow/dags/dit_uq_stage3.py
[2025-08-03T16:35:51.435+0000] {logging_mixin.py:188} INFO - [2025-08-03T16:35:51.434+0000] {dag.py:3036} INFO - Sync 1 DAGs
[2025-08-03T16:35:51.439+0000] {logging_mixin.py:188} INFO - [2025-08-03T16:35:51.439+0000] {dag.py:3823} INFO - Setting next_dagrun for dit_uq_stage3 to None, run_after=None
[2025-08-03T16:35:51.447+0000] {processor.py:183} INFO - Processing /opt/airflow/dags/dit_uq_stage3.py took 0.034 seconds
[2025-08-03T16:36:10.581+0000] {processor.py:161} INFO - Started process (PID=436) to work on /opt/airflow/dags/dit_uq_stage3.py
[2025-08-03T16:36:10.582+0000] {processor.py:830} INFO - Processing file /opt/airflow/dags/dit_uq_stage3.py for tasks to queue
[2025-08-03T16:36:10.583+0000] {logging_mixin.py:188} INFO - [2025-08-03T16:36:10.583+0000] {dagbag.py:538} INFO - Filling up the DagBag from /opt/airflow/dags/dit_uq_stage3.py
[2025-08-03T16:36:10.599+0000] {processor.py:840} INFO - DAG(s) 'dit_uq_stage3' retrieved from /opt/airflow/dags/dit_uq_stage3.py
[2025-08-03T16:36:10.604+0000] {logging_mixin.py:188} INFO - [2025-08-03T16:36:10.604+0000] {dag.py:3036} INFO - Sync 1 DAGs
[2025-08-03T16:36:10.608+0000] {logging_mixin.py:188} INFO - [2025-08-03T16:36:10.608+0000] {dag.py:3823} INFO - Setting next_dagrun for dit_uq_stage3 to None, run_after=None
[2025-08-03T16:36:10.616+0000] {processor.py:183} INFO - Processing /opt/airflow/dags/dit_uq_stage3.py took 0.037 seconds
[2025-08-03T16:36:16.085+0000] {processor.py:161} INFO - Started process (PID=494) to work on /opt/airflow/dags/dit_uq_stage3.py
[2025-08-03T16:36:16.086+0000] {processor.py:830} INFO - Processing file /opt/airflow/dags/dit_uq_stage3.py for tasks to queue
[2025-08-03T16:36:16.087+0000] {logging_mixin.py:188} INFO - [2025-08-03T16:36:16.087+0000] {dagbag.py:538} INFO - Filling up the DagBag from /opt/airflow/dags/dit_uq_stage3.py
[2025-08-03T16:36:16.104+0000] {processor.py:840} INFO - DAG(s) 'dit_uq_stage3' retrieved from /opt/airflow/dags/dit_uq_stage3.py
[2025-08-03T16:36:16.111+0000] {logging_mixin.py:188} INFO - [2025-08-03T16:36:16.111+0000] {dag.py:3036} INFO - Sync 1 DAGs
[2025-08-03T16:36:16.120+0000] {logging_mixin.py:188} INFO - [2025-08-03T16:36:16.119+0000] {dag.py:3823} INFO - Setting next_dagrun for dit_uq_stage3 to None, run_after=None
[2025-08-03T16:36:16.132+0000] {processor.py:183} INFO - Processing /opt/airflow/dags/dit_uq_stage3.py took 0.049 seconds
[2025-08-03T16:36:37.268+0000] {processor.py:161} INFO - Started process (PID=495) to work on /opt/airflow/dags/dit_uq_stage3.py
[2025-08-03T16:36:37.269+0000] {processor.py:830} INFO - Processing file /opt/airflow/dags/dit_uq_stage3.py for tasks to queue
[2025-08-03T16:36:37.271+0000] {logging_mixin.py:188} INFO - [2025-08-03T16:36:37.270+0000] {dagbag.py:538} INFO - Filling up the DagBag from /opt/airflow/dags/dit_uq_stage3.py
[2025-08-03T16:36:37.295+0000] {processor.py:840} INFO - DAG(s) 'dit_uq_stage3' retrieved from /opt/airflow/dags/dit_uq_stage3.py
[2025-08-03T16:36:37.303+0000] {logging_mixin.py:188} INFO - [2025-08-03T16:36:37.303+0000] {dag.py:3036} INFO - Sync 1 DAGs
[2025-08-03T16:36:37.310+0000] {logging_mixin.py:188} INFO - [2025-08-03T16:36:37.310+0000] {dag.py:3823} INFO - Setting next_dagrun for dit_uq_stage3 to None, run_after=None
[2025-08-03T16:36:37.321+0000] {processor.py:183} INFO - Processing /opt/airflow/dags/dit_uq_stage3.py took 0.056 seconds
[2025-08-03T16:36:46.095+0000] {processor.py:161} INFO - Started process (PID=559) to work on /opt/airflow/dags/dit_uq_stage3.py
[2025-08-03T16:36:46.095+0000] {processor.py:830} INFO - Processing file /opt/airflow/dags/dit_uq_stage3.py for tasks to queue
[2025-08-03T16:36:46.096+0000] {logging_mixin.py:188} INFO - [2025-08-03T16:36:46.096+0000] {dagbag.py:538} INFO - Filling up the DagBag from /opt/airflow/dags/dit_uq_stage3.py
[2025-08-03T16:36:46.188+0000] {processor.py:840} INFO - DAG(s) 'dit_uq_stage3' retrieved from /opt/airflow/dags/dit_uq_stage3.py
[2025-08-03T16:36:46.195+0000] {logging_mixin.py:188} INFO - [2025-08-03T16:36:46.195+0000] {dag.py:3036} INFO - Sync 1 DAGs
[2025-08-03T16:36:46.201+0000] {logging_mixin.py:188} INFO - [2025-08-03T16:36:46.201+0000] {dag.py:3823} INFO - Setting next_dagrun for dit_uq_stage3 to None, run_after=None
[2025-08-03T16:36:46.212+0000] {processor.py:183} INFO - Processing /opt/airflow/dags/dit_uq_stage3.py took 0.119 seconds
[2025-08-03T16:37:16.355+0000] {processor.py:161} INFO - Started process (PID=623) to work on /opt/airflow/dags/dit_uq_stage3.py
[2025-08-03T16:37:16.355+0000] {processor.py:830} INFO - Processing file /opt/airflow/dags/dit_uq_stage3.py for tasks to queue
[2025-08-03T16:37:16.356+0000] {logging_mixin.py:188} INFO - [2025-08-03T16:37:16.356+0000] {dagbag.py:538} INFO - Filling up the DagBag from /opt/airflow/dags/dit_uq_stage3.py
[2025-08-03T16:37:16.367+0000] {processor.py:840} INFO - DAG(s) 'dit_uq_stage3' retrieved from /opt/airflow/dags/dit_uq_stage3.py
[2025-08-03T16:37:16.373+0000] {logging_mixin.py:188} INFO - [2025-08-03T16:37:16.373+0000] {dag.py:3036} INFO - Sync 1 DAGs
[2025-08-03T16:37:16.377+0000] {logging_mixin.py:188} INFO - [2025-08-03T16:37:16.377+0000] {dag.py:3823} INFO - Setting next_dagrun for dit_uq_stage3 to None, run_after=None
[2025-08-03T16:37:16.383+0000] {processor.py:183} INFO - Processing /opt/airflow/dags/dit_uq_stage3.py took 0.030 seconds
[2025-08-03T16:37:47.079+0000] {processor.py:161} INFO - Started process (PID=665) to work on /opt/airflow/dags/dit_uq_stage3.py
[2025-08-03T16:37:47.080+0000] {processor.py:830} INFO - Processing file /opt/airflow/dags/dit_uq_stage3.py for tasks to queue
[2025-08-03T16:37:47.081+0000] {logging_mixin.py:188} INFO - [2025-08-03T16:37:47.081+0000] {dagbag.py:538} INFO - Filling up the DagBag from /opt/airflow/dags/dit_uq_stage3.py
[2025-08-03T16:37:47.093+0000] {processor.py:840} INFO - DAG(s) 'dit_uq_stage3' retrieved from /opt/airflow/dags/dit_uq_stage3.py
[2025-08-03T16:37:47.099+0000] {logging_mixin.py:188} INFO - [2025-08-03T16:37:47.098+0000] {dag.py:3036} INFO - Sync 1 DAGs
[2025-08-03T16:37:47.103+0000] {logging_mixin.py:188} INFO - [2025-08-03T16:37:47.103+0000] {dag.py:3823} INFO - Setting next_dagrun for dit_uq_stage3 to None, run_after=None
[2025-08-03T16:37:47.110+0000] {processor.py:183} INFO - Processing /opt/airflow/dags/dit_uq_stage3.py took 0.032 seconds
[2025-08-03T16:38:17.264+0000] {processor.py:161} INFO - Started process (PID=715) to work on /opt/airflow/dags/dit_uq_stage3.py
[2025-08-03T16:38:17.264+0000] {processor.py:830} INFO - Processing file /opt/airflow/dags/dit_uq_stage3.py for tasks to queue
[2025-08-03T16:38:17.265+0000] {logging_mixin.py:188} INFO - [2025-08-03T16:38:17.265+0000] {dagbag.py:538} INFO - Filling up the DagBag from /opt/airflow/dags/dit_uq_stage3.py
[2025-08-03T16:38:17.286+0000] {processor.py:840} INFO - DAG(s) 'dit_uq_stage3' retrieved from /opt/airflow/dags/dit_uq_stage3.py
[2025-08-03T16:38:17.296+0000] {logging_mixin.py:188} INFO - [2025-08-03T16:38:17.296+0000] {dag.py:3036} INFO - Sync 1 DAGs
[2025-08-03T16:38:17.310+0000] {logging_mixin.py:188} INFO - [2025-08-03T16:38:17.309+0000] {dag.py:3823} INFO - Setting next_dagrun for dit_uq_stage3 to None, run_after=None
[2025-08-03T16:38:17.329+0000] {processor.py:183} INFO - Processing /opt/airflow/dags/dit_uq_stage3.py took 0.068 seconds
[2025-08-03T16:38:47.446+0000] {processor.py:161} INFO - Started process (PID=759) to work on /opt/airflow/dags/dit_uq_stage3.py
[2025-08-03T16:38:47.448+0000] {processor.py:830} INFO - Processing file /opt/airflow/dags/dit_uq_stage3.py for tasks to queue
[2025-08-03T16:38:47.450+0000] {logging_mixin.py:188} INFO - [2025-08-03T16:38:47.450+0000] {dagbag.py:538} INFO - Filling up the DagBag from /opt/airflow/dags/dit_uq_stage3.py
[2025-08-03T16:38:47.483+0000] {processor.py:840} INFO - DAG(s) 'dit_uq_stage3' retrieved from /opt/airflow/dags/dit_uq_stage3.py
[2025-08-03T16:38:47.492+0000] {logging_mixin.py:188} INFO - [2025-08-03T16:38:47.492+0000] {dag.py:3036} INFO - Sync 1 DAGs
[2025-08-03T16:38:47.500+0000] {logging_mixin.py:188} INFO - [2025-08-03T16:38:47.500+0000] {dag.py:3823} INFO - Setting next_dagrun for dit_uq_stage3 to None, run_after=None
[2025-08-03T16:38:47.524+0000] {processor.py:183} INFO - Processing /opt/airflow/dags/dit_uq_stage3.py took 0.081 seconds
[2025-08-03T16:39:17.828+0000] {processor.py:161} INFO - Started process (PID=823) to work on /opt/airflow/dags/dit_uq_stage3.py
[2025-08-03T16:39:17.830+0000] {processor.py:830} INFO - Processing file /opt/airflow/dags/dit_uq_stage3.py for tasks to queue
[2025-08-03T16:39:17.833+0000] {logging_mixin.py:188} INFO - [2025-08-03T16:39:17.832+0000] {dagbag.py:538} INFO - Filling up the DagBag from /opt/airflow/dags/dit_uq_stage3.py
[2025-08-03T16:39:17.865+0000] {processor.py:840} INFO - DAG(s) 'dit_uq_stage3' retrieved from /opt/airflow/dags/dit_uq_stage3.py
[2025-08-03T16:39:17.875+0000] {logging_mixin.py:188} INFO - [2025-08-03T16:39:17.875+0000] {dag.py:3036} INFO - Sync 1 DAGs
[2025-08-03T16:39:17.884+0000] {logging_mixin.py:188} INFO - [2025-08-03T16:39:17.884+0000] {dag.py:3823} INFO - Setting next_dagrun for dit_uq_stage3 to None, run_after=None
[2025-08-03T16:39:17.895+0000] {processor.py:183} INFO - Processing /opt/airflow/dags/dit_uq_stage3.py took 0.071 seconds
